# JRE version: OpenJDK Runtime Environment Temurin-21.0.9+10 (21.0.9+10) (build 21.0.9+10-LTS)
# Java VM: OpenJDK 64-Bit Server VM Temurin-21.0.9+10 (21.0.9+10-LTS, mixed mode, sharing, tiered, compressed oops, compressed class ptrs, parallel gc, windows-amd64)
GC Precious Log:
 CardTable entry size: 512
 CPUs: 12 total, 12 available
 Memory: 7863M
 Large Page Support: Disabled
 NUMA Support: Disabled
 Compressed Oops: Enabled (32-bit)
 Alignments: Space 512K, Generation 512K, Heap 2M
 Heap Min Capacity: 100M
 Heap Initial Capacity: 100M
 Heap Max Capacity: 2G
 Pre-touch: Disabled
 Parallel Workers: 10
Heap:
 PSYoungGen      total 23552K, used 5667K [0x00000000d5580000, 0x00000000d7400000, 0x0000000100000000)
  eden space 22016K, 19% used [0x00000000d5580000,0x00000000d59a0cf0,0x00000000d6b00000)
  from space 1536K, 93% used [0x00000000d6d00000,0x00000000d6e68000,0x00000000d6e80000)
  to   space 3072K, 0% used [0x00000000d7100000,0x00000000d7100000,0x00000000d7400000)
 ParOldGen       total 68608K, used 34787K [0x0000000080000000, 0x0000000084300000, 0x00000000d5580000)
  object space 68608K, 50% used [0x0000000080000000,0x00000000821f8d70,0x0000000084300000)
 Metaspace       used 46791K, committed 48064K, reserved 1114112K
  class space    used 5117K, committed 5632K, reserved 1048576K
GC Heap History (20 events):
Event: 83.769 GC heap before
{Heap before GC invocations=12 (full 1):
 PSYoungGen      total 25088K, used 25068K [0x00000000d5580000, 0x00000000d7480000, 0x0000000100000000)
  eden space 23040K, 100% used [0x00000000d5580000,0x00000000d6c00000,0x00000000d6c00000)
  from space 2048K, 99% used [0x00000000d7280000,0x00000000d747b3a8,0x00000000d7480000)
  to   space 4096K, 0% used [0x00000000d6c80000,0x00000000d6c80000,0x00000000d7080000)
 ParOldGen       total 68608K, used 15515K [0x0000000080000000, 0x0000000084300000, 0x00000000d5580000)
  object space 68608K, 22% used [0x0000000080000000,0x0000000080f26e18,0x0000000084300000)
 Metaspace       used 31218K, committed 32256K, reserved 1114112K
  class space    used 3133K, committed 3584K, reserved 1048576K
}
Event: 83.773 GC heap after
{Heap after GC invocations=12 (full 1):
 PSYoungGen      total 26624K, used 1601K [0x00000000d5580000, 0x00000000d7300000, 0x0000000100000000)
  eden space 22528K, 0% used [0x00000000d5580000,0x00000000d5580000,0x00000000d6b80000)
  from space 4096K, 39% used [0x00000000d6c80000,0x00000000d6e10620,0x00000000d7080000)
  to   space 2560K, 0% used [0x00000000d7080000,0x00000000d7080000,0x00000000d7300000)
 ParOldGen       total 68608K, used 17269K [0x0000000080000000, 0x0000000084300000, 0x00000000d5580000)
  object space 68608K, 25% used [0x0000000080000000,0x00000000810dd400,0x0000000084300000)
 Metaspace       used 31218K, committed 32256K, reserved 1114112K
  class space    used 3133K, committed 3584K, reserved 1048576K
}
Event: 84.036 GC heap before
{Heap before GC invocations=13 (full 1):
 PSYoungGen      total 26624K, used 24129K [0x00000000d5580000, 0x00000000d7300000, 0x0000000100000000)
  eden space 22528K, 100% used [0x00000000d5580000,0x00000000d6b80000,0x00000000d6b80000)
  from space 4096K, 39% used [0x00000000d6c80000,0x00000000d6e10620,0x00000000d7080000)
  to   space 2560K, 0% used [0x00000000d7080000,0x00000000d7080000,0x00000000d7300000)
 ParOldGen       total 68608K, used 17340K [0x0000000080000000, 0x0000000084300000, 0x00000000d5580000)
  object space 68608K, 25% used [0x0000000080000000,0x00000000810ef020,0x0000000084300000)
 Metaspace       used 34133K, committed 35200K, reserved 1114112K
  class space    used 3505K, committed 3968K, reserved 1048576K
}
Event: 84.040 GC heap after
{Heap after GC invocations=13 (full 1):
 PSYoungGen      total 24576K, used 1604K [0x00000000d5580000, 0x00000000d7280000, 0x0000000100000000)
  eden space 22528K, 0% used [0x00000000d5580000,0x00000000d5580000,0x00000000d6b80000)
  from space 2048K, 78% used [0x00000000d7080000,0x00000000d7211018,0x00000000d7280000)
  to   space 2048K, 0% used [0x00000000d6e80000,0x00000000d6e80000,0x00000000d7080000)
 ParOldGen       total 68608K, used 18730K [0x0000000080000000, 0x0000000084300000, 0x00000000d5580000)
  object space 68608K, 27% used [0x0000000080000000,0x000000008124a820,0x0000000084300000)
 Metaspace       used 34133K, committed 35200K, reserved 1114112K
  class space    used 3505K, committed 3968K, reserved 1048576K
}
Event: 84.093 GC heap before
{Heap before GC invocations=14 (full 1):
 PSYoungGen      total 24576K, used 6956K [0x00000000d5580000, 0x00000000d7280000, 0x0000000100000000)
  eden space 22528K, 23% used [0x00000000d5580000,0x00000000d5aba0f8,0x00000000d6b80000)
  from space 2048K, 78% used [0x00000000d7080000,0x00000000d7211018,0x00000000d7280000)
  to   space 2048K, 0% used [0x00000000d6e80000,0x00000000d6e80000,0x00000000d7080000)
 ParOldGen       total 68608K, used 18730K [0x0000000080000000, 0x0000000084300000, 0x00000000d5580000)
  object space 68608K, 27% used [0x0000000080000000,0x000000008124a820,0x0000000084300000)
 Metaspace       used 34767K, committed 35840K, reserved 1114112K
  class space    used 3588K, committed 4032K, reserved 1048576K
}
Event: 84.095 GC heap after
{Heap after GC invocations=14 (full 1):
 PSYoungGen      total 23040K, used 416K [0x00000000d5580000, 0x00000000d7100000, 0x0000000100000000)
  eden space 22528K, 0% used [0x00000000d5580000,0x00000000d5580000,0x00000000d6b80000)
  from space 512K, 81% used [0x00000000d6e80000,0x00000000d6ee8000,0x00000000d6f00000)
  to   space 1024K, 0% used [0x00000000d7000000,0x00000000d7000000,0x00000000d7100000)
 ParOldGen       total 68608K, used 20050K [0x0000000080000000, 0x0000000084300000, 0x00000000d5580000)
  object space 68608K, 29% used [0x0000000080000000,0x0000000081394b60,0x0000000084300000)
 Metaspace       used 34767K, committed 35840K, reserved 1114112K
  class space    used 3588K, committed 4032K, reserved 1048576K
}
Event: 84.095 GC heap before
{Heap before GC invocations=15 (full 2):
 PSYoungGen      total 23040K, used 416K [0x00000000d5580000, 0x00000000d7100000, 0x0000000100000000)
  eden space 22528K, 0% used [0x00000000d5580000,0x00000000d5580000,0x00000000d6b80000)
  from space 512K, 81% used [0x00000000d6e80000,0x00000000d6ee8000,0x00000000d6f00000)
  to   space 1024K, 0% used [0x00000000d7000000,0x00000000d7000000,0x00000000d7100000)
 ParOldGen       total 68608K, used 20050K [0x0000000080000000, 0x0000000084300000, 0x00000000d5580000)
  object space 68608K, 29% used [0x0000000080000000,0x0000000081394b60,0x0000000084300000)
 Metaspace       used 34767K, committed 35840K, reserved 1114112K
  class space    used 3588K, committed 4032K, reserved 1048576K
}
Event: 84.142 GC heap after
{Heap after GC invocations=15 (full 2):
 PSYoungGen      total 23040K, used 0K [0x00000000d5580000, 0x00000000d7100000, 0x0000000100000000)
  eden space 22528K, 0% used [0x00000000d5580000,0x00000000d5580000,0x00000000d6b80000)
  from space 512K, 0% used [0x00000000d6e80000,0x00000000d6e80000,0x00000000d6f00000)
  to   space 1024K, 0% used [0x00000000d7000000,0x00000000d7000000,0x00000000d7100000)
 ParOldGen       total 68608K, used 19312K [0x0000000080000000, 0x0000000084300000, 0x00000000d5580000)
  object space 68608K, 28% used [0x0000000080000000,0x00000000812dc198,0x0000000084300000)
 Metaspace       used 34767K, committed 35840K, reserved 1114112K
  class space    used 3588K, committed 4032K, reserved 1048576K
}
Event: 84.478 GC heap before
{Heap before GC invocations=16 (full 2):
 PSYoungGen      total 23040K, used 22528K [0x00000000d5580000, 0x00000000d7100000, 0x0000000100000000)
  eden space 22528K, 100% used [0x00000000d5580000,0x00000000d6b80000,0x00000000d6b80000)
  from space 512K, 0% used [0x00000000d6e80000,0x00000000d6e80000,0x00000000d6f00000)
  to   space 1024K, 0% used [0x00000000d7000000,0x00000000d7000000,0x00000000d7100000)
 ParOldGen       total 68608K, used 19324K [0x0000000080000000, 0x0000000084300000, 0x00000000d5580000)
  object space 68608K, 28% used [0x0000000080000000,0x00000000812df268,0x0000000084300000)
 Metaspace       used 36409K, committed 37632K, reserved 1114112K
  class space    used 3830K, committed 4416K, reserved 1048576K
}
Event: 84.481 GC heap after
{Heap after GC invocations=16 (full 2):
 PSYoungGen      total 23040K, used 1021K [0x00000000d5580000, 0x00000000d7100000, 0x0000000100000000)
  eden space 22016K, 0% used [0x00000000d5580000,0x00000000d5580000,0x00000000d6b00000)
  from space 1024K, 99% used [0x00000000d7000000,0x00000000d70ff600,0x00000000d7100000)
  to   space 2560K, 0% used [0x00000000d6c00000,0x00000000d6c00000,0x00000000d6e80000)
 ParOldGen       total 68608K, used 20508K [0x0000000080000000, 0x0000000084300000, 0x00000000d5580000)
  object space 68608K, 29% used [0x0000000080000000,0x0000000081407278,0x0000000084300000)
 Metaspace       used 36409K, committed 37632K, reserved 1114112K
  class space    used 3830K, committed 4416K, reserved 1048576K
}
Event: 84.806 GC heap before
{Heap before GC invocations=17 (full 2):
 PSYoungGen      total 23040K, used 23037K [0x00000000d5580000, 0x00000000d7100000, 0x0000000100000000)
  eden space 22016K, 100% used [0x00000000d5580000,0x00000000d6b00000,0x00000000d6b00000)
  from space 1024K, 99% used [0x00000000d7000000,0x00000000d70ff600,0x00000000d7100000)
  to   space 2560K, 0% used [0x00000000d6c00000,0x00000000d6c00000,0x00000000d6e80000)
 ParOldGen       total 68608K, used 20508K [0x0000000080000000, 0x0000000084300000, 0x00000000d5580000)
  object space 68608K, 29% used [0x0000000080000000,0x0000000081407278,0x0000000084300000)
 Metaspace       used 38296K, committed 39552K, reserved 1114112K
  class space    used 4062K, committed 4608K, reserved 1048576K
}
Event: 84.809 GC heap after
{Heap after GC invocations=17 (full 2):
 PSYoungGen      total 24576K, used 1320K [0x00000000d5580000, 0x00000000d7080000, 0x0000000100000000)
  eden space 22016K, 0% used [0x00000000d5580000,0x00000000d5580000,0x00000000d6b00000)
  from space 2560K, 51% used [0x00000000d6c00000,0x00000000d6d4a348,0x00000000d6e80000)
  to   space 2048K, 0% used [0x00000000d6e80000,0x00000000d6e80000,0x00000000d7080000)
 ParOldGen       total 68608K, used 21452K [0x0000000080000000, 0x0000000084300000, 0x00000000d5580000)
  object space 68608K, 31% used [0x0000000080000000,0x00000000814f32a8,0x0000000084300000)
 Metaspace       used 38296K, committed 39552K, reserved 1114112K
  class space    used 4062K, committed 4608K, reserved 1048576K
}
Event: 85.167 GC heap before
{Heap before GC invocations=18 (full 2):
 PSYoungGen      total 24576K, used 23336K [0x00000000d5580000, 0x00000000d7080000, 0x0000000100000000)
  eden space 22016K, 100% used [0x00000000d5580000,0x00000000d6b00000,0x00000000d6b00000)
  from space 2560K, 51% used [0x00000000d6c00000,0x00000000d6d4a348,0x00000000d6e80000)
  to   space 2048K, 0% used [0x00000000d6e80000,0x00000000d6e80000,0x00000000d7080000)
 ParOldGen       total 68608K, used 21452K [0x0000000080000000, 0x0000000084300000, 0x00000000d5580000)
  object space 68608K, 31% used [0x0000000080000000,0x00000000814f32a8,0x0000000084300000)
 Metaspace       used 40146K, committed 41408K, reserved 1114112K
  class space    used 4270K, committed 4800K, reserved 1048576K
}
Event: 85.170 GC heap after
{Heap after GC invocations=18 (full 2):
 PSYoungGen      total 23552K, used 1248K [0x00000000d5580000, 0x00000000d7000000, 0x0000000100000000)
  eden space 22016K, 0% used [0x00000000d5580000,0x00000000d5580000,0x00000000d6b00000)
  from space 1536K, 81% used [0x00000000d6e80000,0x00000000d6fb8000,0x00000000d7000000)
  to   space 1536K, 0% used [0x00000000d6d00000,0x00000000d6d00000,0x00000000d6e80000)
 ParOldGen       total 68608K, used 22364K [0x0000000080000000, 0x0000000084300000, 0x00000000d5580000)
  object space 68608K, 32% used [0x0000000080000000,0x00000000815d72b8,0x0000000084300000)
 Metaspace       used 40146K, committed 41408K, reserved 1114112K
  class space    used 4270K, committed 4800K, reserved 1048576K
}
Event: 85.663 GC heap before
{Heap before GC invocations=19 (full 2):
 PSYoungGen      total 23552K, used 23264K [0x00000000d5580000, 0x00000000d7000000, 0x0000000100000000)
  eden space 22016K, 100% used [0x00000000d5580000,0x00000000d6b00000,0x00000000d6b00000)
  from space 1536K, 81% used [0x00000000d6e80000,0x00000000d6fb8000,0x00000000d7000000)
  to   space 1536K, 0% used [0x00000000d6d00000,0x00000000d6d00000,0x00000000d6e80000)
 ParOldGen       total 68608K, used 22364K [0x0000000080000000, 0x0000000084300000, 0x00000000d5580000)
  object space 68608K, 32% used [0x0000000080000000,0x00000000815d72b8,0x0000000084300000)
 Metaspace       used 41862K, committed 43136K, reserved 1114112K
  class space    used 4491K, committed 5056K, reserved 1048576K
}
Event: 85.671 GC heap after
{Heap after GC invocations=19 (full 2):
 PSYoungGen      total 23552K, used 1536K [0x00000000d5580000, 0x00000000d7c00000, 0x0000000100000000)
  eden space 22016K, 0% used [0x00000000d5580000,0x00000000d5580000,0x00000000d6b00000)
  from space 1536K, 100% used [0x00000000d6d00000,0x00000000d6e80000,0x00000000d6e80000)
  to   space 8704K, 0% used [0x00000000d7380000,0x00000000d7380000,0x00000000d7c00000)
 ParOldGen       total 68608K, used 28091K [0x0000000080000000, 0x0000000084300000, 0x00000000d5580000)
  object space 68608K, 40% used [0x0000000080000000,0x0000000081b6edf0,0x0000000084300000)
 Metaspace       used 41862K, committed 43136K, reserved 1114112K
  class space    used 4491K, committed 5056K, reserved 1048576K
}
Event: 86.141 GC heap before
{Heap before GC invocations=20 (full 2):
 PSYoungGen      total 23552K, used 23552K [0x00000000d5580000, 0x00000000d7c00000, 0x0000000100000000)
  eden space 22016K, 100% used [0x00000000d5580000,0x00000000d6b00000,0x00000000d6b00000)
  from space 1536K, 100% used [0x00000000d6d00000,0x00000000d6e80000,0x00000000d6e80000)
  to   space 8704K, 0% used [0x00000000d7380000,0x00000000d7380000,0x00000000d7c00000)
 ParOldGen       total 68608K, used 28091K [0x0000000080000000, 0x0000000084300000, 0x00000000d5580000)
  object space 68608K, 40% used [0x0000000080000000,0x0000000081b6edf0,0x0000000084300000)
 Metaspace       used 43907K, committed 45184K, reserved 1114112K
  class space    used 4770K, committed 5312K, reserved 1048576K
}
Event: 86.146 GC heap after
{Heap after GC invocations=20 (full 2):
 PSYoungGen      total 27648K, used 5393K [0x00000000d5580000, 0x00000000d7900000, 0x0000000100000000)
  eden space 22016K, 0% used [0x00000000d5580000,0x00000000d5580000,0x00000000d6b00000)
  from space 5632K, 95% used [0x00000000d7380000,0x00000000d78c46a0,0x00000000d7900000)
  to   space 6144K, 0% used [0x00000000d6d00000,0x00000000d6d00000,0x00000000d7300000)
 ParOldGen       total 68608K, used 29560K [0x0000000080000000, 0x0000000084300000, 0x00000000d5580000)
  object space 68608K, 43% used [0x0000000080000000,0x0000000081cde150,0x0000000084300000)
 Metaspace       used 43907K, committed 45184K, reserved 1114112K
  class space    used 4770K, committed 5312K, reserved 1048576K
}
Event: 86.663 GC heap before
{Heap before GC invocations=21 (full 2):
 PSYoungGen      total 27648K, used 27409K [0x00000000d5580000, 0x00000000d7900000, 0x0000000100000000)
  eden space 22016K, 100% used [0x00000000d5580000,0x00000000d6b00000,0x00000000d6b00000)
  from space 5632K, 95% used [0x00000000d7380000,0x00000000d78c46a0,0x00000000d7900000)
  to   space 6144K, 0% used [0x00000000d6d00000,0x00000000d6d00000,0x00000000d7300000)
 ParOldGen       total 68608K, used 29560K [0x0000000080000000, 0x0000000084300000, 0x00000000d5580000)
  object space 68608K, 43% used [0x0000000080000000,0x0000000081cde150,0x0000000084300000)
 Metaspace       used 46249K, committed 47488K, reserved 1114112K
  class space    used 5069K, committed 5632K, reserved 1048576K
}
Event: 86.671 GC heap after
{Heap after GC invocations=21 (full 2):
 PSYoungGen      total 23552K, used 1440K [0x00000000d5580000, 0x00000000d7400000, 0x0000000100000000)
  eden space 22016K, 0% used [0x00000000d5580000,0x00000000d5580000,0x00000000d6b00000)
  from space 1536K, 93% used [0x00000000d6d00000,0x00000000d6e68000,0x00000000d6e80000)
  to   space 3072K, 0% used [0x00000000d7100000,0x00000000d7100000,0x00000000d7400000)
 ParOldGen       total 68608K, used 34787K [0x0000000080000000, 0x0000000084300000, 0x00000000d5580000)
  object space 68608K, 50% used [0x0000000080000000,0x00000000821f8d70,0x0000000084300000)
 Metaspace       used 46249K, committed 47488K, reserved 1114112K
  class space    used 5069K, committed 5632K, reserved 1048576K
}

