# JRE version: OpenJDK Runtime Environment Temurin-21.0.9+10 (21.0.9+10) (build 21.0.9+10-LTS)
# Java VM: OpenJDK 64-Bit Server VM Temurin-21.0.9+10 (21.0.9+10-LTS, mixed mode, sharing, tiered, compressed oops, compressed class ptrs, parallel gc, windows-amd64)
GC Precious Log:
 CardTable entry size: 512
 CPUs: 12 total, 12 available
 Memory: 7863M
 Large Page Support: Disabled
 NUMA Support: Disabled
 Compressed Oops: Enabled (32-bit)
 Alignments: Space 512K, Generation 512K, Heap 2M
 Heap Min Capacity: 100M
 Heap Initial Capacity: 100M
 Heap Max Capacity: 2G
 Pre-touch: Disabled
 Parallel Workers: 10
Heap:
 PSYoungGen      total 16896K, used 6648K [0x00000000d5580000, 0x00000000d6900000, 0x0000000100000000)
  eden space 15360K, 34% used [0x00000000d5580000,0x00000000d5abe170,0x00000000d6480000)
  from space 1536K, 83% used [0x00000000d6780000,0x00000000d68c0020,0x00000000d6900000)
  to   space 1536K, 0% used [0x00000000d6600000,0x00000000d6600000,0x00000000d6780000)
 ParOldGen       total 68608K, used 55077K [0x0000000080000000, 0x0000000084300000, 0x00000000d5580000)
  object space 68608K, 80% used [0x0000000080000000,0x00000000835c95b0,0x0000000084300000)
 Metaspace       used 51746K, committed 53056K, reserved 1114112K
  class space    used 5544K, committed 6080K, reserved 1048576K
GC Heap History (20 events):
Event: 50.119 GC heap before
{Heap before GC invocations=28 (full 2):
 PSYoungGen      total 17920K, used 17794K [0x00000000d5580000, 0x00000000d6900000, 0x0000000100000000)
  eden space 15872K, 100% used [0x00000000d5580000,0x00000000d6500000,0x00000000d6500000)
  from space 2048K, 93% used [0x00000000d6680000,0x00000000d6860800,0x00000000d6880000)
  to   space 512K, 0% used [0x00000000d6880000,0x00000000d6880000,0x00000000d6900000)
 ParOldGen       total 68608K, used 38819K [0x0000000080000000, 0x0000000084300000, 0x00000000d5580000)
  object space 68608K, 56% used [0x0000000080000000,0x00000000825e8e70,0x0000000084300000)
 Metaspace       used 49625K, committed 50880K, reserved 1114112K
  class space    used 5369K, committed 5888K, reserved 1048576K
}
Event: 50.127 GC heap after
{Heap after GC invocations=28 (full 2):
 PSYoungGen      total 15872K, used 512K [0x00000000d5580000, 0x00000000d6d00000, 0x0000000100000000)
  eden space 15360K, 0% used [0x00000000d5580000,0x00000000d5580000,0x00000000d6480000)
  from space 512K, 100% used [0x00000000d6880000,0x00000000d6900000,0x00000000d6900000)
  to   space 4096K, 0% used [0x00000000d6480000,0x00000000d6480000,0x00000000d6880000)
 ParOldGen       total 68608K, used 41726K [0x0000000080000000, 0x0000000084300000, 0x00000000d5580000)
  object space 68608K, 60% used [0x0000000080000000,0x00000000828bf820,0x0000000084300000)
 Metaspace       used 49625K, committed 50880K, reserved 1114112K
  class space    used 5369K, committed 5888K, reserved 1048576K
}
Event: 50.682 GC heap before
{Heap before GC invocations=29 (full 2):
 PSYoungGen      total 15872K, used 15872K [0x00000000d5580000, 0x00000000d6d00000, 0x0000000100000000)
  eden space 15360K, 100% used [0x00000000d5580000,0x00000000d6480000,0x00000000d6480000)
  from space 512K, 100% used [0x00000000d6880000,0x00000000d6900000,0x00000000d6900000)
  to   space 4096K, 0% used [0x00000000d6480000,0x00000000d6480000,0x00000000d6880000)
 ParOldGen       total 68608K, used 41726K [0x0000000080000000, 0x0000000084300000, 0x00000000d5580000)
  object space 68608K, 60% used [0x0000000080000000,0x00000000828bf820,0x0000000084300000)
 Metaspace       used 49640K, committed 50880K, reserved 1114112K
  class space    used 5369K, committed 5888K, reserved 1048576K
}
Event: 50.688 GC heap after
{Heap after GC invocations=29 (full 2):
 PSYoungGen      total 17408K, used 1888K [0x00000000d5580000, 0x00000000d6980000, 0x0000000100000000)
  eden space 15360K, 0% used [0x00000000d5580000,0x00000000d5580000,0x00000000d6480000)
  from space 2048K, 92% used [0x00000000d6480000,0x00000000d6658010,0x00000000d6680000)
  to   space 2560K, 0% used [0x00000000d6700000,0x00000000d6700000,0x00000000d6980000)
 ParOldGen       total 68608K, used 42290K [0x0000000080000000, 0x0000000084300000, 0x00000000d5580000)
  object space 68608K, 61% used [0x0000000080000000,0x000000008294c920,0x0000000084300000)
 Metaspace       used 49640K, committed 50880K, reserved 1114112K
  class space    used 5369K, committed 5888K, reserved 1048576K
}
Event: 51.054 GC heap before
{Heap before GC invocations=30 (full 2):
 PSYoungGen      total 17408K, used 17248K [0x00000000d5580000, 0x00000000d6980000, 0x0000000100000000)
  eden space 15360K, 100% used [0x00000000d5580000,0x00000000d6480000,0x00000000d6480000)
  from space 2048K, 92% used [0x00000000d6480000,0x00000000d6658010,0x00000000d6680000)
  to   space 2560K, 0% used [0x00000000d6700000,0x00000000d6700000,0x00000000d6980000)
 ParOldGen       total 68608K, used 42290K [0x0000000080000000, 0x0000000084300000, 0x00000000d5580000)
  object space 68608K, 61% used [0x0000000080000000,0x000000008294c920,0x0000000084300000)
 Metaspace       used 49662K, committed 50944K, reserved 1114112K
  class space    used 5369K, committed 5888K, reserved 1048576K
}
Event: 51.064 GC heap after
{Heap after GC invocations=30 (full 2):
 PSYoungGen      total 17408K, used 1560K [0x00000000d5580000, 0x00000000d6900000, 0x0000000100000000)
  eden space 15360K, 0% used [0x00000000d5580000,0x00000000d5580000,0x00000000d6480000)
  from space 2048K, 76% used [0x00000000d6700000,0x00000000d6886200,0x00000000d6900000)
  to   space 2048K, 0% used [0x00000000d6480000,0x00000000d6480000,0x00000000d6680000)
 ParOldGen       total 68608K, used 44066K [0x0000000080000000, 0x0000000084300000, 0x00000000d5580000)
  object space 68608K, 64% used [0x0000000080000000,0x0000000082b08930,0x0000000084300000)
 Metaspace       used 49662K, committed 50944K, reserved 1114112K
  class space    used 5369K, committed 5888K, reserved 1048576K
}
Event: 51.719 GC heap before
{Heap before GC invocations=31 (full 2):
 PSYoungGen      total 17408K, used 16920K [0x00000000d5580000, 0x00000000d6900000, 0x0000000100000000)
  eden space 15360K, 100% used [0x00000000d5580000,0x00000000d6480000,0x00000000d6480000)
  from space 2048K, 76% used [0x00000000d6700000,0x00000000d6886200,0x00000000d6900000)
  to   space 2048K, 0% used [0x00000000d6480000,0x00000000d6480000,0x00000000d6680000)
 ParOldGen       total 68608K, used 44066K [0x0000000080000000, 0x0000000084300000, 0x00000000d5580000)
  object space 68608K, 64% used [0x0000000080000000,0x0000000082b08930,0x0000000084300000)
 Metaspace       used 50470K, committed 51712K, reserved 1114112K
  class space    used 5460K, committed 5952K, reserved 1048576K
}
Event: 51.727 GC heap after
{Heap after GC invocations=31 (full 2):
 PSYoungGen      total 17408K, used 1888K [0x00000000d5580000, 0x00000000d6880000, 0x0000000100000000)
  eden space 15360K, 0% used [0x00000000d5580000,0x00000000d5580000,0x00000000d6480000)
  from space 2048K, 92% used [0x00000000d6480000,0x00000000d6658000,0x00000000d6680000)
  to   space 2048K, 0% used [0x00000000d6680000,0x00000000d6680000,0x00000000d6880000)
 ParOldGen       total 68608K, used 45546K [0x0000000080000000, 0x0000000084300000, 0x00000000d5580000)
  object space 68608K, 66% used [0x0000000080000000,0x0000000082c7ab30,0x0000000084300000)
 Metaspace       used 50470K, committed 51712K, reserved 1114112K
  class space    used 5460K, committed 5952K, reserved 1048576K
}
Event: 54.449 GC heap before
{Heap before GC invocations=32 (full 2):
 PSYoungGen      total 17408K, used 17248K [0x00000000d5580000, 0x00000000d6880000, 0x0000000100000000)
  eden space 15360K, 100% used [0x00000000d5580000,0x00000000d6480000,0x00000000d6480000)
  from space 2048K, 92% used [0x00000000d6480000,0x00000000d6658000,0x00000000d6680000)
  to   space 2048K, 0% used [0x00000000d6680000,0x00000000d6680000,0x00000000d6880000)
 ParOldGen       total 68608K, used 45546K [0x0000000080000000, 0x0000000084300000, 0x00000000d5580000)
  object space 68608K, 66% used [0x0000000080000000,0x0000000082c7ab30,0x0000000084300000)
 Metaspace       used 50958K, committed 52224K, reserved 1114112K
  class space    used 5492K, committed 6016K, reserved 1048576K
}
Event: 54.459 GC heap after
{Heap after GC invocations=32 (full 2):
 PSYoungGen      total 17408K, used 1776K [0x00000000d5580000, 0x00000000d6880000, 0x0000000100000000)
  eden space 15360K, 0% used [0x00000000d5580000,0x00000000d5580000,0x00000000d6480000)
  from space 2048K, 86% used [0x00000000d6680000,0x00000000d683c010,0x00000000d6880000)
  to   space 2048K, 0% used [0x00000000d6480000,0x00000000d6480000,0x00000000d6680000)
 ParOldGen       total 68608K, used 47235K [0x0000000080000000, 0x0000000084300000, 0x00000000d5580000)
  object space 68608K, 68% used [0x0000000080000000,0x0000000082e20ed8,0x0000000084300000)
 Metaspace       used 50958K, committed 52224K, reserved 1114112K
  class space    used 5492K, committed 6016K, reserved 1048576K
}
Event: 58.284 GC heap before
{Heap before GC invocations=33 (full 2):
 PSYoungGen      total 17408K, used 17136K [0x00000000d5580000, 0x00000000d6880000, 0x0000000100000000)
  eden space 15360K, 100% used [0x00000000d5580000,0x00000000d6480000,0x00000000d6480000)
  from space 2048K, 86% used [0x00000000d6680000,0x00000000d683c010,0x00000000d6880000)
  to   space 2048K, 0% used [0x00000000d6480000,0x00000000d6480000,0x00000000d6680000)
 ParOldGen       total 68608K, used 47235K [0x0000000080000000, 0x0000000084300000, 0x00000000d5580000)
  object space 68608K, 68% used [0x0000000080000000,0x0000000082e20ed8,0x0000000084300000)
 Metaspace       used 51133K, committed 52416K, reserved 1114112K
  class space    used 5493K, committed 6016K, reserved 1048576K
}
Event: 58.289 GC heap after
{Heap after GC invocations=33 (full 2):
 PSYoungGen      total 17408K, used 1504K [0x00000000d5580000, 0x00000000d6880000, 0x0000000100000000)
  eden space 15360K, 0% used [0x00000000d5580000,0x00000000d5580000,0x00000000d6480000)
  from space 2048K, 73% used [0x00000000d6480000,0x00000000d65f8000,0x00000000d6680000)
  to   space 2048K, 0% used [0x00000000d6680000,0x00000000d6680000,0x00000000d6880000)
 ParOldGen       total 68608K, used 48705K [0x0000000080000000, 0x0000000084300000, 0x00000000d5580000)
  object space 68608K, 70% used [0x0000000080000000,0x0000000082f905f0,0x0000000084300000)
 Metaspace       used 51133K, committed 52416K, reserved 1114112K
  class space    used 5493K, committed 6016K, reserved 1048576K
}
Event: 60.127 GC heap before
{Heap before GC invocations=34 (full 2):
 PSYoungGen      total 17408K, used 16864K [0x00000000d5580000, 0x00000000d6880000, 0x0000000100000000)
  eden space 15360K, 100% used [0x00000000d5580000,0x00000000d6480000,0x00000000d6480000)
  from space 2048K, 73% used [0x00000000d6480000,0x00000000d65f8000,0x00000000d6680000)
  to   space 2048K, 0% used [0x00000000d6680000,0x00000000d6680000,0x00000000d6880000)
 ParOldGen       total 68608K, used 48705K [0x0000000080000000, 0x0000000084300000, 0x00000000d5580000)
  object space 68608K, 70% used [0x0000000080000000,0x0000000082f905f0,0x0000000084300000)
 Metaspace       used 51256K, committed 52544K, reserved 1114112K
  class space    used 5495K, committed 6016K, reserved 1048576K
}
Event: 60.131 GC heap after
{Heap after GC invocations=34 (full 2):
 PSYoungGen      total 16896K, used 1216K [0x00000000d5580000, 0x00000000d6800000, 0x0000000100000000)
  eden space 15360K, 0% used [0x00000000d5580000,0x00000000d5580000,0x00000000d6480000)
  from space 1536K, 79% used [0x00000000d6680000,0x00000000d67b0000,0x00000000d6800000)
  to   space 1536K, 0% used [0x00000000d6500000,0x00000000d6500000,0x00000000d6680000)
 ParOldGen       total 68608K, used 49968K [0x0000000080000000, 0x0000000084300000, 0x00000000d5580000)
  object space 68608K, 72% used [0x0000000080000000,0x00000000830cc240,0x0000000084300000)
 Metaspace       used 51256K, committed 52544K, reserved 1114112K
  class space    used 5495K, committed 6016K, reserved 1048576K
}
Event: 61.816 GC heap before
{Heap before GC invocations=35 (full 2):
 PSYoungGen      total 16896K, used 16575K [0x00000000d5580000, 0x00000000d6800000, 0x0000000100000000)
  eden space 15360K, 99% used [0x00000000d5580000,0x00000000d647fc60,0x00000000d6480000)
  from space 1536K, 79% used [0x00000000d6680000,0x00000000d67b0000,0x00000000d6800000)
  to   space 1536K, 0% used [0x00000000d6500000,0x00000000d6500000,0x00000000d6680000)
 ParOldGen       total 68608K, used 49968K [0x0000000080000000, 0x0000000084300000, 0x00000000d5580000)
  object space 68608K, 72% used [0x0000000080000000,0x00000000830cc240,0x0000000084300000)
 Metaspace       used 51547K, committed 52864K, reserved 1114112K
  class space    used 5537K, committed 6080K, reserved 1048576K
}
Event: 62.812 GC heap after
{Heap after GC invocations=35 (full 2):
 PSYoungGen      total 16896K, used 1536K [0x00000000d5580000, 0x00000000d6c80000, 0x0000000100000000)
  eden space 15360K, 0% used [0x00000000d5580000,0x00000000d5580000,0x00000000d6480000)
  from space 1536K, 100% used [0x00000000d6500000,0x00000000d6680000,0x00000000d6680000)
  to   space 4096K, 0% used [0x00000000d6880000,0x00000000d6880000,0x00000000d6c80000)
 ParOldGen       total 68608K, used 51860K [0x0000000080000000, 0x0000000084300000, 0x00000000d5580000)
  object space 68608K, 75% used [0x0000000080000000,0x00000000832a5270,0x0000000084300000)
 Metaspace       used 51547K, committed 52864K, reserved 1114112K
  class space    used 5537K, committed 6080K, reserved 1048576K
}
Event: 63.898 GC heap before
{Heap before GC invocations=36 (full 2):
 PSYoungGen      total 16896K, used 16896K [0x00000000d5580000, 0x00000000d6c80000, 0x0000000100000000)
  eden space 15360K, 100% used [0x00000000d5580000,0x00000000d6480000,0x00000000d6480000)
  from space 1536K, 100% used [0x00000000d6500000,0x00000000d6680000,0x00000000d6680000)
  to   space 4096K, 0% used [0x00000000d6880000,0x00000000d6880000,0x00000000d6c80000)
 ParOldGen       total 68608K, used 51860K [0x0000000080000000, 0x0000000084300000, 0x00000000d5580000)
  object space 68608K, 75% used [0x0000000080000000,0x00000000832a5270,0x0000000084300000)
 Metaspace       used 51590K, committed 52928K, reserved 1114112K
  class space    used 5541K, committed 6080K, reserved 1048576K
}
Event: 63.904 GC heap after
{Heap after GC invocations=36 (full 2):
 PSYoungGen      total 17408K, used 1600K [0x00000000d5580000, 0x00000000d6a80000, 0x0000000100000000)
  eden space 15360K, 0% used [0x00000000d5580000,0x00000000d5580000,0x00000000d6480000)
  from space 2048K, 78% used [0x00000000d6880000,0x00000000d6a10000,0x00000000d6a80000)
  to   space 2560K, 0% used [0x00000000d6580000,0x00000000d6580000,0x00000000d6800000)
 ParOldGen       total 68608K, used 53165K [0x0000000080000000, 0x0000000084300000, 0x00000000d5580000)
  object space 68608K, 77% used [0x0000000080000000,0x00000000833eb6a8,0x0000000084300000)
 Metaspace       used 51590K, committed 52928K, reserved 1114112K
  class space    used 5541K, committed 6080K, reserved 1048576K
}
Event: 65.015 GC heap before
{Heap before GC invocations=37 (full 2):
 PSYoungGen      total 17408K, used 16960K [0x00000000d5580000, 0x00000000d6a80000, 0x0000000100000000)
  eden space 15360K, 100% used [0x00000000d5580000,0x00000000d6480000,0x00000000d6480000)
  from space 2048K, 78% used [0x00000000d6880000,0x00000000d6a10000,0x00000000d6a80000)
  to   space 2560K, 0% used [0x00000000d6580000,0x00000000d6580000,0x00000000d6800000)
 ParOldGen       total 68608K, used 53165K [0x0000000080000000, 0x0000000084300000, 0x00000000d5580000)
  object space 68608K, 77% used [0x0000000080000000,0x00000000833eb6a8,0x0000000084300000)
 Metaspace       used 51661K, committed 52992K, reserved 1114112K
  class space    used 5541K, committed 6080K, reserved 1048576K
}
Event: 65.017 GC heap after
{Heap after GC invocations=37 (full 2):
 PSYoungGen      total 16384K, used 992K [0x00000000d5580000, 0x00000000d6900000, 0x0000000100000000)
  eden space 15360K, 0% used [0x00000000d5580000,0x00000000d5580000,0x00000000d6480000)
  from space 1024K, 96% used [0x00000000d6580000,0x00000000d6678020,0x00000000d6680000)
  to   space 1536K, 0% used [0x00000000d6780000,0x00000000d6780000,0x00000000d6900000)
 ParOldGen       total 68608K, used 54669K [0x0000000080000000, 0x0000000084300000, 0x00000000d5580000)
  object space 68608K, 79% used [0x0000000080000000,0x00000000835635b0,0x0000000084300000)
 Metaspace       used 51661K, committed 52992K, reserved 1114112K
  class space    used 5541K, committed 6080K, reserved 1048576K
}

