# JRE version: OpenJDK Runtime Environment Temurin-21.0.9+10 (21.0.9+10) (build 21.0.9+10-LTS)
# Java VM: OpenJDK 64-Bit Server VM Temurin-21.0.9+10 (21.0.9+10-LTS, mixed mode, sharing, tiered, compressed oops, compressed class ptrs, parallel gc, windows-amd64)
GC Precious Log:
 CardTable entry size: 512
 CPUs: 12 total, 12 available
 Memory: 7863M
 Large Page Support: Disabled
 NUMA Support: Disabled
 Compressed Oops: Enabled (32-bit)
 Alignments: Space 512K, Generation 512K, Heap 2M
 Heap Min Capacity: 100M
 Heap Initial Capacity: 100M
 Heap Max Capacity: 2G
 Pre-touch: Disabled
 Parallel Workers: 10
Heap:
 PSYoungGen      total 8704K, used 4908K [0x00000000d5580000, 0x00000000d6580000, 0x0000000100000000)
  eden space 8192K, 53% used [0x00000000d5580000,0x00000000d59ce960,0x00000000d5d80000)
  from space 512K, 97% used [0x00000000d6080000,0x00000000d60fc9d8,0x00000000d6100000)
  to   space 3072K, 0% used [0x00000000d5d80000,0x00000000d5d80000,0x00000000d6080000)
 ParOldGen       total 103936K, used 103518K [0x0000000080000000, 0x0000000086580000, 0x00000000d5580000)
  object space 103936K, 99% used [0x0000000080000000,0x0000000086517928,0x0000000086580000)
 Metaspace       used 68975K, committed 70528K, reserved 1114112K
  class space    used 7312K, committed 7936K, reserved 1048576K
GC Heap History (20 events):
Event: 86.033 GC heap before
{Heap before GC invocations=129 (full 3):
 PSYoungGen      total 10752K, used 10496K [0x00000000d5580000, 0x00000000d6180000, 0x0000000100000000)
  eden space 10240K, 100% used [0x00000000d5580000,0x00000000d5f80000,0x00000000d5f80000)
  from space 512K, 50% used [0x00000000d6080000,0x00000000d60c0000,0x00000000d6100000)
  to   space 512K, 0% used [0x00000000d6100000,0x00000000d6100000,0x00000000d6180000)
 ParOldGen       total 100864K, used 100403K [0x0000000080000000, 0x0000000086280000, 0x00000000d5580000)
  object space 100864K, 99% used [0x0000000080000000,0x000000008620cfb8,0x0000000086280000)
 Metaspace       used 68886K, committed 70400K, reserved 1114112K
  class space    used 7310K, committed 7936K, reserved 1048576K
}
Event: 86.035 GC heap after
{Heap after GC invocations=129 (full 3):
 PSYoungGen      total 10752K, used 288K [0x00000000d5580000, 0x00000000d6180000, 0x0000000100000000)
  eden space 10240K, 0% used [0x00000000d5580000,0x00000000d5580000,0x00000000d5f80000)
  from space 512K, 56% used [0x00000000d6100000,0x00000000d6148000,0x00000000d6180000)
  to   space 512K, 0% used [0x00000000d6080000,0x00000000d6080000,0x00000000d6100000)
 ParOldGen       total 100864K, used 100451K [0x0000000080000000, 0x0000000086280000, 0x00000000d5580000)
  object space 100864K, 99% used [0x0000000080000000,0x0000000086218fb8,0x0000000086280000)
 Metaspace       used 68886K, committed 70400K, reserved 1114112K
  class space    used 7310K, committed 7936K, reserved 1048576K
}
Event: 86.093 GC heap before
{Heap before GC invocations=130 (full 3):
 PSYoungGen      total 10752K, used 10528K [0x00000000d5580000, 0x00000000d6180000, 0x0000000100000000)
  eden space 10240K, 100% used [0x00000000d5580000,0x00000000d5f80000,0x00000000d5f80000)
  from space 512K, 56% used [0x00000000d6100000,0x00000000d6148000,0x00000000d6180000)
  to   space 512K, 0% used [0x00000000d6080000,0x00000000d6080000,0x00000000d6100000)
 ParOldGen       total 100864K, used 100451K [0x0000000080000000, 0x0000000086280000, 0x00000000d5580000)
  object space 100864K, 99% used [0x0000000080000000,0x0000000086218fb8,0x0000000086280000)
 Metaspace       used 68902K, committed 70464K, reserved 1114112K
  class space    used 7310K, committed 7936K, reserved 1048576K
}
Event: 86.094 GC heap after
{Heap after GC invocations=130 (full 3):
 PSYoungGen      total 10752K, used 480K [0x00000000d5580000, 0x00000000d6180000, 0x0000000100000000)
  eden space 10240K, 0% used [0x00000000d5580000,0x00000000d5580000,0x00000000d5f80000)
  from space 512K, 93% used [0x00000000d6080000,0x00000000d60f8000,0x00000000d6100000)
  to   space 512K, 0% used [0x00000000d6100000,0x00000000d6100000,0x00000000d6180000)
 ParOldGen       total 100864K, used 100483K [0x0000000080000000, 0x0000000086280000, 0x00000000d5580000)
  object space 100864K, 99% used [0x0000000080000000,0x0000000086220fb8,0x0000000086280000)
 Metaspace       used 68902K, committed 70464K, reserved 1114112K
  class space    used 7310K, committed 7936K, reserved 1048576K
}
Event: 86.163 GC heap before
{Heap before GC invocations=131 (full 3):
 PSYoungGen      total 10752K, used 10720K [0x00000000d5580000, 0x00000000d6180000, 0x0000000100000000)
  eden space 10240K, 100% used [0x00000000d5580000,0x00000000d5f80000,0x00000000d5f80000)
  from space 512K, 93% used [0x00000000d6080000,0x00000000d60f8000,0x00000000d6100000)
  to   space 512K, 0% used [0x00000000d6100000,0x00000000d6100000,0x00000000d6180000)
 ParOldGen       total 100864K, used 100483K [0x0000000080000000, 0x0000000086280000, 0x00000000d5580000)
  object space 100864K, 99% used [0x0000000080000000,0x0000000086220fb8,0x0000000086280000)
 Metaspace       used 68907K, committed 70464K, reserved 1114112K
  class space    used 7310K, committed 7936K, reserved 1048576K
}
Event: 86.165 GC heap after
{Heap after GC invocations=131 (full 3):
 PSYoungGen      total 10752K, used 512K [0x00000000d5580000, 0x00000000d6180000, 0x0000000100000000)
  eden space 10240K, 0% used [0x00000000d5580000,0x00000000d5580000,0x00000000d5f80000)
  from space 512K, 100% used [0x00000000d6100000,0x00000000d6180000,0x00000000d6180000)
  to   space 1024K, 0% used [0x00000000d5f80000,0x00000000d5f80000,0x00000000d6080000)
 ParOldGen       total 100864K, used 100499K [0x0000000080000000, 0x0000000086280000, 0x00000000d5580000)
  object space 100864K, 99% used [0x0000000080000000,0x0000000086224fb8,0x0000000086280000)
 Metaspace       used 68907K, committed 70464K, reserved 1114112K
  class space    used 7310K, committed 7936K, reserved 1048576K
}
Event: 86.243 GC heap before
{Heap before GC invocations=132 (full 3):
 PSYoungGen      total 10752K, used 10717K [0x00000000d5580000, 0x00000000d6180000, 0x0000000100000000)
  eden space 10240K, 99% used [0x00000000d5580000,0x00000000d5f774d8,0x00000000d5f80000)
  from space 512K, 100% used [0x00000000d6100000,0x00000000d6180000,0x00000000d6180000)
  to   space 1024K, 0% used [0x00000000d5f80000,0x00000000d5f80000,0x00000000d6080000)
 ParOldGen       total 100864K, used 100499K [0x0000000080000000, 0x0000000086280000, 0x00000000d5580000)
  object space 100864K, 99% used [0x0000000080000000,0x0000000086224fb8,0x0000000086280000)
 Metaspace       used 68908K, committed 70464K, reserved 1114112K
  class space    used 7310K, committed 7936K, reserved 1048576K
}
Event: 86.244 GC heap after
{Heap after GC invocations=132 (full 3):
 PSYoungGen      total 11264K, used 256K [0x00000000d5580000, 0x00000000d6180000, 0x0000000100000000)
  eden space 10240K, 0% used [0x00000000d5580000,0x00000000d5580000,0x00000000d5f80000)
  from space 1024K, 25% used [0x00000000d5f80000,0x00000000d5fc0000,0x00000000d6080000)
  to   space 512K, 0% used [0x00000000d6100000,0x00000000d6100000,0x00000000d6180000)
 ParOldGen       total 100864K, used 100539K [0x0000000080000000, 0x0000000086280000, 0x00000000d5580000)
  object space 100864K, 99% used [0x0000000080000000,0x000000008622efb8,0x0000000086280000)
 Metaspace       used 68908K, committed 70464K, reserved 1114112K
  class space    used 7310K, committed 7936K, reserved 1048576K
}
Event: 86.494 GC heap before
{Heap before GC invocations=133 (full 3):
 PSYoungGen      total 11264K, used 10496K [0x00000000d5580000, 0x00000000d6180000, 0x0000000100000000)
  eden space 10240K, 100% used [0x00000000d5580000,0x00000000d5f80000,0x00000000d5f80000)
  from space 1024K, 25% used [0x00000000d5f80000,0x00000000d5fc0000,0x00000000d6080000)
  to   space 512K, 0% used [0x00000000d6100000,0x00000000d6100000,0x00000000d6180000)
 ParOldGen       total 100864K, used 100539K [0x0000000080000000, 0x0000000086280000, 0x00000000d5580000)
  object space 100864K, 99% used [0x0000000080000000,0x000000008622efb8,0x0000000086280000)
 Metaspace       used 68925K, committed 70464K, reserved 1114112K
  class space    used 7310K, committed 7936K, reserved 1048576K
}
Event: 86.495 GC heap after
{Heap after GC invocations=133 (full 3):
 PSYoungGen      total 10752K, used 352K [0x00000000d5580000, 0x00000000d6180000, 0x0000000100000000)
  eden space 10240K, 0% used [0x00000000d5580000,0x00000000d5580000,0x00000000d5f80000)
  from space 512K, 68% used [0x00000000d6100000,0x00000000d6158000,0x00000000d6180000)
  to   space 512K, 0% used [0x00000000d6080000,0x00000000d6080000,0x00000000d6100000)
 ParOldGen       total 100864K, used 100571K [0x0000000080000000, 0x0000000086280000, 0x00000000d5580000)
  object space 100864K, 99% used [0x0000000080000000,0x0000000086236fb8,0x0000000086280000)
 Metaspace       used 68925K, committed 70464K, reserved 1114112K
  class space    used 7310K, committed 7936K, reserved 1048576K
}
Event: 86.602 GC heap before
{Heap before GC invocations=134 (full 3):
 PSYoungGen      total 10752K, used 10592K [0x00000000d5580000, 0x00000000d6180000, 0x0000000100000000)
  eden space 10240K, 100% used [0x00000000d5580000,0x00000000d5f80000,0x00000000d5f80000)
  from space 512K, 68% used [0x00000000d6100000,0x00000000d6158000,0x00000000d6180000)
  to   space 512K, 0% used [0x00000000d6080000,0x00000000d6080000,0x00000000d6100000)
 ParOldGen       total 100864K, used 100571K [0x0000000080000000, 0x0000000086280000, 0x00000000d5580000)
  object space 100864K, 99% used [0x0000000080000000,0x0000000086236fb8,0x0000000086280000)
 Metaspace       used 68943K, committed 70464K, reserved 1114112K
  class space    used 7310K, committed 7936K, reserved 1048576K
}
Event: 86.607 GC heap after
{Heap after GC invocations=134 (full 3):
 PSYoungGen      total 10752K, used 416K [0x00000000d5580000, 0x00000000d6180000, 0x0000000100000000)
  eden space 10240K, 0% used [0x00000000d5580000,0x00000000d5580000,0x00000000d5f80000)
  from space 512K, 81% used [0x00000000d6080000,0x00000000d60e8000,0x00000000d6100000)
  to   space 512K, 0% used [0x00000000d6100000,0x00000000d6100000,0x00000000d6180000)
 ParOldGen       total 100864K, used 100675K [0x0000000080000000, 0x0000000086280000, 0x00000000d5580000)
  object space 100864K, 99% used [0x0000000080000000,0x0000000086250fb8,0x0000000086280000)
 Metaspace       used 68943K, committed 70464K, reserved 1114112K
  class space    used 7310K, committed 7936K, reserved 1048576K
}
Event: 87.130 GC heap before
{Heap before GC invocations=135 (full 3):
 PSYoungGen      total 10752K, used 10656K [0x00000000d5580000, 0x00000000d6180000, 0x0000000100000000)
  eden space 10240K, 100% used [0x00000000d5580000,0x00000000d5f80000,0x00000000d5f80000)
  from space 512K, 81% used [0x00000000d6080000,0x00000000d60e8000,0x00000000d6100000)
  to   space 512K, 0% used [0x00000000d6100000,0x00000000d6100000,0x00000000d6180000)
 ParOldGen       total 100864K, used 100675K [0x0000000080000000, 0x0000000086280000, 0x00000000d5580000)
  object space 100864K, 99% used [0x0000000080000000,0x0000000086250fb8,0x0000000086280000)
 Metaspace       used 68958K, committed 70528K, reserved 1114112K
  class space    used 7312K, committed 7936K, reserved 1048576K
}
Event: 87.134 GC heap after
{Heap after GC invocations=135 (full 3):
 PSYoungGen      total 10752K, used 512K [0x00000000d5580000, 0x00000000d6180000, 0x0000000100000000)
  eden space 10240K, 0% used [0x00000000d5580000,0x00000000d5580000,0x00000000d5f80000)
  from space 512K, 100% used [0x00000000d6100000,0x00000000d6180000,0x00000000d6180000)
  to   space 1024K, 0% used [0x00000000d5f80000,0x00000000d5f80000,0x00000000d6080000)
 ParOldGen       total 100864K, used 100771K [0x0000000080000000, 0x0000000086280000, 0x00000000d5580000)
  object space 100864K, 99% used [0x0000000080000000,0x0000000086268fb8,0x0000000086280000)
 Metaspace       used 68958K, committed 70528K, reserved 1114112K
  class space    used 7312K, committed 7936K, reserved 1048576K
}
Event: 87.727 GC heap before
{Heap before GC invocations=136 (full 3):
 PSYoungGen      total 10752K, used 10752K [0x00000000d5580000, 0x00000000d6180000, 0x0000000100000000)
  eden space 10240K, 100% used [0x00000000d5580000,0x00000000d5f80000,0x00000000d5f80000)
  from space 512K, 100% used [0x00000000d6100000,0x00000000d6180000,0x00000000d6180000)
  to   space 1024K, 0% used [0x00000000d5f80000,0x00000000d5f80000,0x00000000d6080000)
 ParOldGen       total 100864K, used 100771K [0x0000000080000000, 0x0000000086280000, 0x00000000d5580000)
  object space 100864K, 99% used [0x0000000080000000,0x0000000086268fb8,0x0000000086280000)
 Metaspace       used 68960K, committed 70528K, reserved 1114112K
  class space    used 7312K, committed 7936K, reserved 1048576K
}
Event: 87.732 GC heap after
{Heap after GC invocations=136 (full 3):
 PSYoungGen      total 11264K, used 640K [0x00000000d5580000, 0x00000000d6180000, 0x0000000100000000)
  eden space 10240K, 0% used [0x00000000d5580000,0x00000000d5580000,0x00000000d5f80000)
  from space 1024K, 62% used [0x00000000d5f80000,0x00000000d6020000,0x00000000d6080000)
  to   space 1024K, 0% used [0x00000000d6080000,0x00000000d6080000,0x00000000d6180000)
 ParOldGen       total 101376K, used 101139K [0x0000000080000000, 0x0000000086300000, 0x00000000d5580000)
  object space 101376K, 99% used [0x0000000080000000,0x00000000862c4fb8,0x0000000086300000)
 Metaspace       used 68960K, committed 70528K, reserved 1114112K
  class space    used 7312K, committed 7936K, reserved 1048576K
}
Event: 88.266 GC heap before
{Heap before GC invocations=137 (full 3):
 PSYoungGen      total 11264K, used 10880K [0x00000000d5580000, 0x00000000d6180000, 0x0000000100000000)
  eden space 10240K, 100% used [0x00000000d5580000,0x00000000d5f80000,0x00000000d5f80000)
  from space 1024K, 62% used [0x00000000d5f80000,0x00000000d6020000,0x00000000d6080000)
  to   space 1024K, 0% used [0x00000000d6080000,0x00000000d6080000,0x00000000d6180000)
 ParOldGen       total 101376K, used 101139K [0x0000000080000000, 0x0000000086300000, 0x00000000d5580000)
  object space 101376K, 99% used [0x0000000080000000,0x00000000862c4fb8,0x0000000086300000)
 Metaspace       used 68965K, committed 70528K, reserved 1114112K
  class space    used 7312K, committed 7936K, reserved 1048576K
}
Event: 88.268 GC heap after
{Heap after GC invocations=137 (full 3):
 PSYoungGen      total 10752K, used 288K [0x00000000d5580000, 0x00000000d6100000, 0x0000000100000000)
  eden space 10240K, 0% used [0x00000000d5580000,0x00000000d5580000,0x00000000d5f80000)
  from space 512K, 56% used [0x00000000d6080000,0x00000000d60c8000,0x00000000d6100000)
  to   space 512K, 0% used [0x00000000d6000000,0x00000000d6000000,0x00000000d6080000)
 ParOldGen       total 101376K, used 101278K [0x0000000080000000, 0x0000000086300000, 0x00000000d5580000)
  object space 101376K, 99% used [0x0000000080000000,0x00000000862e7b58,0x0000000086300000)
 Metaspace       used 68965K, committed 70528K, reserved 1114112K
  class space    used 7312K, committed 7936K, reserved 1048576K
}
Event: 89.010 GC heap before
{Heap before GC invocations=138 (full 3):
 PSYoungGen      total 10752K, used 10528K [0x00000000d5580000, 0x00000000d6100000, 0x0000000100000000)
  eden space 10240K, 100% used [0x00000000d5580000,0x00000000d5f80000,0x00000000d5f80000)
  from space 512K, 56% used [0x00000000d6080000,0x00000000d60c8000,0x00000000d6100000)
  to   space 512K, 0% used [0x00000000d6000000,0x00000000d6000000,0x00000000d6080000)
 ParOldGen       total 101376K, used 101278K [0x0000000080000000, 0x0000000086300000, 0x00000000d5580000)
  object space 101376K, 99% used [0x0000000080000000,0x00000000862e7b58,0x0000000086300000)
 Metaspace       used 68966K, committed 70528K, reserved 1114112K
  class space    used 7312K, committed 7936K, reserved 1048576K
}
Event: 89.011 GC heap after
{Heap after GC invocations=138 (full 3):
 PSYoungGen      total 10752K, used 224K [0x00000000d5580000, 0x00000000d6100000, 0x0000000100000000)
  eden space 10240K, 0% used [0x00000000d5580000,0x00000000d5580000,0x00000000d5f80000)
  from space 512K, 43% used [0x00000000d6000000,0x00000000d6038000,0x00000000d6080000)
  to   space 512K, 0% used [0x00000000d6080000,0x00000000d6080000,0x00000000d6100000)
 ParOldGen       total 101888K, used 101507K [0x0000000080000000, 0x0000000086380000, 0x00000000d5580000)
  object space 101888K, 99% used [0x0000000080000000,0x0000000086320ea8,0x0000000086380000)
 Metaspace       used 68966K, committed 70528K, reserved 1114112K
  class space    used 7312K, committed 7936K, reserved 1048576K
}

