# JRE version: OpenJDK Runtime Environment Temurin-21.0.9+10 (21.0.9+10) (build 21.0.9+10-LTS)
# Java VM: OpenJDK 64-Bit Server VM Temurin-21.0.9+10 (21.0.9+10-LTS, mixed mode, sharing, tiered, compressed oops, compressed class ptrs, parallel gc, windows-amd64)
GC Precious Log:
 CardTable entry size: 512
 CPUs: 12 total, 12 available
 Memory: 7863M
 Large Page Support: Disabled
 NUMA Support: Disabled
 Compressed Oops: Enabled (32-bit)
 Alignments: Space 512K, Generation 512K, Heap 2M
 Heap Min Capacity: 100M
 Heap Initial Capacity: 100M
 Heap Max Capacity: 2G
 Pre-touch: Disabled
 Parallel Workers: 10
Heap:
 PSYoungGen      total 17408K, used 10236K [0x00000000d5580000, 0x00000000d6980000, 0x0000000100000000)
  eden space 16384K, 57% used [0x00000000d5580000,0x00000000d5ea0958,0x00000000d6580000)
  from space 1024K, 86% used [0x00000000d6880000,0x00000000d695e930,0x00000000d6980000)
  to   space 1536K, 0% used [0x00000000d6680000,0x00000000d6680000,0x00000000d6800000)
 ParOldGen       total 108544K, used 108039K [0x0000000080000000, 0x0000000086a00000, 0x00000000d5580000)
  object space 108544K, 99% used [0x0000000080000000,0x0000000086981e98,0x0000000086a00000)
 Metaspace       used 78274K, committed 79872K, reserved 1179648K
  class space    used 8246K, committed 8896K, reserved 1048576K
GC Heap History (20 events):
Event: 6800.806 GC heap before
{Heap before GC invocations=138 (full 3):
 PSYoungGen      total 17408K, used 17393K [0x00000000d5580000, 0x00000000d6a80000, 0x0000000100000000)
  eden space 16384K, 100% used [0x00000000d5580000,0x00000000d6580000,0x00000000d6580000)
  from space 1024K, 98% used [0x00000000d6980000,0x00000000d6a7c740,0x00000000d6a80000)
  to   space 2560K, 0% used [0x00000000d6580000,0x00000000d6580000,0x00000000d6800000)
 ParOldGen       total 99840K, used 99494K [0x0000000080000000, 0x0000000086180000, 0x00000000d5580000)
  object space 99840K, 99% used [0x0000000080000000,0x0000000086129920,0x0000000086180000)
 Metaspace       used 71746K, committed 73280K, reserved 1114112K
  class space    used 7560K, committed 8192K, reserved 1048576K
}
Event: 6800.825 GC heap after
{Heap after GC invocations=138 (full 3):
 PSYoungGen      total 18944K, used 1150K [0x00000000d5580000, 0x00000000d6a00000, 0x0000000100000000)
  eden space 16384K, 0% used [0x00000000d5580000,0x00000000d5580000,0x00000000d6580000)
  from space 2560K, 44% used [0x00000000d6580000,0x00000000d669f980,0x00000000d6800000)
  to   space 1536K, 0% used [0x00000000d6880000,0x00000000d6880000,0x00000000d6a00000)
 ParOldGen       total 99840K, used 99802K [0x0000000080000000, 0x0000000086180000, 0x00000000d5580000)
  object space 99840K, 99% used [0x0000000080000000,0x0000000086176960,0x0000000086180000)
 Metaspace       used 71746K, committed 73280K, reserved 1114112K
  class space    used 7560K, committed 8192K, reserved 1048576K
}
Event: 6801.522 GC heap before
{Heap before GC invocations=139 (full 3):
 PSYoungGen      total 18944K, used 17525K [0x00000000d5580000, 0x00000000d6a00000, 0x0000000100000000)
  eden space 16384K, 99% used [0x00000000d5580000,0x00000000d657ddf0,0x00000000d6580000)
  from space 2560K, 44% used [0x00000000d6580000,0x00000000d669f980,0x00000000d6800000)
  to   space 1536K, 0% used [0x00000000d6880000,0x00000000d6880000,0x00000000d6a00000)
 ParOldGen       total 99840K, used 99802K [0x0000000080000000, 0x0000000086180000, 0x00000000d5580000)
  object space 99840K, 99% used [0x0000000080000000,0x0000000086176960,0x0000000086180000)
 Metaspace       used 72088K, committed 73600K, reserved 1179648K
  class space    used 7589K, committed 8192K, reserved 1048576K
}
Event: 6801.531 GC heap after
{Heap after GC invocations=139 (full 3):
 PSYoungGen      total 17408K, used 780K [0x00000000d5580000, 0x00000000d6980000, 0x0000000100000000)
  eden space 16384K, 0% used [0x00000000d5580000,0x00000000d5580000,0x00000000d6580000)
  from space 1024K, 76% used [0x00000000d6880000,0x00000000d6943140,0x00000000d6980000)
  to   space 1024K, 0% used [0x00000000d6780000,0x00000000d6780000,0x00000000d6880000)
 ParOldGen       total 100352K, used 100194K [0x0000000080000000, 0x0000000086200000, 0x00000000d5580000)
  object space 100352K, 99% used [0x0000000080000000,0x00000000861d8b00,0x0000000086200000)
 Metaspace       used 72088K, committed 73600K, reserved 1179648K
  class space    used 7589K, committed 8192K, reserved 1048576K
}
Event: 6802.128 GC heap before
{Heap before GC invocations=140 (full 3):
 PSYoungGen      total 17408K, used 17164K [0x00000000d5580000, 0x00000000d6980000, 0x0000000100000000)
  eden space 16384K, 100% used [0x00000000d5580000,0x00000000d6580000,0x00000000d6580000)
  from space 1024K, 76% used [0x00000000d6880000,0x00000000d6943140,0x00000000d6980000)
  to   space 1024K, 0% used [0x00000000d6780000,0x00000000d6780000,0x00000000d6880000)
 ParOldGen       total 100352K, used 100194K [0x0000000080000000, 0x0000000086200000, 0x00000000d5580000)
  object space 100352K, 99% used [0x0000000080000000,0x00000000861d8b00,0x0000000086200000)
 Metaspace       used 72963K, committed 74560K, reserved 1179648K
  class space    used 7662K, committed 8320K, reserved 1048576K
}
Event: 6802.132 GC heap after
{Heap after GC invocations=140 (full 3):
 PSYoungGen      total 17408K, used 1011K [0x00000000d5580000, 0x00000000d6a80000, 0x0000000100000000)
  eden space 16384K, 0% used [0x00000000d5580000,0x00000000d5580000,0x00000000d6580000)
  from space 1024K, 98% used [0x00000000d6780000,0x00000000d687ced0,0x00000000d6880000)
  to   space 2048K, 0% used [0x00000000d6880000,0x00000000d6880000,0x00000000d6a80000)
 ParOldGen       total 101376K, used 101317K [0x0000000080000000, 0x0000000086300000, 0x00000000d5580000)
  object space 101376K, 99% used [0x0000000080000000,0x00000000862f14d0,0x0000000086300000)
 Metaspace       used 72963K, committed 74560K, reserved 1179648K
  class space    used 7662K, committed 8320K, reserved 1048576K
}
Event: 6802.493 GC heap before
{Heap before GC invocations=141 (full 3):
 PSYoungGen      total 17408K, used 17395K [0x00000000d5580000, 0x00000000d6a80000, 0x0000000100000000)
  eden space 16384K, 100% used [0x00000000d5580000,0x00000000d6580000,0x00000000d6580000)
  from space 1024K, 98% used [0x00000000d6780000,0x00000000d687ced0,0x00000000d6880000)
  to   space 2048K, 0% used [0x00000000d6880000,0x00000000d6880000,0x00000000d6a80000)
 ParOldGen       total 101376K, used 101317K [0x0000000080000000, 0x0000000086300000, 0x00000000d5580000)
  object space 101376K, 99% used [0x0000000080000000,0x00000000862f14d0,0x0000000086300000)
 Metaspace       used 74616K, committed 76224K, reserved 1179648K
  class space    used 7817K, committed 8512K, reserved 1048576K
}
Event: 6802.499 GC heap after
{Heap after GC invocations=141 (full 3):
 PSYoungGen      total 18432K, used 1703K [0x00000000d5580000, 0x00000000d6a80000, 0x0000000100000000)
  eden space 16384K, 0% used [0x00000000d5580000,0x00000000d5580000,0x00000000d6580000)
  from space 2048K, 83% used [0x00000000d6880000,0x00000000d6a29ef0,0x00000000d6a80000)
  to   space 2048K, 0% used [0x00000000d6680000,0x00000000d6680000,0x00000000d6880000)
 ParOldGen       total 102400K, used 101919K [0x0000000080000000, 0x0000000086400000, 0x00000000d5580000)
  object space 102400K, 99% used [0x0000000080000000,0x0000000086387ed0,0x0000000086400000)
 Metaspace       used 74616K, committed 76224K, reserved 1179648K
  class space    used 7817K, committed 8512K, reserved 1048576K
}
Event: 6802.592 GC heap before
{Heap before GC invocations=142 (full 3):
 PSYoungGen      total 18432K, used 18087K [0x00000000d5580000, 0x00000000d6a80000, 0x0000000100000000)
  eden space 16384K, 100% used [0x00000000d5580000,0x00000000d6580000,0x00000000d6580000)
  from space 2048K, 83% used [0x00000000d6880000,0x00000000d6a29ef0,0x00000000d6a80000)
  to   space 2048K, 0% used [0x00000000d6680000,0x00000000d6680000,0x00000000d6880000)
 ParOldGen       total 102400K, used 101920K [0x0000000080000000, 0x0000000086400000, 0x00000000d5580000)
  object space 102400K, 99% used [0x0000000080000000,0x0000000086388338,0x0000000086400000)
 Metaspace       used 75024K, committed 76608K, reserved 1179648K
  class space    used 7846K, committed 8512K, reserved 1048576K
}
Event: 6802.600 GC heap after
{Heap after GC invocations=142 (full 3):
 PSYoungGen      total 18432K, used 2034K [0x00000000d5580000, 0x00000000d7180000, 0x0000000100000000)
  eden space 16384K, 0% used [0x00000000d5580000,0x00000000d5580000,0x00000000d6580000)
  from space 2048K, 99% used [0x00000000d6680000,0x00000000d687cb80,0x00000000d6880000)
  to   space 6144K, 0% used [0x00000000d6b80000,0x00000000d6b80000,0x00000000d7180000)
 ParOldGen       total 105472K, used 105178K [0x0000000080000000, 0x0000000086700000, 0x00000000d5580000)
  object space 105472K, 99% used [0x0000000080000000,0x00000000866b6a88,0x0000000086700000)
 Metaspace       used 75024K, committed 76608K, reserved 1179648K
  class space    used 7846K, committed 8512K, reserved 1048576K
}
Event: 6802.816 GC heap before
{Heap before GC invocations=143 (full 3):
 PSYoungGen      total 18432K, used 18418K [0x00000000d5580000, 0x00000000d7180000, 0x0000000100000000)
  eden space 16384K, 100% used [0x00000000d5580000,0x00000000d6580000,0x00000000d6580000)
  from space 2048K, 99% used [0x00000000d6680000,0x00000000d687cb80,0x00000000d6880000)
  to   space 6144K, 0% used [0x00000000d6b80000,0x00000000d6b80000,0x00000000d7180000)
 ParOldGen       total 105472K, used 105180K [0x0000000080000000, 0x0000000086700000, 0x00000000d5580000)
  object space 105472K, 99% used [0x0000000080000000,0x00000000866b70c8,0x0000000086700000)
 Metaspace       used 75648K, committed 77184K, reserved 1179648K
  class space    used 7906K, committed 8576K, reserved 1048576K
}
Event: 6802.823 GC heap after
{Heap after GC invocations=143 (full 3):
 PSYoungGen      total 18944K, used 2496K [0x00000000d5580000, 0x00000000d6e00000, 0x0000000100000000)
  eden space 16384K, 0% used [0x00000000d5580000,0x00000000d5580000,0x00000000d6580000)
  from space 2560K, 97% used [0x00000000d6b80000,0x00000000d6df0000,0x00000000d6e00000)
  to   space 3584K, 0% used [0x00000000d6700000,0x00000000d6700000,0x00000000d6a80000)
 ParOldGen       total 105984K, used 105476K [0x0000000080000000, 0x0000000086780000, 0x00000000d5580000)
  object space 105984K, 99% used [0x0000000080000000,0x00000000867010e8,0x0000000086780000)
 Metaspace       used 75648K, committed 77184K, reserved 1179648K
  class space    used 7906K, committed 8576K, reserved 1048576K
}
Event: 6803.058 GC heap before
{Heap before GC invocations=144 (full 3):
 PSYoungGen      total 18944K, used 18880K [0x00000000d5580000, 0x00000000d6e00000, 0x0000000100000000)
  eden space 16384K, 100% used [0x00000000d5580000,0x00000000d6580000,0x00000000d6580000)
  from space 2560K, 97% used [0x00000000d6b80000,0x00000000d6df0000,0x00000000d6e00000)
  to   space 3584K, 0% used [0x00000000d6700000,0x00000000d6700000,0x00000000d6a80000)
 ParOldGen       total 105984K, used 105476K [0x0000000080000000, 0x0000000086780000, 0x00000000d5580000)
  object space 105984K, 99% used [0x0000000080000000,0x00000000867010e8,0x0000000086780000)
 Metaspace       used 76505K, committed 78080K, reserved 1179648K
  class space    used 8030K, committed 8704K, reserved 1048576K
}
Event: 6803.062 GC heap after
{Heap after GC invocations=144 (full 3):
 PSYoungGen      total 17408K, used 736K [0x00000000d5580000, 0x00000000d6c00000, 0x0000000100000000)
  eden space 16384K, 0% used [0x00000000d5580000,0x00000000d5580000,0x00000000d6580000)
  from space 1024K, 71% used [0x00000000d6700000,0x00000000d67b8000,0x00000000d6800000)
  to   space 2048K, 0% used [0x00000000d6a00000,0x00000000d6a00000,0x00000000d6c00000)
 ParOldGen       total 106496K, used 106020K [0x0000000080000000, 0x0000000086800000, 0x00000000d5580000)
  object space 106496K, 99% used [0x0000000080000000,0x0000000086789108,0x0000000086800000)
 Metaspace       used 76505K, committed 78080K, reserved 1179648K
  class space    used 8030K, committed 8704K, reserved 1048576K
}
Event: 6803.279 GC heap before
{Heap before GC invocations=145 (full 3):
 PSYoungGen      total 17408K, used 17120K [0x00000000d5580000, 0x00000000d6c00000, 0x0000000100000000)
  eden space 16384K, 100% used [0x00000000d5580000,0x00000000d6580000,0x00000000d6580000)
  from space 1024K, 71% used [0x00000000d6700000,0x00000000d67b8000,0x00000000d6800000)
  to   space 2048K, 0% used [0x00000000d6a00000,0x00000000d6a00000,0x00000000d6c00000)
 ParOldGen       total 106496K, used 106020K [0x0000000080000000, 0x0000000086800000, 0x00000000d5580000)
  object space 106496K, 99% used [0x0000000080000000,0x0000000086789108,0x0000000086800000)
 Metaspace       used 76935K, committed 78592K, reserved 1179648K
  class space    used 8080K, committed 8768K, reserved 1048576K
}
Event: 6803.283 GC heap after
{Heap after GC invocations=145 (full 3):
 PSYoungGen      total 18432K, used 2038K [0x00000000d5580000, 0x00000000d6c00000, 0x0000000100000000)
  eden space 16384K, 0% used [0x00000000d5580000,0x00000000d5580000,0x00000000d6580000)
  from space 2048K, 99% used [0x00000000d6a00000,0x00000000d6bfd948,0x00000000d6c00000)
  to   space 2560K, 0% used [0x00000000d6700000,0x00000000d6700000,0x00000000d6980000)
 ParOldGen       total 107008K, used 106548K [0x0000000080000000, 0x0000000086880000, 0x00000000d5580000)
  object space 107008K, 99% used [0x0000000080000000,0x000000008680d108,0x0000000086880000)
 Metaspace       used 76935K, committed 78592K, reserved 1179648K
  class space    used 8080K, committed 8768K, reserved 1048576K
}
Event: 6821.139 GC heap before
{Heap before GC invocations=146 (full 3):
 PSYoungGen      total 18432K, used 18422K [0x00000000d5580000, 0x00000000d6c00000, 0x0000000100000000)
  eden space 16384K, 100% used [0x00000000d5580000,0x00000000d6580000,0x00000000d6580000)
  from space 2048K, 99% used [0x00000000d6a00000,0x00000000d6bfd948,0x00000000d6c00000)
  to   space 2560K, 0% used [0x00000000d6700000,0x00000000d6700000,0x00000000d6980000)
 ParOldGen       total 107008K, used 106548K [0x0000000080000000, 0x0000000086880000, 0x00000000d5580000)
  object space 107008K, 99% used [0x0000000080000000,0x000000008680d108,0x0000000086880000)
 Metaspace       used 77222K, committed 78784K, reserved 1179648K
  class space    used 8108K, committed 8768K, reserved 1048576K
}
Event: 6821.146 GC heap after
{Heap after GC invocations=146 (full 3):
 PSYoungGen      total 17920K, used 1342K [0x00000000d5580000, 0x00000000d6a80000, 0x0000000100000000)
  eden space 16384K, 0% used [0x00000000d5580000,0x00000000d5580000,0x00000000d6580000)
  from space 1536K, 87% used [0x00000000d6700000,0x00000000d684fb10,0x00000000d6880000)
  to   space 2048K, 0% used [0x00000000d6880000,0x00000000d6880000,0x00000000d6a80000)
 ParOldGen       total 107008K, used 106830K [0x0000000080000000, 0x0000000086880000, 0x00000000d5580000)
  object space 107008K, 99% used [0x0000000080000000,0x0000000086853a78,0x0000000086880000)
 Metaspace       used 77222K, committed 78784K, reserved 1179648K
  class space    used 8108K, committed 8768K, reserved 1048576K
}
Event: 6822.831 GC heap before
{Heap before GC invocations=147 (full 3):
 PSYoungGen      total 17920K, used 17726K [0x00000000d5580000, 0x00000000d6a80000, 0x0000000100000000)
  eden space 16384K, 100% used [0x00000000d5580000,0x00000000d6580000,0x00000000d6580000)
  from space 1536K, 87% used [0x00000000d6700000,0x00000000d684fb10,0x00000000d6880000)
  to   space 2048K, 0% used [0x00000000d6880000,0x00000000d6880000,0x00000000d6a80000)
 ParOldGen       total 107008K, used 106830K [0x0000000080000000, 0x0000000086880000, 0x00000000d5580000)
  object space 107008K, 99% used [0x0000000080000000,0x0000000086853a78,0x0000000086880000)
 Metaspace       used 78186K, committed 79808K, reserved 1179648K
  class space    used 8239K, committed 8896K, reserved 1048576K
}
Event: 6822.838 GC heap after
{Heap after GC invocations=147 (full 3):
 PSYoungGen      total 17408K, used 890K [0x00000000d5580000, 0x00000000d6980000, 0x0000000100000000)
  eden space 16384K, 0% used [0x00000000d5580000,0x00000000d5580000,0x00000000d6580000)
  from space 1024K, 86% used [0x00000000d6880000,0x00000000d695e930,0x00000000d6980000)
  to   space 1536K, 0% used [0x00000000d6680000,0x00000000d6680000,0x00000000d6800000)
 ParOldGen       total 108544K, used 108039K [0x0000000080000000, 0x0000000086a00000, 0x00000000d5580000)
  object space 108544K, 99% used [0x0000000080000000,0x0000000086981e98,0x0000000086a00000)
 Metaspace       used 78186K, committed 79808K, reserved 1179648K
  class space    used 8239K, committed 8896K, reserved 1048576K
}

