# JRE version: OpenJDK Runtime Environment Temurin-21.0.9+10 (21.0.9+10) (build 21.0.9+10-LTS)
# Java VM: OpenJDK 64-Bit Server VM Temurin-21.0.9+10 (21.0.9+10-LTS, mixed mode, sharing, tiered, compressed oops, compressed class ptrs, parallel gc, windows-amd64)
GC Precious Log:
 CardTable entry size: 512
 CPUs: 12 total, 12 available
 Memory: 7863M
 Large Page Support: Disabled
 NUMA Support: Disabled
 Compressed Oops: Enabled (32-bit)
 Alignments: Space 512K, Generation 512K, Heap 2M
 Heap Min Capacity: 100M
 Heap Initial Capacity: 100M
 Heap Max Capacity: 2G
 Pre-touch: Disabled
 Parallel Workers: 10
Heap:
 PSYoungGen      total 3072K, used 2351K [0x00000000d5580000, 0x00000000d5a00000, 0x0000000100000000)
  eden space 1536K, 88% used [0x00000000d5580000,0x00000000d56d3f28,0x00000000d5700000)
  from space 1536K, 64% used [0x00000000d5700000,0x00000000d57f7fa0,0x00000000d5880000)
  to   space 1536K, 0% used [0x00000000d5880000,0x00000000d5880000,0x00000000d5a00000)
 ParOldGen       total 177664K, used 177482K [0x0000000080000000, 0x000000008ad80000, 0x00000000d5580000)
  object space 177664K, 99% used [0x0000000080000000,0x000000008ad52948,0x000000008ad80000)
 Metaspace       used 63726K, committed 65152K, reserved 1114112K
  class space    used 6707K, committed 7296K, reserved 1048576K
GC Heap History (20 events):
Event: 54.606 GC heap before
{Heap before GC invocations=365 (full 3):
 PSYoungGen      total 3584K, used 3563K [0x00000000d5580000, 0x00000000d5a80000, 0x0000000100000000)
  eden space 3072K, 100% used [0x00000000d5580000,0x00000000d5880000,0x00000000d5880000)
  from space 512K, 96% used [0x00000000d5900000,0x00000000d597ae28,0x00000000d5980000)
  to   space 1024K, 0% used [0x00000000d5980000,0x00000000d5980000,0x00000000d5a80000)
 ParOldGen       total 168448K, used 168345K [0x0000000080000000, 0x000000008a480000, 0x00000000d5580000)
  object space 168448K, 99% used [0x0000000080000000,0x000000008a466528,0x000000008a480000)
 Metaspace       used 63598K, committed 65024K, reserved 1114112K
  class space    used 6704K, committed 7296K, reserved 1048576K
}
Event: 54.608 GC heap after
{Heap after GC invocations=365 (full 3):
 PSYoungGen      total 3584K, used 416K [0x00000000d5580000, 0x00000000d5a00000, 0x0000000100000000)
  eden space 3072K, 0% used [0x00000000d5580000,0x00000000d5580000,0x00000000d5880000)
  from space 512K, 81% used [0x00000000d5980000,0x00000000d59e8000,0x00000000d5a00000)
  to   space 512K, 0% used [0x00000000d5900000,0x00000000d5900000,0x00000000d5980000)
 ParOldGen       total 168448K, used 168433K [0x0000000080000000, 0x000000008a480000, 0x00000000d5580000)
  object space 168448K, 99% used [0x0000000080000000,0x000000008a47c528,0x000000008a480000)
 Metaspace       used 63598K, committed 65024K, reserved 1114112K
  class space    used 6704K, committed 7296K, reserved 1048576K
}
Event: 54.629 GC heap before
{Heap before GC invocations=366 (full 3):
 PSYoungGen      total 3584K, used 3488K [0x00000000d5580000, 0x00000000d5a00000, 0x0000000100000000)
  eden space 3072K, 100% used [0x00000000d5580000,0x00000000d5880000,0x00000000d5880000)
  from space 512K, 81% used [0x00000000d5980000,0x00000000d59e8000,0x00000000d5a00000)
  to   space 512K, 0% used [0x00000000d5900000,0x00000000d5900000,0x00000000d5980000)
 ParOldGen       total 168448K, used 168433K [0x0000000080000000, 0x000000008a480000, 0x00000000d5580000)
  object space 168448K, 99% used [0x0000000080000000,0x000000008a47c528,0x000000008a480000)
 Metaspace       used 63600K, committed 65024K, reserved 1114112K
  class space    used 6704K, committed 7296K, reserved 1048576K
}
Event: 54.632 GC heap after
{Heap after GC invocations=366 (full 3):
 PSYoungGen      total 3584K, used 320K [0x00000000d5580000, 0x00000000d5a00000, 0x0000000100000000)
  eden space 3072K, 0% used [0x00000000d5580000,0x00000000d5580000,0x00000000d5880000)
  from space 512K, 62% used [0x00000000d5900000,0x00000000d5950000,0x00000000d5980000)
  to   space 512K, 0% used [0x00000000d5980000,0x00000000d5980000,0x00000000d5a00000)
 ParOldGen       total 168960K, used 168713K [0x0000000080000000, 0x000000008a500000, 0x00000000d5580000)
  object space 168960K, 99% used [0x0000000080000000,0x000000008a4c2528,0x000000008a500000)
 Metaspace       used 63600K, committed 65024K, reserved 1114112K
  class space    used 6704K, committed 7296K, reserved 1048576K
}
Event: 54.658 GC heap before
{Heap before GC invocations=367 (full 3):
 PSYoungGen      total 3584K, used 3392K [0x00000000d5580000, 0x00000000d5a00000, 0x0000000100000000)
  eden space 3072K, 100% used [0x00000000d5580000,0x00000000d5880000,0x00000000d5880000)
  from space 512K, 62% used [0x00000000d5900000,0x00000000d5950000,0x00000000d5980000)
  to   space 512K, 0% used [0x00000000d5980000,0x00000000d5980000,0x00000000d5a00000)
 ParOldGen       total 168960K, used 168713K [0x0000000080000000, 0x000000008a500000, 0x00000000d5580000)
  object space 168960K, 99% used [0x0000000080000000,0x000000008a4c2528,0x000000008a500000)
 Metaspace       used 63600K, committed 65024K, reserved 1114112K
  class space    used 6704K, committed 7296K, reserved 1048576K
}
Event: 54.660 GC heap after
{Heap after GC invocations=367 (full 3):
 PSYoungGen      total 3584K, used 416K [0x00000000d5580000, 0x00000000d5a00000, 0x0000000100000000)
  eden space 3072K, 0% used [0x00000000d5580000,0x00000000d5580000,0x00000000d5880000)
  from space 512K, 81% used [0x00000000d5980000,0x00000000d59e8000,0x00000000d5a00000)
  to   space 512K, 0% used [0x00000000d5900000,0x00000000d5900000,0x00000000d5980000)
 ParOldGen       total 168960K, used 168897K [0x0000000080000000, 0x000000008a500000, 0x00000000d5580000)
  object space 168960K, 99% used [0x0000000080000000,0x000000008a4f0528,0x000000008a500000)
 Metaspace       used 63600K, committed 65024K, reserved 1114112K
  class space    used 6704K, committed 7296K, reserved 1048576K
}
Event: 54.712 GC heap before
{Heap before GC invocations=368 (full 3):
 PSYoungGen      total 3584K, used 3488K [0x00000000d5580000, 0x00000000d5a00000, 0x0000000100000000)
  eden space 3072K, 100% used [0x00000000d5580000,0x00000000d5880000,0x00000000d5880000)
  from space 512K, 81% used [0x00000000d5980000,0x00000000d59e8000,0x00000000d5a00000)
  to   space 512K, 0% used [0x00000000d5900000,0x00000000d5900000,0x00000000d5980000)
 ParOldGen       total 171008K, used 170659K [0x0000000080000000, 0x000000008a700000, 0x00000000d5580000)
  object space 171008K, 99% used [0x0000000080000000,0x000000008a6a8f78,0x000000008a700000)
 Metaspace       used 63600K, committed 65024K, reserved 1114112K
  class space    used 6704K, committed 7296K, reserved 1048576K
}
Event: 54.714 GC heap after
{Heap after GC invocations=368 (full 3):
 PSYoungGen      total 3584K, used 416K [0x00000000d5580000, 0x00000000d5a00000, 0x0000000100000000)
  eden space 3072K, 0% used [0x00000000d5580000,0x00000000d5580000,0x00000000d5880000)
  from space 512K, 81% used [0x00000000d5900000,0x00000000d5968000,0x00000000d5980000)
  to   space 512K, 0% used [0x00000000d5980000,0x00000000d5980000,0x00000000d5a00000)
 ParOldGen       total 171008K, used 170947K [0x0000000080000000, 0x000000008a700000, 0x00000000d5580000)
  object space 171008K, 99% used [0x0000000080000000,0x000000008a6f0f78,0x000000008a700000)
 Metaspace       used 63600K, committed 65024K, reserved 1114112K
  class space    used 6704K, committed 7296K, reserved 1048576K
}
Event: 4442.065 GC heap before
{Heap before GC invocations=369 (full 3):
 PSYoungGen      total 3584K, used 3488K [0x00000000d5580000, 0x00000000d5a00000, 0x0000000100000000)
  eden space 3072K, 100% used [0x00000000d5580000,0x00000000d5880000,0x00000000d5880000)
  from space 512K, 81% used [0x00000000d5900000,0x00000000d5968000,0x00000000d5980000)
  to   space 512K, 0% used [0x00000000d5980000,0x00000000d5980000,0x00000000d5a00000)
 ParOldGen       total 171008K, used 170947K [0x0000000080000000, 0x000000008a700000, 0x00000000d5580000)
  object space 171008K, 99% used [0x0000000080000000,0x000000008a6f0f78,0x000000008a700000)
 Metaspace       used 63669K, committed 65152K, reserved 1114112K
  class space    used 6707K, committed 7296K, reserved 1048576K
}
Event: 4442.130 GC heap after
{Heap after GC invocations=369 (full 3):
 PSYoungGen      total 3584K, used 352K [0x00000000d5580000, 0x00000000d5a00000, 0x0000000100000000)
  eden space 3072K, 0% used [0x00000000d5580000,0x00000000d5580000,0x00000000d5880000)
  from space 512K, 68% used [0x00000000d5980000,0x00000000d59d8020,0x00000000d5a00000)
  to   space 512K, 0% used [0x00000000d5900000,0x00000000d5900000,0x00000000d5980000)
 ParOldGen       total 171520K, used 171059K [0x0000000080000000, 0x000000008a780000, 0x00000000d5580000)
  object space 171520K, 99% used [0x0000000080000000,0x000000008a70cf78,0x000000008a780000)
 Metaspace       used 63669K, committed 65152K, reserved 1114112K
  class space    used 6707K, committed 7296K, reserved 1048576K
}
Event: 4442.291 GC heap before
{Heap before GC invocations=370 (full 3):
 PSYoungGen      total 3584K, used 3424K [0x00000000d5580000, 0x00000000d5a00000, 0x0000000100000000)
  eden space 3072K, 100% used [0x00000000d5580000,0x00000000d5880000,0x00000000d5880000)
  from space 512K, 68% used [0x00000000d5980000,0x00000000d59d8020,0x00000000d5a00000)
  to   space 512K, 0% used [0x00000000d5900000,0x00000000d5900000,0x00000000d5980000)
 ParOldGen       total 171520K, used 171059K [0x0000000080000000, 0x000000008a780000, 0x00000000d5580000)
  object space 171520K, 99% used [0x0000000080000000,0x000000008a70cf78,0x000000008a780000)
 Metaspace       used 63676K, committed 65152K, reserved 1114112K
  class space    used 6707K, committed 7296K, reserved 1048576K
}
Event: 4442.294 GC heap after
{Heap after GC invocations=370 (full 3):
 PSYoungGen      total 3584K, used 504K [0x00000000d5580000, 0x00000000d5c80000, 0x0000000100000000)
  eden space 3072K, 0% used [0x00000000d5580000,0x00000000d5580000,0x00000000d5880000)
  from space 512K, 98% used [0x00000000d5900000,0x00000000d597e3e0,0x00000000d5980000)
  to   space 2048K, 0% used [0x00000000d5a80000,0x00000000d5a80000,0x00000000d5c80000)
 ParOldGen       total 172544K, used 172241K [0x0000000080000000, 0x000000008a880000, 0x00000000d5580000)
  object space 172544K, 99% used [0x0000000080000000,0x000000008a8346e8,0x000000008a880000)
 Metaspace       used 63676K, committed 65152K, reserved 1114112K
  class space    used 6707K, committed 7296K, reserved 1048576K
}
Event: 4442.331 GC heap before
{Heap before GC invocations=371 (full 3):
 PSYoungGen      total 3584K, used 3561K [0x00000000d5580000, 0x00000000d5c80000, 0x0000000100000000)
  eden space 3072K, 99% used [0x00000000d5580000,0x00000000d587c2c0,0x00000000d5880000)
  from space 512K, 98% used [0x00000000d5900000,0x00000000d597e3e0,0x00000000d5980000)
  to   space 2048K, 0% used [0x00000000d5a80000,0x00000000d5a80000,0x00000000d5c80000)
 ParOldGen       total 172544K, used 172241K [0x0000000080000000, 0x000000008a880000, 0x00000000d5580000)
  object space 172544K, 99% used [0x0000000080000000,0x000000008a8346e8,0x000000008a880000)
 Metaspace       used 63676K, committed 65152K, reserved 1114112K
  class space    used 6707K, committed 7296K, reserved 1048576K
}
Event: 4442.333 GC heap after
{Heap after GC invocations=371 (full 3):
 PSYoungGen      total 3584K, used 2042K [0x00000000d5580000, 0x00000000d5f80000, 0x0000000100000000)
  eden space 1536K, 0% used [0x00000000d5580000,0x00000000d5580000,0x00000000d5700000)
  from space 2048K, 99% used [0x00000000d5a80000,0x00000000d5c7e950,0x00000000d5c80000)
  to   space 3584K, 0% used [0x00000000d5700000,0x00000000d5700000,0x00000000d5a80000)
 ParOldGen       total 173568K, used 173076K [0x0000000080000000, 0x000000008a980000, 0x00000000d5580000)
  object space 173568K, 99% used [0x0000000080000000,0x000000008a9051d0,0x000000008a980000)
 Metaspace       used 63676K, committed 65152K, reserved 1114112K
  class space    used 6707K, committed 7296K, reserved 1048576K
}
Event: 4442.339 GC heap before
{Heap before GC invocations=372 (full 3):
 PSYoungGen      total 3584K, used 3577K [0x00000000d5580000, 0x00000000d5f80000, 0x0000000100000000)
  eden space 1536K, 99% used [0x00000000d5580000,0x00000000d56ffe48,0x00000000d5700000)
  from space 2048K, 99% used [0x00000000d5a80000,0x00000000d5c7e950,0x00000000d5c80000)
  to   space 3584K, 0% used [0x00000000d5700000,0x00000000d5700000,0x00000000d5a80000)
 ParOldGen       total 173568K, used 173076K [0x0000000080000000, 0x000000008a980000, 0x00000000d5580000)
  object space 173568K, 99% used [0x0000000080000000,0x000000008a9051d0,0x000000008a980000)
 Metaspace       used 63676K, committed 65152K, reserved 1114112K
  class space    used 6707K, committed 7296K, reserved 1048576K
}
Event: 4442.341 GC heap after
{Heap after GC invocations=372 (full 3):
 PSYoungGen      total 3072K, used 1350K [0x00000000d5580000, 0x00000000d5b00000, 0x0000000100000000)
  eden space 1536K, 0% used [0x00000000d5580000,0x00000000d5580000,0x00000000d5700000)
  from space 1536K, 87% used [0x00000000d5700000,0x00000000d5851ab0,0x00000000d5880000)
  to   space 2048K, 0% used [0x00000000d5900000,0x00000000d5900000,0x00000000d5b00000)
 ParOldGen       total 175616K, used 175113K [0x0000000080000000, 0x000000008ab80000, 0x00000000d5580000)
  object space 175616K, 99% used [0x0000000080000000,0x000000008ab02560,0x000000008ab80000)
 Metaspace       used 63676K, committed 65152K, reserved 1114112K
  class space    used 6707K, committed 7296K, reserved 1048576K
}
Event: 4442.481 GC heap before
{Heap before GC invocations=373 (full 3):
 PSYoungGen      total 3072K, used 2880K [0x00000000d5580000, 0x00000000d5b00000, 0x0000000100000000)
  eden space 1536K, 99% used [0x00000000d5580000,0x00000000d56fe6d8,0x00000000d5700000)
  from space 1536K, 87% used [0x00000000d5700000,0x00000000d5851ab0,0x00000000d5880000)
  to   space 2048K, 0% used [0x00000000d5900000,0x00000000d5900000,0x00000000d5b00000)
 ParOldGen       total 175616K, used 175113K [0x0000000080000000, 0x000000008ab80000, 0x00000000d5580000)
  object space 175616K, 99% used [0x0000000080000000,0x000000008ab02560,0x000000008ab80000)
 Metaspace       used 63680K, committed 65152K, reserved 1114112K
  class space    used 6707K, committed 7296K, reserved 1048576K
}
Event: 4442.484 GC heap after
{Heap after GC invocations=373 (full 3):
 PSYoungGen      total 3072K, used 1464K [0x00000000d5580000, 0x00000000d5a80000, 0x0000000100000000)
  eden space 1536K, 0% used [0x00000000d5580000,0x00000000d5580000,0x00000000d5700000)
  from space 1536K, 95% used [0x00000000d5900000,0x00000000d5a6e000,0x00000000d5a80000)
  to   space 1536K, 0% used [0x00000000d5700000,0x00000000d5700000,0x00000000d5880000)
 ParOldGen       total 176640K, used 176231K [0x0000000080000000, 0x000000008ac80000, 0x00000000d5580000)
  object space 176640K, 99% used [0x0000000080000000,0x000000008ac19d68,0x000000008ac80000)
 Metaspace       used 63680K, committed 65152K, reserved 1114112K
  class space    used 6707K, committed 7296K, reserved 1048576K
}
Event: 4442.618 GC heap before
{Heap before GC invocations=374 (full 3):
 PSYoungGen      total 3072K, used 3000K [0x00000000d5580000, 0x00000000d5a80000, 0x0000000100000000)
  eden space 1536K, 100% used [0x00000000d5580000,0x00000000d5700000,0x00000000d5700000)
  from space 1536K, 95% used [0x00000000d5900000,0x00000000d5a6e000,0x00000000d5a80000)
  to   space 1536K, 0% used [0x00000000d5700000,0x00000000d5700000,0x00000000d5880000)
 ParOldGen       total 176640K, used 176231K [0x0000000080000000, 0x000000008ac80000, 0x00000000d5580000)
  object space 176640K, 99% used [0x0000000080000000,0x000000008ac19d68,0x000000008ac80000)
 Metaspace       used 63687K, committed 65152K, reserved 1114112K
  class space    used 6707K, committed 7296K, reserved 1048576K
}
Event: 4442.624 GC heap after
{Heap after GC invocations=374 (full 3):
 PSYoungGen      total 3072K, used 991K [0x00000000d5580000, 0x00000000d5a00000, 0x0000000100000000)
  eden space 1536K, 0% used [0x00000000d5580000,0x00000000d5580000,0x00000000d5700000)
  from space 1536K, 64% used [0x00000000d5700000,0x00000000d57f7fa0,0x00000000d5880000)
  to   space 1536K, 0% used [0x00000000d5880000,0x00000000d5880000,0x00000000d5a00000)
 ParOldGen       total 177664K, used 177482K [0x0000000080000000, 0x000000008ad80000, 0x00000000d5580000)
  object space 177664K, 99% used [0x0000000080000000,0x000000008ad52948,0x000000008ad80000)
 Metaspace       used 63687K, committed 65152K, reserved 1114112K
  class space    used 6707K, committed 7296K, reserved 1048576K
}

