# JRE version: OpenJDK Runtime Environment Temurin-21.0.9+10 (21.0.9+10) (build 21.0.9+10-LTS)
# Java VM: OpenJDK 64-Bit Server VM Temurin-21.0.9+10 (21.0.9+10-LTS, mixed mode, sharing, tiered, compressed oops, compressed class ptrs, parallel gc, windows-amd64)
GC Precious Log:
 CardTable entry size: 512
 CPUs: 12 total, 12 available
 Memory: 7863M
 Large Page Support: Disabled
 NUMA Support: Disabled
 Compressed Oops: Enabled (32-bit)
 Alignments: Space 512K, Generation 512K, Heap 2M
 Heap Min Capacity: 100M
 Heap Initial Capacity: 100M
 Heap Max Capacity: 2G
 Pre-touch: Disabled
 Parallel Workers: 10
Heap:
 PSYoungGen      total 10752K, used 8704K [0x00000000d5580000, 0x00000000d6100000, 0x0000000100000000)
  eden space 10240K, 81% used [0x00000000d5580000,0x00000000d5da03c8,0x00000000d5f80000)
  from space 512K, 75% used [0x00000000d6080000,0x00000000d60e0000,0x00000000d6100000)
  to   space 512K, 0% used [0x00000000d6000000,0x00000000d6000000,0x00000000d6080000)
 ParOldGen       total 80384K, used 66725K [0x0000000080000000, 0x0000000084e80000, 0x00000000d5580000)
  object space 80384K, 83% used [0x0000000080000000,0x0000000084129708,0x0000000084e80000)
 Metaspace       used 61298K, committed 62848K, reserved 1114112K
  class space    used 6408K, committed 7104K, reserved 1048576K
GC Heap History (20 events):
Event: 138.207 GC heap before
{Heap before GC invocations=128 (full 3):
 PSYoungGen      total 10752K, used 10752K [0x00000000d5580000, 0x00000000d6180000, 0x0000000100000000)
  eden space 10240K, 100% used [0x00000000d5580000,0x00000000d5f80000,0x00000000d5f80000)
  from space 512K, 100% used [0x00000000d6080000,0x00000000d6100000,0x00000000d6100000)
  to   space 1024K, 0% used [0x00000000d5f80000,0x00000000d5f80000,0x00000000d6080000)
 ParOldGen       total 80384K, used 65334K [0x0000000080000000, 0x0000000084e80000, 0x00000000d5580000)
  object space 80384K, 81% used [0x0000000080000000,0x0000000083fcda20,0x0000000084e80000)
 Metaspace       used 61046K, committed 62464K, reserved 1114112K
  class space    used 6388K, committed 7040K, reserved 1048576K
}
Event: 138.209 GC heap after
{Heap after GC invocations=128 (full 3):
 PSYoungGen      total 11264K, used 800K [0x00000000d5580000, 0x00000000d6180000, 0x0000000100000000)
  eden space 10240K, 0% used [0x00000000d5580000,0x00000000d5580000,0x00000000d5f80000)
  from space 1024K, 78% used [0x00000000d5f80000,0x00000000d6048000,0x00000000d6080000)
  to   space 1024K, 0% used [0x00000000d6080000,0x00000000d6080000,0x00000000d6180000)
 ParOldGen       total 80384K, used 65790K [0x0000000080000000, 0x0000000084e80000, 0x00000000d5580000)
  object space 80384K, 81% used [0x0000000080000000,0x000000008403fa20,0x0000000084e80000)
 Metaspace       used 61046K, committed 62464K, reserved 1114112K
  class space    used 6388K, committed 7040K, reserved 1048576K
}
Event: 138.300 GC heap before
{Heap before GC invocations=129 (full 3):
 PSYoungGen      total 11264K, used 11040K [0x00000000d5580000, 0x00000000d6180000, 0x0000000100000000)
  eden space 10240K, 100% used [0x00000000d5580000,0x00000000d5f80000,0x00000000d5f80000)
  from space 1024K, 78% used [0x00000000d5f80000,0x00000000d6048000,0x00000000d6080000)
  to   space 1024K, 0% used [0x00000000d6080000,0x00000000d6080000,0x00000000d6180000)
 ParOldGen       total 80384K, used 65790K [0x0000000080000000, 0x0000000084e80000, 0x00000000d5580000)
  object space 80384K, 81% used [0x0000000080000000,0x000000008403fa20,0x0000000084e80000)
 Metaspace       used 61062K, committed 62464K, reserved 1114112K
  class space    used 6388K, committed 7040K, reserved 1048576K
}
Event: 138.301 GC heap after
{Heap after GC invocations=129 (full 3):
 PSYoungGen      total 11264K, used 352K [0x00000000d5580000, 0x00000000d6180000, 0x0000000100000000)
  eden space 10240K, 0% used [0x00000000d5580000,0x00000000d5580000,0x00000000d5f80000)
  from space 1024K, 34% used [0x00000000d6080000,0x00000000d60d8000,0x00000000d6180000)
  to   space 1024K, 0% used [0x00000000d5f80000,0x00000000d5f80000,0x00000000d6080000)
 ParOldGen       total 80384K, used 66046K [0x0000000080000000, 0x0000000084e80000, 0x00000000d5580000)
  object space 80384K, 82% used [0x0000000080000000,0x000000008407fa20,0x0000000084e80000)
 Metaspace       used 61062K, committed 62464K, reserved 1114112K
  class space    used 6388K, committed 7040K, reserved 1048576K
}
Event: 138.400 GC heap before
{Heap before GC invocations=130 (full 3):
 PSYoungGen      total 11264K, used 9561K [0x00000000d5580000, 0x00000000d6180000, 0x0000000100000000)
  eden space 10240K, 89% used [0x00000000d5580000,0x00000000d5e7e680,0x00000000d5f80000)
  from space 1024K, 34% used [0x00000000d6080000,0x00000000d60d8000,0x00000000d6180000)
  to   space 1024K, 0% used [0x00000000d5f80000,0x00000000d5f80000,0x00000000d6080000)
 ParOldGen       total 80384K, used 66046K [0x0000000080000000, 0x0000000084e80000, 0x00000000d5580000)
  object space 80384K, 82% used [0x0000000080000000,0x000000008407fa20,0x0000000084e80000)
 Metaspace       used 61066K, committed 62528K, reserved 1114112K
  class space    used 6388K, committed 7040K, reserved 1048576K
}
Event: 138.401 GC heap after
{Heap after GC invocations=130 (full 3):
 PSYoungGen      total 11264K, used 224K [0x00000000d5580000, 0x00000000d6100000, 0x0000000100000000)
  eden space 10240K, 0% used [0x00000000d5580000,0x00000000d5580000,0x00000000d5f80000)
  from space 1024K, 21% used [0x00000000d5f80000,0x00000000d5fb8000,0x00000000d6080000)
  to   space 512K, 0% used [0x00000000d6080000,0x00000000d6080000,0x00000000d6100000)
 ParOldGen       total 80384K, used 66110K [0x0000000080000000, 0x0000000084e80000, 0x00000000d5580000)
  object space 80384K, 82% used [0x0000000080000000,0x000000008408fa20,0x0000000084e80000)
 Metaspace       used 61066K, committed 62528K, reserved 1114112K
  class space    used 6388K, committed 7040K, reserved 1048576K
}
Event: 138.752 GC heap before
{Heap before GC invocations=131 (full 3):
 PSYoungGen      total 11264K, used 10464K [0x00000000d5580000, 0x00000000d6100000, 0x0000000100000000)
  eden space 10240K, 100% used [0x00000000d5580000,0x00000000d5f80000,0x00000000d5f80000)
  from space 1024K, 21% used [0x00000000d5f80000,0x00000000d5fb8000,0x00000000d6080000)
  to   space 512K, 0% used [0x00000000d6080000,0x00000000d6080000,0x00000000d6100000)
 ParOldGen       total 80384K, used 66110K [0x0000000080000000, 0x0000000084e80000, 0x00000000d5580000)
  object space 80384K, 82% used [0x0000000080000000,0x000000008408fa20,0x0000000084e80000)
 Metaspace       used 61147K, committed 62720K, reserved 1114112K
  class space    used 6396K, committed 7104K, reserved 1048576K
}
Event: 138.755 GC heap after
{Heap after GC invocations=131 (full 3):
 PSYoungGen      total 10752K, used 352K [0x00000000d5580000, 0x00000000d6100000, 0x0000000100000000)
  eden space 10240K, 0% used [0x00000000d5580000,0x00000000d5580000,0x00000000d5f80000)
  from space 512K, 68% used [0x00000000d6080000,0x00000000d60d8000,0x00000000d6100000)
  to   space 512K, 0% used [0x00000000d6000000,0x00000000d6000000,0x00000000d6080000)
 ParOldGen       total 80384K, used 66198K [0x0000000080000000, 0x0000000084e80000, 0x00000000d5580000)
  object space 80384K, 82% used [0x0000000080000000,0x00000000840a5a20,0x0000000084e80000)
 Metaspace       used 61147K, committed 62720K, reserved 1114112K
  class space    used 6396K, committed 7104K, reserved 1048576K
}
Event: 138.848 GC heap before
{Heap before GC invocations=132 (full 3):
 PSYoungGen      total 10752K, used 10592K [0x00000000d5580000, 0x00000000d6100000, 0x0000000100000000)
  eden space 10240K, 100% used [0x00000000d5580000,0x00000000d5f80000,0x00000000d5f80000)
  from space 512K, 68% used [0x00000000d6080000,0x00000000d60d8000,0x00000000d6100000)
  to   space 512K, 0% used [0x00000000d6000000,0x00000000d6000000,0x00000000d6080000)
 ParOldGen       total 80384K, used 66198K [0x0000000080000000, 0x0000000084e80000, 0x00000000d5580000)
  object space 80384K, 82% used [0x0000000080000000,0x00000000840a5a20,0x0000000084e80000)
 Metaspace       used 61150K, committed 62720K, reserved 1114112K
  class space    used 6396K, committed 7104K, reserved 1048576K
}
Event: 138.851 GC heap after
{Heap after GC invocations=132 (full 3):
 PSYoungGen      total 10752K, used 501K [0x00000000d5580000, 0x00000000d6180000, 0x0000000100000000)
  eden space 10240K, 0% used [0x00000000d5580000,0x00000000d5580000,0x00000000d5f80000)
  from space 512K, 97% used [0x00000000d6000000,0x00000000d607d418,0x00000000d6080000)
  to   space 1024K, 0% used [0x00000000d6080000,0x00000000d6080000,0x00000000d6180000)
 ParOldGen       total 80384K, used 66334K [0x0000000080000000, 0x0000000084e80000, 0x00000000d5580000)
  object space 80384K, 82% used [0x0000000080000000,0x00000000840c7a20,0x0000000084e80000)
 Metaspace       used 61150K, committed 62720K, reserved 1114112K
  class space    used 6396K, committed 7104K, reserved 1048576K
}
Event: 138.968 GC heap before
{Heap before GC invocations=133 (full 3):
 PSYoungGen      total 10752K, used 10741K [0x00000000d5580000, 0x00000000d6180000, 0x0000000100000000)
  eden space 10240K, 100% used [0x00000000d5580000,0x00000000d5f80000,0x00000000d5f80000)
  from space 512K, 97% used [0x00000000d6000000,0x00000000d607d418,0x00000000d6080000)
  to   space 1024K, 0% used [0x00000000d6080000,0x00000000d6080000,0x00000000d6180000)
 ParOldGen       total 80384K, used 66334K [0x0000000080000000, 0x0000000084e80000, 0x00000000d5580000)
  object space 80384K, 82% used [0x0000000080000000,0x00000000840c7a20,0x0000000084e80000)
 Metaspace       used 61154K, committed 62720K, reserved 1114112K
  class space    used 6396K, committed 7104K, reserved 1048576K
}
Event: 138.972 GC heap after
{Heap after GC invocations=133 (full 3):
 PSYoungGen      total 11264K, used 448K [0x00000000d5580000, 0x00000000d6180000, 0x0000000100000000)
  eden space 10240K, 0% used [0x00000000d5580000,0x00000000d5580000,0x00000000d5f80000)
  from space 1024K, 43% used [0x00000000d6080000,0x00000000d60f0000,0x00000000d6180000)
  to   space 1024K, 0% used [0x00000000d5f80000,0x00000000d5f80000,0x00000000d6080000)
 ParOldGen       total 80384K, used 66549K [0x0000000080000000, 0x0000000084e80000, 0x00000000d5580000)
  object space 80384K, 82% used [0x0000000080000000,0x00000000840fd708,0x0000000084e80000)
 Metaspace       used 61154K, committed 62720K, reserved 1114112K
  class space    used 6396K, committed 7104K, reserved 1048576K
}
Event: 139.069 GC heap before
{Heap before GC invocations=134 (full 3):
 PSYoungGen      total 11264K, used 10688K [0x00000000d5580000, 0x00000000d6180000, 0x0000000100000000)
  eden space 10240K, 100% used [0x00000000d5580000,0x00000000d5f80000,0x00000000d5f80000)
  from space 1024K, 43% used [0x00000000d6080000,0x00000000d60f0000,0x00000000d6180000)
  to   space 1024K, 0% used [0x00000000d5f80000,0x00000000d5f80000,0x00000000d6080000)
 ParOldGen       total 80384K, used 66549K [0x0000000080000000, 0x0000000084e80000, 0x00000000d5580000)
  object space 80384K, 82% used [0x0000000080000000,0x00000000840fd708,0x0000000084e80000)
 Metaspace       used 61159K, committed 62720K, reserved 1114112K
  class space    used 6396K, committed 7104K, reserved 1048576K
}
Event: 139.070 GC heap after
{Heap after GC invocations=134 (full 3):
 PSYoungGen      total 11264K, used 384K [0x00000000d5580000, 0x00000000d6100000, 0x0000000100000000)
  eden space 10240K, 0% used [0x00000000d5580000,0x00000000d5580000,0x00000000d5f80000)
  from space 1024K, 37% used [0x00000000d5f80000,0x00000000d5fe0000,0x00000000d6080000)
  to   space 512K, 0% used [0x00000000d6080000,0x00000000d6080000,0x00000000d6100000)
 ParOldGen       total 80384K, used 66573K [0x0000000080000000, 0x0000000084e80000, 0x00000000d5580000)
  object space 80384K, 82% used [0x0000000080000000,0x0000000084103708,0x0000000084e80000)
 Metaspace       used 61159K, committed 62720K, reserved 1114112K
  class space    used 6396K, committed 7104K, reserved 1048576K
}
Event: 139.202 GC heap before
{Heap before GC invocations=135 (full 3):
 PSYoungGen      total 11264K, used 10624K [0x00000000d5580000, 0x00000000d6100000, 0x0000000100000000)
  eden space 10240K, 100% used [0x00000000d5580000,0x00000000d5f80000,0x00000000d5f80000)
  from space 1024K, 37% used [0x00000000d5f80000,0x00000000d5fe0000,0x00000000d6080000)
  to   space 512K, 0% used [0x00000000d6080000,0x00000000d6080000,0x00000000d6100000)
 ParOldGen       total 80384K, used 66573K [0x0000000080000000, 0x0000000084e80000, 0x00000000d5580000)
  object space 80384K, 82% used [0x0000000080000000,0x0000000084103708,0x0000000084e80000)
 Metaspace       used 61214K, committed 62720K, reserved 1114112K
  class space    used 6400K, committed 7104K, reserved 1048576K
}
Event: 139.206 GC heap after
{Heap after GC invocations=135 (full 3):
 PSYoungGen      total 10752K, used 320K [0x00000000d5580000, 0x00000000d6100000, 0x0000000100000000)
  eden space 10240K, 0% used [0x00000000d5580000,0x00000000d5580000,0x00000000d5f80000)
  from space 512K, 62% used [0x00000000d6080000,0x00000000d60d0000,0x00000000d6100000)
  to   space 512K, 0% used [0x00000000d6000000,0x00000000d6000000,0x00000000d6080000)
 ParOldGen       total 80384K, used 66597K [0x0000000080000000, 0x0000000084e80000, 0x00000000d5580000)
  object space 80384K, 82% used [0x0000000080000000,0x0000000084109708,0x0000000084e80000)
 Metaspace       used 61214K, committed 62720K, reserved 1114112K
  class space    used 6400K, committed 7104K, reserved 1048576K
}
Event: 139.269 GC heap before
{Heap before GC invocations=136 (full 3):
 PSYoungGen      total 10752K, used 9793K [0x00000000d5580000, 0x00000000d6100000, 0x0000000100000000)
  eden space 10240K, 92% used [0x00000000d5580000,0x00000000d5ec05b0,0x00000000d5f80000)
  from space 512K, 62% used [0x00000000d6080000,0x00000000d60d0000,0x00000000d6100000)
  to   space 512K, 0% used [0x00000000d6000000,0x00000000d6000000,0x00000000d6080000)
 ParOldGen       total 80384K, used 66597K [0x0000000080000000, 0x0000000084e80000, 0x00000000d5580000)
  object space 80384K, 82% used [0x0000000080000000,0x0000000084109708,0x0000000084e80000)
 Metaspace       used 61218K, committed 62720K, reserved 1114112K
  class space    used 6400K, committed 7104K, reserved 1048576K
}
Event: 139.272 GC heap after
{Heap after GC invocations=136 (full 3):
 PSYoungGen      total 10752K, used 192K [0x00000000d5580000, 0x00000000d6100000, 0x0000000100000000)
  eden space 10240K, 0% used [0x00000000d5580000,0x00000000d5580000,0x00000000d5f80000)
  from space 512K, 37% used [0x00000000d6000000,0x00000000d6030000,0x00000000d6080000)
  to   space 512K, 0% used [0x00000000d6080000,0x00000000d6080000,0x00000000d6100000)
 ParOldGen       total 80384K, used 66661K [0x0000000080000000, 0x0000000084e80000, 0x00000000d5580000)
  object space 80384K, 82% used [0x0000000080000000,0x0000000084119708,0x0000000084e80000)
 Metaspace       used 61218K, committed 62720K, reserved 1114112K
  class space    used 6400K, committed 7104K, reserved 1048576K
}
Event: 139.353 GC heap before
{Heap before GC invocations=137 (full 3):
 PSYoungGen      total 10752K, used 10432K [0x00000000d5580000, 0x00000000d6100000, 0x0000000100000000)
  eden space 10240K, 100% used [0x00000000d5580000,0x00000000d5f80000,0x00000000d5f80000)
  from space 512K, 37% used [0x00000000d6000000,0x00000000d6030000,0x00000000d6080000)
  to   space 512K, 0% used [0x00000000d6080000,0x00000000d6080000,0x00000000d6100000)
 ParOldGen       total 80384K, used 66661K [0x0000000080000000, 0x0000000084e80000, 0x00000000d5580000)
  object space 80384K, 82% used [0x0000000080000000,0x0000000084119708,0x0000000084e80000)
 Metaspace       used 61220K, committed 62720K, reserved 1114112K
  class space    used 6400K, committed 7104K, reserved 1048576K
}
Event: 139.355 GC heap after
{Heap after GC invocations=137 (full 3):
 PSYoungGen      total 10752K, used 384K [0x00000000d5580000, 0x00000000d6100000, 0x0000000100000000)
  eden space 10240K, 0% used [0x00000000d5580000,0x00000000d5580000,0x00000000d5f80000)
  from space 512K, 75% used [0x00000000d6080000,0x00000000d60e0000,0x00000000d6100000)
  to   space 512K, 0% used [0x00000000d6000000,0x00000000d6000000,0x00000000d6080000)
 ParOldGen       total 80384K, used 66725K [0x0000000080000000, 0x0000000084e80000, 0x00000000d5580000)
  object space 80384K, 83% used [0x0000000080000000,0x0000000084129708,0x0000000084e80000)
 Metaspace       used 61220K, committed 62720K, reserved 1114112K
  class space    used 6400K, committed 7104K, reserved 1048576K
}

