# JRE version: OpenJDK Runtime Environment Temurin-21.0.9+10 (21.0.9+10) (build 21.0.9+10-LTS)
# Java VM: OpenJDK 64-Bit Server VM Temurin-21.0.9+10 (21.0.9+10-LTS, mixed mode, sharing, tiered, compressed oops, compressed class ptrs, parallel gc, windows-amd64)
GC Precious Log:
 CardTable entry size: 512
 CPUs: 12 total, 12 available
 Memory: 7863M
 Large Page Support: Disabled
 NUMA Support: Disabled
 Compressed Oops: Enabled (32-bit)
 Alignments: Space 512K, Generation 512K, Heap 2M
 Heap Min Capacity: 100M
 Heap Initial Capacity: 100M
 Heap Max Capacity: 2G
 Pre-touch: Disabled
 Parallel Workers: 10
Heap:
 PSYoungGen      total 13312K, used 6104K [0x00000000d5580000, 0x00000000d6480000, 0x0000000100000000)
  eden space 12800K, 45% used [0x00000000d5580000,0x00000000d5b263f8,0x00000000d6200000)
  from space 512K, 62% used [0x00000000d6400000,0x00000000d6450000,0x00000000d6480000)
  to   space 512K, 0% used [0x00000000d6380000,0x00000000d6380000,0x00000000d6400000)
 ParOldGen       total 85504K, used 76831K [0x0000000080000000, 0x0000000085380000, 0x00000000d5580000)
  object space 85504K, 89% used [0x0000000080000000,0x0000000084b07f68,0x0000000085380000)
 Metaspace       used 62378K, committed 63936K, reserved 1114112K
  class space    used 6605K, committed 7296K, reserved 1048576K
GC Heap History (20 events):
Event: 62.014 GC heap before
{Heap before GC invocations=110 (full 3):
 PSYoungGen      total 13312K, used 12992K [0x00000000d5580000, 0x00000000d6480000, 0x0000000100000000)
  eden space 12800K, 100% used [0x00000000d5580000,0x00000000d6200000,0x00000000d6200000)
  from space 512K, 37% used [0x00000000d6400000,0x00000000d6430000,0x00000000d6480000)
  to   space 512K, 0% used [0x00000000d6380000,0x00000000d6380000,0x00000000d6400000)
 ParOldGen       total 85504K, used 76053K [0x0000000080000000, 0x0000000085380000, 0x00000000d5580000)
  object space 85504K, 88% used [0x0000000080000000,0x0000000084a45698,0x0000000085380000)
 Metaspace       used 62178K, committed 63744K, reserved 1114112K
  class space    used 6585K, committed 7296K, reserved 1048576K
}
Event: 62.015 GC heap after
{Heap after GC invocations=110 (full 3):
 PSYoungGen      total 13312K, used 256K [0x00000000d5580000, 0x00000000d6480000, 0x0000000100000000)
  eden space 12800K, 0% used [0x00000000d5580000,0x00000000d5580000,0x00000000d6200000)
  from space 512K, 50% used [0x00000000d6380000,0x00000000d63c0000,0x00000000d6400000)
  to   space 512K, 0% used [0x00000000d6400000,0x00000000d6400000,0x00000000d6480000)
 ParOldGen       total 85504K, used 76085K [0x0000000080000000, 0x0000000085380000, 0x00000000d5580000)
  object space 85504K, 88% used [0x0000000080000000,0x0000000084a4d698,0x0000000085380000)
 Metaspace       used 62178K, committed 63744K, reserved 1114112K
  class space    used 6585K, committed 7296K, reserved 1048576K
}
Event: 62.080 GC heap before
{Heap before GC invocations=111 (full 3):
 PSYoungGen      total 13312K, used 12688K [0x00000000d5580000, 0x00000000d6480000, 0x0000000100000000)
  eden space 12800K, 97% used [0x00000000d5580000,0x00000000d61a41d0,0x00000000d6200000)
  from space 512K, 50% used [0x00000000d6380000,0x00000000d63c0000,0x00000000d6400000)
  to   space 512K, 0% used [0x00000000d6400000,0x00000000d6400000,0x00000000d6480000)
 ParOldGen       total 85504K, used 76085K [0x0000000080000000, 0x0000000085380000, 0x00000000d5580000)
  object space 85504K, 88% used [0x0000000080000000,0x0000000084a4d698,0x0000000085380000)
 Metaspace       used 62186K, committed 63744K, reserved 1114112K
  class space    used 6585K, committed 7296K, reserved 1048576K
}
Event: 62.082 GC heap after
{Heap after GC invocations=111 (full 3):
 PSYoungGen      total 13312K, used 288K [0x00000000d5580000, 0x00000000d6480000, 0x0000000100000000)
  eden space 12800K, 0% used [0x00000000d5580000,0x00000000d5580000,0x00000000d6200000)
  from space 512K, 56% used [0x00000000d6400000,0x00000000d6448000,0x00000000d6480000)
  to   space 512K, 0% used [0x00000000d6380000,0x00000000d6380000,0x00000000d6400000)
 ParOldGen       total 85504K, used 76173K [0x0000000080000000, 0x0000000085380000, 0x00000000d5580000)
  object space 85504K, 89% used [0x0000000080000000,0x0000000084a63698,0x0000000085380000)
 Metaspace       used 62186K, committed 63744K, reserved 1114112K
  class space    used 6585K, committed 7296K, reserved 1048576K
}
Event: 62.165 GC heap before
{Heap before GC invocations=112 (full 3):
 PSYoungGen      total 13312K, used 12884K [0x00000000d5580000, 0x00000000d6480000, 0x0000000100000000)
  eden space 12800K, 98% used [0x00000000d5580000,0x00000000d61cd328,0x00000000d6200000)
  from space 512K, 56% used [0x00000000d6400000,0x00000000d6448000,0x00000000d6480000)
  to   space 512K, 0% used [0x00000000d6380000,0x00000000d6380000,0x00000000d6400000)
 ParOldGen       total 85504K, used 76173K [0x0000000080000000, 0x0000000085380000, 0x00000000d5580000)
  object space 85504K, 89% used [0x0000000080000000,0x0000000084a63698,0x0000000085380000)
 Metaspace       used 62202K, committed 63744K, reserved 1114112K
  class space    used 6585K, committed 7296K, reserved 1048576K
}
Event: 62.167 GC heap after
{Heap after GC invocations=112 (full 3):
 PSYoungGen      total 13312K, used 288K [0x00000000d5580000, 0x00000000d6480000, 0x0000000100000000)
  eden space 12800K, 0% used [0x00000000d5580000,0x00000000d5580000,0x00000000d6200000)
  from space 512K, 56% used [0x00000000d6380000,0x00000000d63c8000,0x00000000d6400000)
  to   space 512K, 0% used [0x00000000d6400000,0x00000000d6400000,0x00000000d6480000)
 ParOldGen       total 85504K, used 76213K [0x0000000080000000, 0x0000000085380000, 0x00000000d5580000)
  object space 85504K, 89% used [0x0000000080000000,0x0000000084a6d698,0x0000000085380000)
 Metaspace       used 62202K, committed 63744K, reserved 1114112K
  class space    used 6585K, committed 7296K, reserved 1048576K
}
Event: 62.241 GC heap before
{Heap before GC invocations=113 (full 3):
 PSYoungGen      total 13312K, used 13088K [0x00000000d5580000, 0x00000000d6480000, 0x0000000100000000)
  eden space 12800K, 100% used [0x00000000d5580000,0x00000000d6200000,0x00000000d6200000)
  from space 512K, 56% used [0x00000000d6380000,0x00000000d63c8000,0x00000000d6400000)
  to   space 512K, 0% used [0x00000000d6400000,0x00000000d6400000,0x00000000d6480000)
 ParOldGen       total 85504K, used 76213K [0x0000000080000000, 0x0000000085380000, 0x00000000d5580000)
  object space 85504K, 89% used [0x0000000080000000,0x0000000084a6d698,0x0000000085380000)
 Metaspace       used 62209K, committed 63744K, reserved 1114112K
  class space    used 6585K, committed 7296K, reserved 1048576K
}
Event: 62.243 GC heap after
{Heap after GC invocations=113 (full 3):
 PSYoungGen      total 13312K, used 256K [0x00000000d5580000, 0x00000000d6480000, 0x0000000100000000)
  eden space 12800K, 0% used [0x00000000d5580000,0x00000000d5580000,0x00000000d6200000)
  from space 512K, 50% used [0x00000000d6400000,0x00000000d6440000,0x00000000d6480000)
  to   space 512K, 0% used [0x00000000d6380000,0x00000000d6380000,0x00000000d6400000)
 ParOldGen       total 85504K, used 76261K [0x0000000080000000, 0x0000000085380000, 0x00000000d5580000)
  object space 85504K, 89% used [0x0000000080000000,0x0000000084a79698,0x0000000085380000)
 Metaspace       used 62209K, committed 63744K, reserved 1114112K
  class space    used 6585K, committed 7296K, reserved 1048576K
}
Event: 62.490 GC heap before
{Heap before GC invocations=114 (full 3):
 PSYoungGen      total 13312K, used 13056K [0x00000000d5580000, 0x00000000d6480000, 0x0000000100000000)
  eden space 12800K, 100% used [0x00000000d5580000,0x00000000d6200000,0x00000000d6200000)
  from space 512K, 50% used [0x00000000d6400000,0x00000000d6440000,0x00000000d6480000)
  to   space 512K, 0% used [0x00000000d6380000,0x00000000d6380000,0x00000000d6400000)
 ParOldGen       total 85504K, used 76261K [0x0000000080000000, 0x0000000085380000, 0x00000000d5580000)
  object space 85504K, 89% used [0x0000000080000000,0x0000000084a79698,0x0000000085380000)
 Metaspace       used 62278K, committed 63808K, reserved 1114112K
  class space    used 6593K, committed 7296K, reserved 1048576K
}
Event: 62.492 GC heap after
{Heap after GC invocations=114 (full 3):
 PSYoungGen      total 13312K, used 320K [0x00000000d5580000, 0x00000000d6480000, 0x0000000100000000)
  eden space 12800K, 0% used [0x00000000d5580000,0x00000000d5580000,0x00000000d6200000)
  from space 512K, 62% used [0x00000000d6380000,0x00000000d63d0000,0x00000000d6400000)
  to   space 512K, 0% used [0x00000000d6400000,0x00000000d6400000,0x00000000d6480000)
 ParOldGen       total 85504K, used 76333K [0x0000000080000000, 0x0000000085380000, 0x00000000d5580000)
  object space 85504K, 89% used [0x0000000080000000,0x0000000084a8b698,0x0000000085380000)
 Metaspace       used 62278K, committed 63808K, reserved 1114112K
  class space    used 6593K, committed 7296K, reserved 1048576K
}
Event: 62.589 GC heap before
{Heap before GC invocations=115 (full 3):
 PSYoungGen      total 13312K, used 13120K [0x00000000d5580000, 0x00000000d6480000, 0x0000000100000000)
  eden space 12800K, 100% used [0x00000000d5580000,0x00000000d6200000,0x00000000d6200000)
  from space 512K, 62% used [0x00000000d6380000,0x00000000d63d0000,0x00000000d6400000)
  to   space 512K, 0% used [0x00000000d6400000,0x00000000d6400000,0x00000000d6480000)
 ParOldGen       total 85504K, used 76333K [0x0000000080000000, 0x0000000085380000, 0x00000000d5580000)
  object space 85504K, 89% used [0x0000000080000000,0x0000000084a8b698,0x0000000085380000)
 Metaspace       used 62282K, committed 63808K, reserved 1114112K
  class space    used 6593K, committed 7296K, reserved 1048576K
}
Event: 62.591 GC heap after
{Heap after GC invocations=115 (full 3):
 PSYoungGen      total 13312K, used 352K [0x00000000d5580000, 0x00000000d6480000, 0x0000000100000000)
  eden space 12800K, 0% used [0x00000000d5580000,0x00000000d5580000,0x00000000d6200000)
  from space 512K, 68% used [0x00000000d6400000,0x00000000d6458000,0x00000000d6480000)
  to   space 512K, 0% used [0x00000000d6380000,0x00000000d6380000,0x00000000d6400000)
 ParOldGen       total 85504K, used 76485K [0x0000000080000000, 0x0000000085380000, 0x00000000d5580000)
  object space 85504K, 89% used [0x0000000080000000,0x0000000084ab1698,0x0000000085380000)
 Metaspace       used 62282K, committed 63808K, reserved 1114112K
  class space    used 6593K, committed 7296K, reserved 1048576K
}
Event: 62.674 GC heap before
{Heap before GC invocations=116 (full 3):
 PSYoungGen      total 13312K, used 13152K [0x00000000d5580000, 0x00000000d6480000, 0x0000000100000000)
  eden space 12800K, 100% used [0x00000000d5580000,0x00000000d6200000,0x00000000d6200000)
  from space 512K, 68% used [0x00000000d6400000,0x00000000d6458000,0x00000000d6480000)
  to   space 512K, 0% used [0x00000000d6380000,0x00000000d6380000,0x00000000d6400000)
 ParOldGen       total 85504K, used 76485K [0x0000000080000000, 0x0000000085380000, 0x00000000d5580000)
  object space 85504K, 89% used [0x0000000080000000,0x0000000084ab1698,0x0000000085380000)
 Metaspace       used 62286K, committed 63808K, reserved 1114112K
  class space    used 6593K, committed 7296K, reserved 1048576K
}
Event: 62.675 GC heap after
{Heap after GC invocations=116 (full 3):
 PSYoungGen      total 13312K, used 192K [0x00000000d5580000, 0x00000000d6480000, 0x0000000100000000)
  eden space 12800K, 0% used [0x00000000d5580000,0x00000000d5580000,0x00000000d6200000)
  from space 512K, 37% used [0x00000000d6380000,0x00000000d63b0000,0x00000000d6400000)
  to   space 512K, 0% used [0x00000000d6400000,0x00000000d6400000,0x00000000d6480000)
 ParOldGen       total 85504K, used 76631K [0x0000000080000000, 0x0000000085380000, 0x00000000d5580000)
  object space 85504K, 89% used [0x0000000080000000,0x0000000084ad5f68,0x0000000085380000)
 Metaspace       used 62286K, committed 63808K, reserved 1114112K
  class space    used 6593K, committed 7296K, reserved 1048576K
}
Event: 62.824 GC heap before
{Heap before GC invocations=117 (full 3):
 PSYoungGen      total 13312K, used 12992K [0x00000000d5580000, 0x00000000d6480000, 0x0000000100000000)
  eden space 12800K, 100% used [0x00000000d5580000,0x00000000d6200000,0x00000000d6200000)
  from space 512K, 37% used [0x00000000d6380000,0x00000000d63b0000,0x00000000d6400000)
  to   space 512K, 0% used [0x00000000d6400000,0x00000000d6400000,0x00000000d6480000)
 ParOldGen       total 85504K, used 76631K [0x0000000080000000, 0x0000000085380000, 0x00000000d5580000)
  object space 85504K, 89% used [0x0000000080000000,0x0000000084ad5f68,0x0000000085380000)
 Metaspace       used 62330K, committed 63872K, reserved 1114112K
  class space    used 6596K, committed 7296K, reserved 1048576K
}
Event: 62.826 GC heap after
{Heap after GC invocations=117 (full 3):
 PSYoungGen      total 13312K, used 320K [0x00000000d5580000, 0x00000000d6480000, 0x0000000100000000)
  eden space 12800K, 0% used [0x00000000d5580000,0x00000000d5580000,0x00000000d6200000)
  from space 512K, 62% used [0x00000000d6400000,0x00000000d6450000,0x00000000d6480000)
  to   space 512K, 0% used [0x00000000d6380000,0x00000000d6380000,0x00000000d6400000)
 ParOldGen       total 85504K, used 76655K [0x0000000080000000, 0x0000000085380000, 0x00000000d5580000)
  object space 85504K, 89% used [0x0000000080000000,0x0000000084adbf68,0x0000000085380000)
 Metaspace       used 62330K, committed 63872K, reserved 1114112K
  class space    used 6596K, committed 7296K, reserved 1048576K
}
Event: 63.039 GC heap before
{Heap before GC invocations=118 (full 3):
 PSYoungGen      total 13312K, used 12286K [0x00000000d5580000, 0x00000000d6480000, 0x0000000100000000)
  eden space 12800K, 93% used [0x00000000d5580000,0x00000000d612f9c0,0x00000000d6200000)
  from space 512K, 62% used [0x00000000d6400000,0x00000000d6450000,0x00000000d6480000)
  to   space 512K, 0% used [0x00000000d6380000,0x00000000d6380000,0x00000000d6400000)
 ParOldGen       total 85504K, used 76655K [0x0000000080000000, 0x0000000085380000, 0x00000000d5580000)
  object space 85504K, 89% used [0x0000000080000000,0x0000000084adbf68,0x0000000085380000)
 Metaspace       used 62333K, committed 63872K, reserved 1114112K
  class space    used 6596K, committed 7296K, reserved 1048576K
}
Event: 63.040 GC heap after
{Heap after GC invocations=118 (full 3):
 PSYoungGen      total 13312K, used 288K [0x00000000d5580000, 0x00000000d6480000, 0x0000000100000000)
  eden space 12800K, 0% used [0x00000000d5580000,0x00000000d5580000,0x00000000d6200000)
  from space 512K, 56% used [0x00000000d6380000,0x00000000d63c8000,0x00000000d6400000)
  to   space 512K, 0% used [0x00000000d6400000,0x00000000d6400000,0x00000000d6480000)
 ParOldGen       total 85504K, used 76727K [0x0000000080000000, 0x0000000085380000, 0x00000000d5580000)
  object space 85504K, 89% used [0x0000000080000000,0x0000000084aedf68,0x0000000085380000)
 Metaspace       used 62333K, committed 63872K, reserved 1114112K
  class space    used 6596K, committed 7296K, reserved 1048576K
}
Event: 63.215 GC heap before
{Heap before GC invocations=119 (full 3):
 PSYoungGen      total 13312K, used 13088K [0x00000000d5580000, 0x00000000d6480000, 0x0000000100000000)
  eden space 12800K, 100% used [0x00000000d5580000,0x00000000d6200000,0x00000000d6200000)
  from space 512K, 56% used [0x00000000d6380000,0x00000000d63c8000,0x00000000d6400000)
  to   space 512K, 0% used [0x00000000d6400000,0x00000000d6400000,0x00000000d6480000)
 ParOldGen       total 85504K, used 76727K [0x0000000080000000, 0x0000000085380000, 0x00000000d5580000)
  object space 85504K, 89% used [0x0000000080000000,0x0000000084aedf68,0x0000000085380000)
 Metaspace       used 62335K, committed 63872K, reserved 1114112K
  class space    used 6597K, committed 7296K, reserved 1048576K
}
Event: 63.217 GC heap after
{Heap after GC invocations=119 (full 3):
 PSYoungGen      total 13312K, used 320K [0x00000000d5580000, 0x00000000d6480000, 0x0000000100000000)
  eden space 12800K, 0% used [0x00000000d5580000,0x00000000d5580000,0x00000000d6200000)
  from space 512K, 62% used [0x00000000d6400000,0x00000000d6450000,0x00000000d6480000)
  to   space 512K, 0% used [0x00000000d6380000,0x00000000d6380000,0x00000000d6400000)
 ParOldGen       total 85504K, used 76831K [0x0000000080000000, 0x0000000085380000, 0x00000000d5580000)
  object space 85504K, 89% used [0x0000000080000000,0x0000000084b07f68,0x0000000085380000)
 Metaspace       used 62335K, committed 63872K, reserved 1114112K
  class space    used 6597K, committed 7296K, reserved 1048576K
}

