# JRE version: OpenJDK Runtime Environment Temurin-21.0.9+10 (21.0.9+10) (build 21.0.9+10-LTS)
# Java VM: OpenJDK 64-Bit Server VM Temurin-21.0.9+10 (21.0.9+10-LTS, mixed mode, sharing, tiered, compressed oops, compressed class ptrs, parallel gc, windows-amd64)
GC Precious Log:
 CardTable entry size: 512
 CPUs: 12 total, 12 available
 Memory: 7863M
 Large Page Support: Disabled
 NUMA Support: Disabled
 Compressed Oops: Enabled (32-bit)
 Alignments: Space 512K, Generation 512K, Heap 2M
 Heap Min Capacity: 100M
 Heap Initial Capacity: 100M
 Heap Max Capacity: 2G
 Pre-touch: Disabled
 Parallel Workers: 10
Heap:
 PSYoungGen      total 23040K, used 3178K [0x00000000d5580000, 0x00000000d6f00000, 0x0000000100000000)
  eden space 22016K, 10% used [0x00000000d5580000,0x00000000d57a80b8,0x00000000d6b00000)
  from space 1024K, 94% used [0x00000000d6b80000,0x00000000d6c727b0,0x00000000d6c80000)
  to   space 1536K, 0% used [0x00000000d6d80000,0x00000000d6d80000,0x00000000d6f00000)
 ParOldGen       total 68608K, used 47703K [0x0000000080000000, 0x0000000084300000, 0x00000000d5580000)
  object space 68608K, 69% used [0x0000000080000000,0x0000000082e95e98,0x0000000084300000)
 Metaspace       used 58042K, committed 59328K, reserved 1114112K
  class space    used 6344K, committed 6912K, reserved 1048576K
GC Heap History (20 events):
Event: 29.312 GC heap before
{Heap before GC invocations=22 (full 2):
 PSYoungGen      total 24576K, used 24238K [0x00000000d5580000, 0x00000000d7100000, 0x0000000100000000)
  eden space 22016K, 100% used [0x00000000d5580000,0x00000000d6b00000,0x00000000d6b00000)
  from space 2560K, 86% used [0x00000000d6b00000,0x00000000d6d2b9d0,0x00000000d6d80000)
  to   space 3072K, 0% used [0x00000000d6e00000,0x00000000d6e00000,0x00000000d7100000)
 ParOldGen       total 68608K, used 29750K [0x0000000080000000, 0x0000000084300000, 0x00000000d5580000)
  object space 68608K, 43% used [0x0000000080000000,0x0000000081d0da08,0x0000000084300000)
 Metaspace       used 47388K, committed 48640K, reserved 1114112K
  class space    used 5106K, committed 5632K, reserved 1048576K
}
Event: 29.322 GC heap after
{Heap after GC invocations=22 (full 2):
 PSYoungGen      total 25088K, used 2811K [0x00000000d5580000, 0x00000000d7100000, 0x0000000100000000)
  eden space 22016K, 0% used [0x00000000d5580000,0x00000000d5580000,0x00000000d6b00000)
  from space 3072K, 91% used [0x00000000d6e00000,0x00000000d70bec80,0x00000000d7100000)
  to   space 3072K, 0% used [0x00000000d6b00000,0x00000000d6b00000,0x00000000d6e00000)
 ParOldGen       total 68608K, used 31633K [0x0000000080000000, 0x0000000084300000, 0x00000000d5580000)
  object space 68608K, 46% used [0x0000000080000000,0x0000000081ee4720,0x0000000084300000)
 Metaspace       used 47388K, committed 48640K, reserved 1114112K
  class space    used 5106K, committed 5632K, reserved 1048576K
}
Event: 29.905 GC heap before
{Heap before GC invocations=23 (full 2):
 PSYoungGen      total 25088K, used 24827K [0x00000000d5580000, 0x00000000d7100000, 0x0000000100000000)
  eden space 22016K, 100% used [0x00000000d5580000,0x00000000d6b00000,0x00000000d6b00000)
  from space 3072K, 91% used [0x00000000d6e00000,0x00000000d70bec80,0x00000000d7100000)
  to   space 3072K, 0% used [0x00000000d6b00000,0x00000000d6b00000,0x00000000d6e00000)
 ParOldGen       total 68608K, used 31633K [0x0000000080000000, 0x0000000084300000, 0x00000000d5580000)
  object space 68608K, 46% used [0x0000000080000000,0x0000000081ee4720,0x0000000084300000)
 Metaspace       used 48443K, committed 49664K, reserved 1114112K
  class space    used 5248K, committed 5760K, reserved 1048576K
}
Event: 29.915 GC heap after
{Heap after GC invocations=23 (full 2):
 PSYoungGen      total 24064K, used 2020K [0x00000000d5580000, 0x00000000d7000000, 0x0000000100000000)
  eden space 22016K, 0% used [0x00000000d5580000,0x00000000d5580000,0x00000000d6b00000)
  from space 2048K, 98% used [0x00000000d6b00000,0x00000000d6cf9000,0x00000000d6d00000)
  to   space 2560K, 0% used [0x00000000d6d80000,0x00000000d6d80000,0x00000000d7000000)
 ParOldGen       total 68608K, used 34171K [0x0000000080000000, 0x0000000084300000, 0x00000000d5580000)
  object space 68608K, 49% used [0x0000000080000000,0x000000008215ec38,0x0000000084300000)
 Metaspace       used 48443K, committed 49664K, reserved 1114112K
  class space    used 5248K, committed 5760K, reserved 1048576K
}
Event: 31.127 GC heap before
{Heap before GC invocations=24 (full 2):
 PSYoungGen      total 24064K, used 24036K [0x00000000d5580000, 0x00000000d7000000, 0x0000000100000000)
  eden space 22016K, 100% used [0x00000000d5580000,0x00000000d6b00000,0x00000000d6b00000)
  from space 2048K, 98% used [0x00000000d6b00000,0x00000000d6cf9000,0x00000000d6d00000)
  to   space 2560K, 0% used [0x00000000d6d80000,0x00000000d6d80000,0x00000000d7000000)
 ParOldGen       total 68608K, used 34171K [0x0000000080000000, 0x0000000084300000, 0x00000000d5580000)
  object space 68608K, 49% used [0x0000000080000000,0x000000008215ec38,0x0000000084300000)
 Metaspace       used 48799K, committed 50048K, reserved 1114112K
  class space    used 5294K, committed 5824K, reserved 1048576K
}
Event: 31.134 GC heap after
{Heap after GC invocations=24 (full 2):
 PSYoungGen      total 24576K, used 2336K [0x00000000d5580000, 0x00000000d7000000, 0x0000000100000000)
  eden space 22016K, 0% used [0x00000000d5580000,0x00000000d5580000,0x00000000d6b00000)
  from space 2560K, 91% used [0x00000000d6d80000,0x00000000d6fc8000,0x00000000d7000000)
  to   space 2560K, 0% used [0x00000000d6b00000,0x00000000d6b00000,0x00000000d6d80000)
 ParOldGen       total 68608K, used 36083K [0x0000000080000000, 0x0000000084300000, 0x00000000d5580000)
  object space 68608K, 52% used [0x0000000080000000,0x000000008233cd38,0x0000000084300000)
 Metaspace       used 48799K, committed 50048K, reserved 1114112K
  class space    used 5294K, committed 5824K, reserved 1048576K
}
Event: 32.303 GC heap before
{Heap before GC invocations=25 (full 2):
 PSYoungGen      total 24576K, used 24352K [0x00000000d5580000, 0x00000000d7000000, 0x0000000100000000)
  eden space 22016K, 100% used [0x00000000d5580000,0x00000000d6b00000,0x00000000d6b00000)
  from space 2560K, 91% used [0x00000000d6d80000,0x00000000d6fc8000,0x00000000d7000000)
  to   space 2560K, 0% used [0x00000000d6b00000,0x00000000d6b00000,0x00000000d6d80000)
 ParOldGen       total 68608K, used 36083K [0x0000000080000000, 0x0000000084300000, 0x00000000d5580000)
  object space 68608K, 52% used [0x0000000080000000,0x000000008233cd38,0x0000000084300000)
 Metaspace       used 49490K, committed 50752K, reserved 1114112K
  class space    used 5371K, committed 5888K, reserved 1048576K
}
Event: 32.316 GC heap after
{Heap after GC invocations=25 (full 2):
 PSYoungGen      total 24576K, used 2496K [0x00000000d5580000, 0x00000000d7000000, 0x0000000100000000)
  eden space 22016K, 0% used [0x00000000d5580000,0x00000000d5580000,0x00000000d6b00000)
  from space 2560K, 97% used [0x00000000d6b00000,0x00000000d6d70010,0x00000000d6d80000)
  to   space 2560K, 0% used [0x00000000d6d80000,0x00000000d6d80000,0x00000000d7000000)
 ParOldGen       total 68608K, used 38251K [0x0000000080000000, 0x0000000084300000, 0x00000000d5580000)
  object space 68608K, 55% used [0x0000000080000000,0x000000008255ad38,0x0000000084300000)
 Metaspace       used 49490K, committed 50752K, reserved 1114112K
  class space    used 5371K, committed 5888K, reserved 1048576K
}
Event: 32.959 GC heap before
{Heap before GC invocations=26 (full 2):
 PSYoungGen      total 24576K, used 24512K [0x00000000d5580000, 0x00000000d7000000, 0x0000000100000000)
  eden space 22016K, 100% used [0x00000000d5580000,0x00000000d6b00000,0x00000000d6b00000)
  from space 2560K, 97% used [0x00000000d6b00000,0x00000000d6d70010,0x00000000d6d80000)
  to   space 2560K, 0% used [0x00000000d6d80000,0x00000000d6d80000,0x00000000d7000000)
 ParOldGen       total 68608K, used 38251K [0x0000000080000000, 0x0000000084300000, 0x00000000d5580000)
  object space 68608K, 55% used [0x0000000080000000,0x000000008255ad38,0x0000000084300000)
 Metaspace       used 50096K, committed 51328K, reserved 1114112K
  class space    used 5450K, committed 5952K, reserved 1048576K
}
Event: 32.970 GC heap after
{Heap after GC invocations=26 (full 2):
 PSYoungGen      total 24576K, used 1816K [0x00000000d5580000, 0x00000000d7000000, 0x0000000100000000)
  eden space 22016K, 0% used [0x00000000d5580000,0x00000000d5580000,0x00000000d6b00000)
  from space 2560K, 70% used [0x00000000d6d80000,0x00000000d6f46200,0x00000000d7000000)
  to   space 2560K, 0% used [0x00000000d6b00000,0x00000000d6b00000,0x00000000d6d80000)
 ParOldGen       total 68608K, used 40623K [0x0000000080000000, 0x0000000084300000, 0x00000000d5580000)
  object space 68608K, 59% used [0x0000000080000000,0x00000000827abd58,0x0000000084300000)
 Metaspace       used 50096K, committed 51328K, reserved 1114112K
  class space    used 5450K, committed 5952K, reserved 1048576K
}
Event: 34.135 GC heap before
{Heap before GC invocations=27 (full 2):
 PSYoungGen      total 24576K, used 23813K [0x00000000d5580000, 0x00000000d7000000, 0x0000000100000000)
  eden space 22016K, 99% used [0x00000000d5580000,0x00000000d6afb338,0x00000000d6b00000)
  from space 2560K, 70% used [0x00000000d6d80000,0x00000000d6f46200,0x00000000d7000000)
  to   space 2560K, 0% used [0x00000000d6b00000,0x00000000d6b00000,0x00000000d6d80000)
 ParOldGen       total 68608K, used 40623K [0x0000000080000000, 0x0000000084300000, 0x00000000d5580000)
  object space 68608K, 59% used [0x0000000080000000,0x00000000827abd58,0x0000000084300000)
 Metaspace       used 52774K, committed 54016K, reserved 1114112K
  class space    used 5765K, committed 6272K, reserved 1048576K
}
Event: 34.146 GC heap after
{Heap after GC invocations=27 (full 2):
 PSYoungGen      total 24576K, used 2543K [0x00000000d5580000, 0x00000000d7500000, 0x0000000100000000)
  eden space 22016K, 0% used [0x00000000d5580000,0x00000000d5580000,0x00000000d6b00000)
  from space 2560K, 99% used [0x00000000d6b00000,0x00000000d6d7bc78,0x00000000d6d80000)
  to   space 5120K, 0% used [0x00000000d7000000,0x00000000d7000000,0x00000000d7500000)
 ParOldGen       total 68608K, used 42314K [0x0000000080000000, 0x0000000084300000, 0x00000000d5580000)
  object space 68608K, 61% used [0x0000000080000000,0x0000000082952a80,0x0000000084300000)
 Metaspace       used 52774K, committed 54016K, reserved 1114112K
  class space    used 5765K, committed 6272K, reserved 1048576K
}
Event: 40.235 GC heap before
{Heap before GC invocations=28 (full 2):
 PSYoungGen      total 24576K, used 24559K [0x00000000d5580000, 0x00000000d7500000, 0x0000000100000000)
  eden space 22016K, 100% used [0x00000000d5580000,0x00000000d6b00000,0x00000000d6b00000)
  from space 2560K, 99% used [0x00000000d6b00000,0x00000000d6d7bc78,0x00000000d6d80000)
  to   space 5120K, 0% used [0x00000000d7000000,0x00000000d7000000,0x00000000d7500000)
 ParOldGen       total 68608K, used 42314K [0x0000000080000000, 0x0000000084300000, 0x00000000d5580000)
  object space 68608K, 61% used [0x0000000080000000,0x0000000082952a80,0x0000000084300000)
 Metaspace       used 54821K, committed 56064K, reserved 1114112K
  class space    used 5985K, committed 6528K, reserved 1048576K
}
Event: 40.242 GC heap after
{Heap after GC invocations=28 (full 2):
 PSYoungGen      total 24576K, used 2405K [0x00000000d5580000, 0x00000000d7280000, 0x0000000100000000)
  eden space 22016K, 0% used [0x00000000d5580000,0x00000000d5580000,0x00000000d6b00000)
  from space 2560K, 93% used [0x00000000d7000000,0x00000000d7259568,0x00000000d7280000)
  to   space 3072K, 0% used [0x00000000d6c80000,0x00000000d6c80000,0x00000000d6f80000)
 ParOldGen       total 68608K, used 43605K [0x0000000080000000, 0x0000000084300000, 0x00000000d5580000)
  object space 68608K, 63% used [0x0000000080000000,0x0000000082a957f8,0x0000000084300000)
 Metaspace       used 54821K, committed 56064K, reserved 1114112K
  class space    used 5985K, committed 6528K, reserved 1048576K
}
Event: 46.064 GC heap before
{Heap before GC invocations=29 (full 2):
 PSYoungGen      total 24576K, used 24421K [0x00000000d5580000, 0x00000000d7280000, 0x0000000100000000)
  eden space 22016K, 100% used [0x00000000d5580000,0x00000000d6b00000,0x00000000d6b00000)
  from space 2560K, 93% used [0x00000000d7000000,0x00000000d7259568,0x00000000d7280000)
  to   space 3072K, 0% used [0x00000000d6c80000,0x00000000d6c80000,0x00000000d6f80000)
 ParOldGen       total 68608K, used 43605K [0x0000000080000000, 0x0000000084300000, 0x00000000d5580000)
  object space 68608K, 63% used [0x0000000080000000,0x0000000082a957f8,0x0000000084300000)
 Metaspace       used 56606K, committed 57856K, reserved 1114112K
  class space    used 6210K, committed 6720K, reserved 1048576K
}
Event: 46.072 GC heap after
{Heap after GC invocations=29 (full 2):
 PSYoungGen      total 23040K, used 1016K [0x00000000d5580000, 0x00000000d7080000, 0x0000000100000000)
  eden space 22016K, 0% used [0x00000000d5580000,0x00000000d5580000,0x00000000d6b00000)
  from space 1024K, 99% used [0x00000000d6c80000,0x00000000d6d7e2e0,0x00000000d6d80000)
  to   space 2048K, 0% used [0x00000000d6e80000,0x00000000d6e80000,0x00000000d7080000)
 ParOldGen       total 68608K, used 45833K [0x0000000080000000, 0x0000000084300000, 0x00000000d5580000)
  object space 68608K, 66% used [0x0000000080000000,0x0000000082cc27f8,0x0000000084300000)
 Metaspace       used 56606K, committed 57856K, reserved 1114112K
  class space    used 6210K, committed 6720K, reserved 1048576K
}
Event: 49.467 GC heap before
{Heap before GC invocations=30 (full 2):
 PSYoungGen      total 23040K, used 22928K [0x00000000d5580000, 0x00000000d7080000, 0x0000000100000000)
  eden space 22016K, 99% used [0x00000000d5580000,0x00000000d6ae5f30,0x00000000d6b00000)
  from space 1024K, 99% used [0x00000000d6c80000,0x00000000d6d7e2e0,0x00000000d6d80000)
  to   space 2048K, 0% used [0x00000000d6e80000,0x00000000d6e80000,0x00000000d7080000)
 ParOldGen       total 68608K, used 45833K [0x0000000080000000, 0x0000000084300000, 0x00000000d5580000)
  object space 68608K, 66% used [0x0000000080000000,0x0000000082cc27f8,0x0000000084300000)
 Metaspace       used 58016K, committed 59328K, reserved 1114112K
  class space    used 6344K, committed 6912K, reserved 1048576K
}
Event: 49.472 GC heap after
{Heap after GC invocations=30 (full 2):
 PSYoungGen      total 24064K, used 1922K [0x00000000d5580000, 0x00000000d7080000, 0x0000000100000000)
  eden space 22016K, 0% used [0x00000000d5580000,0x00000000d5580000,0x00000000d6b00000)
  from space 2048K, 93% used [0x00000000d6e80000,0x00000000d70608f0,0x00000000d7080000)
  to   space 2560K, 0% used [0x00000000d6b80000,0x00000000d6b80000,0x00000000d6e00000)
 ParOldGen       total 68608K, used 46612K [0x0000000080000000, 0x0000000084300000, 0x00000000d5580000)
  object space 68608K, 67% used [0x0000000080000000,0x0000000082d850b8,0x0000000084300000)
 Metaspace       used 58016K, committed 59328K, reserved 1114112K
  class space    used 6344K, committed 6912K, reserved 1048576K
}
Event: 50.961 GC heap before
{Heap before GC invocations=31 (full 2):
 PSYoungGen      total 24064K, used 23938K [0x00000000d5580000, 0x00000000d7080000, 0x0000000100000000)
  eden space 22016K, 100% used [0x00000000d5580000,0x00000000d6b00000,0x00000000d6b00000)
  from space 2048K, 93% used [0x00000000d6e80000,0x00000000d70608f0,0x00000000d7080000)
  to   space 2560K, 0% used [0x00000000d6b80000,0x00000000d6b80000,0x00000000d6e00000)
 ParOldGen       total 68608K, used 46612K [0x0000000080000000, 0x0000000084300000, 0x00000000d5580000)
  object space 68608K, 67% used [0x0000000080000000,0x0000000082d850b8,0x0000000084300000)
 Metaspace       used 58042K, committed 59328K, reserved 1114112K
  class space    used 6344K, committed 6912K, reserved 1048576K
}
Event: 51.905 GC heap after
{Heap after GC invocations=31 (full 2):
 PSYoungGen      total 23040K, used 969K [0x00000000d5580000, 0x00000000d6f00000, 0x0000000100000000)
  eden space 22016K, 0% used [0x00000000d5580000,0x00000000d5580000,0x00000000d6b00000)
  from space 1024K, 94% used [0x00000000d6b80000,0x00000000d6c727b0,0x00000000d6c80000)
  to   space 1536K, 0% used [0x00000000d6d80000,0x00000000d6d80000,0x00000000d6f00000)
 ParOldGen       total 68608K, used 47703K [0x0000000080000000, 0x0000000084300000, 0x00000000d5580000)
  object space 68608K, 69% used [0x0000000080000000,0x0000000082e95e98,0x0000000084300000)
 Metaspace       used 58042K, committed 59328K, reserved 1114112K
  class space    used 6344K, committed 6912K, reserved 1048576K
}

