# JRE version: OpenJDK Runtime Environment Temurin-21.0.9+10 (21.0.9+10) (build 21.0.9+10-LTS)
# Java VM: OpenJDK 64-Bit Server VM Temurin-21.0.9+10 (21.0.9+10-LTS, mixed mode, sharing, tiered, compressed oops, compressed class ptrs, parallel gc, windows-amd64)
GC Precious Log:
 CardTable entry size: 512
 CPUs: 12 total, 12 available
 Memory: 7863M
 Large Page Support: Disabled
 NUMA Support: Disabled
 Compressed Oops: Enabled (32-bit)
 Alignments: Space 512K, Generation 512K, Heap 2M
 Heap Min Capacity: 100M
 Heap Initial Capacity: 100M
 Heap Max Capacity: 2G
 Pre-touch: Disabled
 Parallel Workers: 10
Heap:
 PSYoungGen      total 13312K, used 3745K [0x00000000d5580000, 0x00000000d6a80000, 0x0000000100000000)
  eden space 11776K, 29% used [0x00000000d5580000,0x00000000d58d8620,0x00000000d6100000)
  from space 1536K, 20% used [0x00000000d6800000,0x00000000d6850000,0x00000000d6980000)
  to   space 1024K, 0% used [0x00000000d6980000,0x00000000d6980000,0x00000000d6a80000)
 ParOldGen       total 174592K, used 174273K [0x0000000080000000, 0x000000008aa80000, 0x00000000d5580000)
  object space 174592K, 99% used [0x0000000080000000,0x000000008aa30578,0x000000008aa80000)
 Metaspace       used 75529K, committed 77184K, reserved 1179648K
  class space    used 8094K, committed 8832K, reserved 1048576K
GC Heap History (20 events):
Event: 4862.265 GC heap before
{Heap before GC invocations=149 (full 3):
 PSYoungGen      total 15872K, used 12768K [0x00000000d5580000, 0x00000000d6b80000, 0x0000000100000000)
  eden space 11776K, 100% used [0x00000000d5580000,0x00000000d6100000,0x00000000d6100000)
  from space 4096K, 24% used [0x00000000d6480000,0x00000000d6578000,0x00000000d6880000)
  to   space 2048K, 0% used [0x00000000d6980000,0x00000000d6980000,0x00000000d6b80000)
 ParOldGen       total 114688K, used 114362K [0x0000000080000000, 0x0000000087000000, 0x00000000d5580000)
  object space 114688K, 99% used [0x0000000080000000,0x0000000086fae858,0x0000000087000000)
 Metaspace       used 73109K, committed 74624K, reserved 1179648K
  class space    used 7817K, committed 8512K, reserved 1048576K
}
Event: 4862.268 GC heap after
{Heap after GC invocations=149 (full 3):
 PSYoungGen      total 13824K, used 2023K [0x00000000d5580000, 0x00000000d6b80000, 0x0000000100000000)
  eden space 11776K, 0% used [0x00000000d5580000,0x00000000d5580000,0x00000000d6100000)
  from space 2048K, 98% used [0x00000000d6980000,0x00000000d6b79d60,0x00000000d6b80000)
  to   space 4096K, 0% used [0x00000000d6380000,0x00000000d6380000,0x00000000d6780000)
 ParOldGen       total 116224K, used 115714K [0x0000000080000000, 0x0000000087180000, 0x00000000d5580000)
  object space 116224K, 99% used [0x0000000080000000,0x0000000087100858,0x0000000087180000)
 Metaspace       used 73109K, committed 74624K, reserved 1179648K
  class space    used 7817K, committed 8512K, reserved 1048576K
}
Event: 4864.128 GC heap before
{Heap before GC invocations=150 (full 3):
 PSYoungGen      total 13824K, used 13799K [0x00000000d5580000, 0x00000000d6b80000, 0x0000000100000000)
  eden space 11776K, 100% used [0x00000000d5580000,0x00000000d6100000,0x00000000d6100000)
  from space 2048K, 98% used [0x00000000d6980000,0x00000000d6b79d60,0x00000000d6b80000)
  to   space 4096K, 0% used [0x00000000d6380000,0x00000000d6380000,0x00000000d6780000)
 ParOldGen       total 116224K, used 115714K [0x0000000080000000, 0x0000000087180000, 0x00000000d5580000)
  object space 116224K, 99% used [0x0000000080000000,0x0000000087100858,0x0000000087180000)
 Metaspace       used 73176K, committed 74688K, reserved 1179648K
  class space    used 7817K, committed 8512K, reserved 1048576K
}
Event: 4864.131 GC heap after
{Heap after GC invocations=150 (full 3):
 PSYoungGen      total 15872K, used 954K [0x00000000d5580000, 0x00000000d6a00000, 0x0000000100000000)
  eden space 11776K, 0% used [0x00000000d5580000,0x00000000d5580000,0x00000000d6100000)
  from space 4096K, 23% used [0x00000000d6380000,0x00000000d646e940,0x00000000d6780000)
  to   space 2048K, 0% used [0x00000000d6800000,0x00000000d6800000,0x00000000d6a00000)
 ParOldGen       total 116224K, used 115822K [0x0000000080000000, 0x0000000087180000, 0x00000000d5580000)
  object space 116224K, 99% used [0x0000000080000000,0x000000008711bbb0,0x0000000087180000)
 Metaspace       used 73176K, committed 74688K, reserved 1179648K
  class space    used 7817K, committed 8512K, reserved 1048576K
}
Event: 4864.963 GC heap before
{Heap before GC invocations=151 (full 3):
 PSYoungGen      total 15872K, used 12730K [0x00000000d5580000, 0x00000000d6a00000, 0x0000000100000000)
  eden space 11776K, 100% used [0x00000000d5580000,0x00000000d6100000,0x00000000d6100000)
  from space 4096K, 23% used [0x00000000d6380000,0x00000000d646e940,0x00000000d6780000)
  to   space 2048K, 0% used [0x00000000d6800000,0x00000000d6800000,0x00000000d6a00000)
 ParOldGen       total 116224K, used 115822K [0x0000000080000000, 0x0000000087180000, 0x00000000d5580000)
  object space 116224K, 99% used [0x0000000080000000,0x000000008711bbb0,0x0000000087180000)
 Metaspace       used 73359K, committed 74880K, reserved 1179648K
  class space    used 7841K, committed 8512K, reserved 1048576K
}
Event: 4864.969 GC heap after
{Heap after GC invocations=151 (full 3):
 PSYoungGen      total 13824K, used 2035K [0x00000000d5580000, 0x00000000d6c00000, 0x0000000100000000)
  eden space 11776K, 0% used [0x00000000d5580000,0x00000000d5580000,0x00000000d6100000)
  from space 2048K, 99% used [0x00000000d6800000,0x00000000d69fccb0,0x00000000d6a00000)
  to   space 5632K, 0% used [0x00000000d6100000,0x00000000d6100000,0x00000000d6680000)
 ParOldGen       total 118784K, used 118414K [0x0000000080000000, 0x0000000087400000, 0x00000000d5580000)
  object space 118784K, 99% used [0x0000000080000000,0x00000000873a3bf0,0x0000000087400000)
 Metaspace       used 73359K, committed 74880K, reserved 1179648K
  class space    used 7841K, committed 8512K, reserved 1048576K
}
Event: 4865.045 GC heap before
{Heap before GC invocations=152 (full 3):
 PSYoungGen      total 13824K, used 13811K [0x00000000d5580000, 0x00000000d6c00000, 0x0000000100000000)
  eden space 11776K, 100% used [0x00000000d5580000,0x00000000d6100000,0x00000000d6100000)
  from space 2048K, 99% used [0x00000000d6800000,0x00000000d69fccb0,0x00000000d6a00000)
  to   space 5632K, 0% used [0x00000000d6100000,0x00000000d6100000,0x00000000d6680000)
 ParOldGen       total 118784K, used 118414K [0x0000000080000000, 0x0000000087400000, 0x00000000d5580000)
  object space 118784K, 99% used [0x0000000080000000,0x00000000873a3bf0,0x0000000087400000)
 Metaspace       used 73424K, committed 74944K, reserved 1179648K
  class space    used 7851K, committed 8512K, reserved 1048576K
}
Event: 4865.057 GC heap after
{Heap after GC invocations=152 (full 3):
 PSYoungGen      total 17408K, used 5632K [0x00000000d5580000, 0x00000000d7d00000, 0x0000000100000000)
  eden space 11776K, 0% used [0x00000000d5580000,0x00000000d5580000,0x00000000d6100000)
  from space 5632K, 100% used [0x00000000d6100000,0x00000000d6680000,0x00000000d6680000)
  to   space 14336K, 0% used [0x00000000d6f00000,0x00000000d6f00000,0x00000000d7d00000)
 ParOldGen       total 125952K, used 125546K [0x0000000080000000, 0x0000000087b00000, 0x00000000d5580000)
  object space 125952K, 99% used [0x0000000080000000,0x0000000087a9a8b0,0x0000000087b00000)
 Metaspace       used 73424K, committed 74944K, reserved 1179648K
  class space    used 7851K, committed 8512K, reserved 1048576K
}
Event: 4865.211 GC heap before
{Heap before GC invocations=153 (full 3):
 PSYoungGen      total 17408K, used 17408K [0x00000000d5580000, 0x00000000d7d00000, 0x0000000100000000)
  eden space 11776K, 100% used [0x00000000d5580000,0x00000000d6100000,0x00000000d6100000)
  from space 5632K, 100% used [0x00000000d6100000,0x00000000d6680000,0x00000000d6680000)
  to   space 14336K, 0% used [0x00000000d6f00000,0x00000000d6f00000,0x00000000d7d00000)
 ParOldGen       total 125952K, used 125546K [0x0000000080000000, 0x0000000087b00000, 0x00000000d5580000)
  object space 125952K, 99% used [0x0000000080000000,0x0000000087a9a8b0,0x0000000087b00000)
 Metaspace       used 73518K, committed 75008K, reserved 1179648K
  class space    used 7859K, committed 8512K, reserved 1048576K
}
Event: 4865.223 GC heap after
{Heap after GC invocations=153 (full 3):
 PSYoungGen      total 20992K, used 8838K [0x00000000d5580000, 0x00000000d7800000, 0x0000000100000000)
  eden space 11776K, 0% used [0x00000000d5580000,0x00000000d5580000,0x00000000d6100000)
  from space 9216K, 95% used [0x00000000d6f00000,0x00000000d77a1ad0,0x00000000d7800000)
  to   space 10240K, 0% used [0x00000000d6400000,0x00000000d6400000,0x00000000d6e00000)
 ParOldGen       total 131584K, used 131138K [0x0000000080000000, 0x0000000088080000, 0x00000000d5580000)
  object space 131584K, 99% used [0x0000000080000000,0x00000000880108b0,0x0000000088080000)
 Metaspace       used 73518K, committed 75008K, reserved 1179648K
  class space    used 7859K, committed 8512K, reserved 1048576K
}
Event: 4865.277 GC heap before
{Heap before GC invocations=154 (full 3):
 PSYoungGen      total 20992K, used 20196K [0x00000000d5580000, 0x00000000d7800000, 0x0000000100000000)
  eden space 11776K, 96% used [0x00000000d5580000,0x00000000d6097568,0x00000000d6100000)
  from space 9216K, 95% used [0x00000000d6f00000,0x00000000d77a1ad0,0x00000000d7800000)
  to   space 10240K, 0% used [0x00000000d6400000,0x00000000d6400000,0x00000000d6e00000)
 ParOldGen       total 131584K, used 131138K [0x0000000080000000, 0x0000000088080000, 0x00000000d5580000)
  object space 131584K, 99% used [0x0000000080000000,0x00000000880108b0,0x0000000088080000)
 Metaspace       used 73653K, committed 75136K, reserved 1179648K
  class space    used 7867K, committed 8512K, reserved 1048576K
}
Event: 4865.288 GC heap after
{Heap after GC invocations=154 (full 3):
 PSYoungGen      total 21504K, used 9553K [0x00000000d5580000, 0x00000000d7500000, 0x0000000100000000)
  eden space 11776K, 0% used [0x00000000d5580000,0x00000000d5580000,0x00000000d6100000)
  from space 9728K, 98% used [0x00000000d6400000,0x00000000d6d546b8,0x00000000d6d80000)
  to   space 7680K, 0% used [0x00000000d6d80000,0x00000000d6d80000,0x00000000d7500000)
 ParOldGen       total 140288K, used 139856K [0x0000000080000000, 0x0000000088900000, 0x00000000d5580000)
  object space 140288K, 99% used [0x0000000080000000,0x0000000088894380,0x0000000088900000)
 Metaspace       used 73653K, committed 75136K, reserved 1179648K
  class space    used 7867K, committed 8512K, reserved 1048576K
}
Event: 4865.507 GC heap before
{Heap before GC invocations=155 (full 3):
 PSYoungGen      total 21504K, used 21329K [0x00000000d5580000, 0x00000000d7500000, 0x0000000100000000)
  eden space 11776K, 100% used [0x00000000d5580000,0x00000000d6100000,0x00000000d6100000)
  from space 9728K, 98% used [0x00000000d6400000,0x00000000d6d546b8,0x00000000d6d80000)
  to   space 7680K, 0% used [0x00000000d6d80000,0x00000000d6d80000,0x00000000d7500000)
 ParOldGen       total 140288K, used 139856K [0x0000000080000000, 0x0000000088900000, 0x00000000d5580000)
  object space 140288K, 99% used [0x0000000080000000,0x0000000088894380,0x0000000088900000)
 Metaspace       used 74001K, committed 75584K, reserved 1179648K
  class space    used 7908K, committed 8576K, reserved 1048576K
}
Event: 4865.517 GC heap after
{Heap after GC invocations=155 (full 3):
 PSYoungGen      total 19456K, used 7344K [0x00000000d5580000, 0x00000000d7500000, 0x0000000100000000)
  eden space 11776K, 0% used [0x00000000d5580000,0x00000000d5580000,0x00000000d6100000)
  from space 7680K, 95% used [0x00000000d6d80000,0x00000000d74ac050,0x00000000d7500000)
  to   space 8192K, 0% used [0x00000000d6500000,0x00000000d6500000,0x00000000d6d00000)
 ParOldGen       total 148480K, used 148384K [0x0000000080000000, 0x0000000089100000, 0x00000000d5580000)
  object space 148480K, 99% used [0x0000000080000000,0x00000000890e8380,0x0000000089100000)
 Metaspace       used 74001K, committed 75584K, reserved 1179648K
  class space    used 7908K, committed 8576K, reserved 1048576K
}
Event: 4867.085 GC heap before
{Heap before GC invocations=156 (full 3):
 PSYoungGen      total 19456K, used 19120K [0x00000000d5580000, 0x00000000d7500000, 0x0000000100000000)
  eden space 11776K, 100% used [0x00000000d5580000,0x00000000d6100000,0x00000000d6100000)
  from space 7680K, 95% used [0x00000000d6d80000,0x00000000d74ac050,0x00000000d7500000)
  to   space 8192K, 0% used [0x00000000d6500000,0x00000000d6500000,0x00000000d6d00000)
 ParOldGen       total 148480K, used 148384K [0x0000000080000000, 0x0000000089100000, 0x00000000d5580000)
  object space 148480K, 99% used [0x0000000080000000,0x00000000890e8380,0x0000000089100000)
 Metaspace       used 74516K, committed 76096K, reserved 1179648K
  class space    used 7986K, committed 8640K, reserved 1048576K
}
Event: 4867.091 GC heap after
{Heap after GC invocations=156 (full 3):
 PSYoungGen      total 13312K, used 1344K [0x00000000d5580000, 0x00000000d6e00000, 0x0000000100000000)
  eden space 11776K, 0% used [0x00000000d5580000,0x00000000d5580000,0x00000000d6100000)
  from space 1536K, 87% used [0x00000000d6500000,0x00000000d6650000,0x00000000d6680000)
  to   space 4096K, 0% used [0x00000000d6a00000,0x00000000d6a00000,0x00000000d6e00000)
 ParOldGen       total 150016K, used 149728K [0x0000000080000000, 0x0000000089280000, 0x00000000d5580000)
  object space 150016K, 99% used [0x0000000080000000,0x00000000892383c0,0x0000000089280000)
 Metaspace       used 74516K, committed 76096K, reserved 1179648K
  class space    used 7986K, committed 8640K, reserved 1048576K
}
Event: 4867.596 GC heap before
{Heap before GC invocations=157 (full 3):
 PSYoungGen      total 13312K, used 13120K [0x00000000d5580000, 0x00000000d6e00000, 0x0000000100000000)
  eden space 11776K, 100% used [0x00000000d5580000,0x00000000d6100000,0x00000000d6100000)
  from space 1536K, 87% used [0x00000000d6500000,0x00000000d6650000,0x00000000d6680000)
  to   space 4096K, 0% used [0x00000000d6a00000,0x00000000d6a00000,0x00000000d6e00000)
 ParOldGen       total 150016K, used 149728K [0x0000000080000000, 0x0000000089280000, 0x00000000d5580000)
  object space 150016K, 99% used [0x0000000080000000,0x00000000892383c0,0x0000000089280000)
 Metaspace       used 75001K, committed 76608K, reserved 1179648K
  class space    used 8040K, committed 8704K, reserved 1048576K
}
Event: 4867.600 GC heap after
{Heap after GC invocations=157 (full 3):
 PSYoungGen      total 12800K, used 901K [0x00000000d5580000, 0x00000000d6b00000, 0x0000000100000000)
  eden space 11776K, 0% used [0x00000000d5580000,0x00000000d5580000,0x00000000d6100000)
  from space 1024K, 87% used [0x00000000d6a00000,0x00000000d6ae1420,0x00000000d6b00000)
  to   space 1536K, 0% used [0x00000000d6800000,0x00000000d6800000,0x00000000d6980000)
 ParOldGen       total 151040K, used 150540K [0x0000000080000000, 0x0000000089380000, 0x00000000d5580000)
  object space 151040K, 99% used [0x0000000080000000,0x00000000893033d0,0x0000000089380000)
 Metaspace       used 75001K, committed 76608K, reserved 1179648K
  class space    used 8040K, committed 8704K, reserved 1048576K
}
Event: 5170.458 GC heap before
{Heap before GC invocations=158 (full 3):
 PSYoungGen      total 12800K, used 12676K [0x00000000d5580000, 0x00000000d6b00000, 0x0000000100000000)
  eden space 11776K, 99% used [0x00000000d5580000,0x00000000d60ffe20,0x00000000d6100000)
  from space 1024K, 87% used [0x00000000d6a00000,0x00000000d6ae1420,0x00000000d6b00000)
  to   space 1536K, 0% used [0x00000000d6800000,0x00000000d6800000,0x00000000d6980000)
 ParOldGen       total 174592K, used 173580K [0x0000000080000000, 0x000000008aa80000, 0x00000000d5580000)
  object space 174592K, 99% used [0x0000000080000000,0x000000008a9833f0,0x000000008aa80000)
 Metaspace       used 75249K, committed 76800K, reserved 1179648K
  class space    used 8067K, committed 8704K, reserved 1048576K
}
Event: 5170.662 GC heap after
{Heap after GC invocations=158 (full 3):
 PSYoungGen      total 13312K, used 320K [0x00000000d5580000, 0x00000000d6a80000, 0x0000000100000000)
  eden space 11776K, 0% used [0x00000000d5580000,0x00000000d5580000,0x00000000d6100000)
  from space 1536K, 20% used [0x00000000d6800000,0x00000000d6850000,0x00000000d6980000)
  to   space 1024K, 0% used [0x00000000d6980000,0x00000000d6980000,0x00000000d6a80000)
 ParOldGen       total 174592K, used 174273K [0x0000000080000000, 0x000000008aa80000, 0x00000000d5580000)
  object space 174592K, 99% used [0x0000000080000000,0x000000008aa30578,0x000000008aa80000)
 Metaspace       used 75249K, committed 76800K, reserved 1179648K
  class space    used 8067K, committed 8704K, reserved 1048576K
}

