# JRE version: OpenJDK Runtime Environment Temurin-21.0.9+10 (21.0.9+10) (build 21.0.9+10-LTS)
# Java VM: OpenJDK 64-Bit Server VM Temurin-21.0.9+10 (21.0.9+10-LTS, mixed mode, sharing, tiered, compressed oops, compressed class ptrs, parallel gc, windows-amd64)
GC Precious Log:
 CardTable entry size: 512
 CPUs: 12 total, 12 available
 Memory: 7863M
 Large Page Support: Disabled
 NUMA Support: Disabled
 Compressed Oops: Enabled (32-bit)
 Alignments: Space 512K, Generation 512K, Heap 2M
 Heap Min Capacity: 100M
 Heap Initial Capacity: 100M
 Heap Max Capacity: 2G
 Pre-touch: Disabled
 Parallel Workers: 10
Heap:
 PSYoungGen      total 9728K, used 8895K [0x00000000d5580000, 0x00000000d6480000, 0x0000000100000000)
  eden space 9216K, 96% used [0x00000000d5580000,0x00000000d5e2fdf0,0x00000000d5e80000)
  from space 512K, 0% used [0x00000000d6400000,0x00000000d6400000,0x00000000d6480000)
  to   space 1024K, 0% used [0x00000000d6280000,0x00000000d6280000,0x00000000d6380000)
 ParOldGen       total 170496K, used 78591K [0x0000000080000000, 0x000000008a680000, 0x00000000d5580000)
  object space 170496K, 46% used [0x0000000080000000,0x0000000084cbfe28,0x000000008a680000)
 Metaspace       used 82137K, committed 84352K, reserved 1179648K
  class space    used 8609K, committed 9472K, reserved 1048576K
GC Heap History (20 events):
Event: 5404.528 GC heap before
{Heap before GC invocations=179 (full 3):
 PSYoungGen      total 13824K, used 13809K [0x00000000d5580000, 0x00000000d6900000, 0x0000000100000000)
  eden space 12800K, 100% used [0x00000000d5580000,0x00000000d6200000,0x00000000d6200000)
  from space 1024K, 98% used [0x00000000d6700000,0x00000000d67fc690,0x00000000d6800000)
  to   space 1024K, 0% used [0x00000000d6800000,0x00000000d6800000,0x00000000d6900000)
 ParOldGen       total 160256K, used 159953K [0x0000000080000000, 0x0000000089c80000, 0x00000000d5580000)
  object space 160256K, 99% used [0x0000000080000000,0x0000000089c344f8,0x0000000089c80000)
 Metaspace       used 80721K, committed 82496K, reserved 1179648K
  class space    used 8547K, committed 9280K, reserved 1048576K
}
Event: 5404.574 GC heap after
{Heap after GC invocations=179 (full 3):
 PSYoungGen      total 13312K, used 352K [0x00000000d5580000, 0x00000000d6880000, 0x0000000100000000)
  eden space 12800K, 0% used [0x00000000d5580000,0x00000000d5580000,0x00000000d6200000)
  from space 512K, 68% used [0x00000000d6800000,0x00000000d6858000,0x00000000d6880000)
  to   space 1024K, 0% used [0x00000000d6680000,0x00000000d6680000,0x00000000d6780000)
 ParOldGen       total 160256K, used 160017K [0x0000000080000000, 0x0000000089c80000, 0x00000000d5580000)
  object space 160256K, 99% used [0x0000000080000000,0x0000000089c444f8,0x0000000089c80000)
 Metaspace       used 80721K, committed 82496K, reserved 1179648K
  class space    used 8547K, committed 9280K, reserved 1048576K
}
Event: 7890.638 GC heap before
{Heap before GC invocations=180 (full 3):
 PSYoungGen      total 13312K, used 13152K [0x00000000d5580000, 0x00000000d6880000, 0x0000000100000000)
  eden space 12800K, 100% used [0x00000000d5580000,0x00000000d6200000,0x00000000d6200000)
  from space 512K, 68% used [0x00000000d6800000,0x00000000d6858000,0x00000000d6880000)
  to   space 1024K, 0% used [0x00000000d6680000,0x00000000d6680000,0x00000000d6780000)
 ParOldGen       total 160256K, used 160017K [0x0000000080000000, 0x0000000089c80000, 0x00000000d5580000)
  object space 160256K, 99% used [0x0000000080000000,0x0000000089c444f8,0x0000000089c80000)
 Metaspace       used 81083K, committed 82944K, reserved 1179648K
  class space    used 8581K, committed 9344K, reserved 1048576K
}
Event: 7890.705 GC heap after
{Heap after GC invocations=180 (full 3):
 PSYoungGen      total 13824K, used 1001K [0x00000000d5580000, 0x00000000d6880000, 0x0000000100000000)
  eden space 12800K, 0% used [0x00000000d5580000,0x00000000d5580000,0x00000000d6200000)
  from space 1024K, 97% used [0x00000000d6680000,0x00000000d677a440,0x00000000d6780000)
  to   space 1024K, 0% used [0x00000000d6780000,0x00000000d6780000,0x00000000d6880000)
 ParOldGen       total 160256K, used 160153K [0x0000000080000000, 0x0000000089c80000, 0x00000000d5580000)
  object space 160256K, 99% used [0x0000000080000000,0x0000000089c664f8,0x0000000089c80000)
 Metaspace       used 81083K, committed 82944K, reserved 1179648K
  class space    used 8581K, committed 9344K, reserved 1048576K
}
Event: 7891.672 GC heap before
{Heap before GC invocations=181 (full 3):
 PSYoungGen      total 13824K, used 13801K [0x00000000d5580000, 0x00000000d6880000, 0x0000000100000000)
  eden space 12800K, 100% used [0x00000000d5580000,0x00000000d6200000,0x00000000d6200000)
  from space 1024K, 97% used [0x00000000d6680000,0x00000000d677a440,0x00000000d6780000)
  to   space 1024K, 0% used [0x00000000d6780000,0x00000000d6780000,0x00000000d6880000)
 ParOldGen       total 160256K, used 160153K [0x0000000080000000, 0x0000000089c80000, 0x00000000d5580000)
  object space 160256K, 99% used [0x0000000080000000,0x0000000089c664f8,0x0000000089c80000)
 Metaspace       used 82028K, committed 83840K, reserved 1179648K
  class space    used 8715K, committed 9472K, reserved 1048576K
}
Event: 7891.676 GC heap after
{Heap after GC invocations=181 (full 3):
 PSYoungGen      total 13824K, used 1001K [0x00000000d5580000, 0x00000000d6880000, 0x0000000100000000)
  eden space 12800K, 0% used [0x00000000d5580000,0x00000000d5580000,0x00000000d6200000)
  from space 1024K, 97% used [0x00000000d6780000,0x00000000d687a420,0x00000000d6880000)
  to   space 2560K, 0% used [0x00000000d6380000,0x00000000d6380000,0x00000000d6600000)
 ParOldGen       total 161280K, used 161144K [0x0000000080000000, 0x0000000089d80000, 0x00000000d5580000)
  object space 161280K, 99% used [0x0000000080000000,0x0000000089d5e0f0,0x0000000089d80000)
 Metaspace       used 82028K, committed 83840K, reserved 1179648K
  class space    used 8715K, committed 9472K, reserved 1048576K
}
Event: 7891.744 GC heap before
{Heap before GC invocations=182 (full 3):
 PSYoungGen      total 13824K, used 13801K [0x00000000d5580000, 0x00000000d6880000, 0x0000000100000000)
  eden space 12800K, 100% used [0x00000000d5580000,0x00000000d6200000,0x00000000d6200000)
  from space 1024K, 97% used [0x00000000d6780000,0x00000000d687a420,0x00000000d6880000)
  to   space 2560K, 0% used [0x00000000d6380000,0x00000000d6380000,0x00000000d6600000)
 ParOldGen       total 161280K, used 161144K [0x0000000080000000, 0x0000000089d80000, 0x00000000d5580000)
  object space 161280K, 99% used [0x0000000080000000,0x0000000089d5e0f0,0x0000000089d80000)
 Metaspace       used 82112K, committed 83904K, reserved 1179648K
  class space    used 8719K, committed 9472K, reserved 1048576K
}
Event: 7891.746 GC heap after
{Heap after GC invocations=182 (full 3):
 PSYoungGen      total 15360K, used 352K [0x00000000d5580000, 0x00000000d6800000, 0x0000000100000000)
  eden space 12800K, 0% used [0x00000000d5580000,0x00000000d5580000,0x00000000d6200000)
  from space 2560K, 13% used [0x00000000d6380000,0x00000000d63d8000,0x00000000d6600000)
  to   space 1024K, 0% used [0x00000000d6700000,0x00000000d6700000,0x00000000d6800000)
 ParOldGen       total 162304K, used 162040K [0x0000000080000000, 0x0000000089e80000, 0x00000000d5580000)
  object space 162304K, 99% used [0x0000000080000000,0x0000000089e3e140,0x0000000089e80000)
 Metaspace       used 82112K, committed 83904K, reserved 1179648K
  class space    used 8719K, committed 9472K, reserved 1048576K
}
Event: 7892.498 GC heap before
{Heap before GC invocations=183 (full 3):
 PSYoungGen      total 15360K, used 13152K [0x00000000d5580000, 0x00000000d6800000, 0x0000000100000000)
  eden space 12800K, 100% used [0x00000000d5580000,0x00000000d6200000,0x00000000d6200000)
  from space 2560K, 13% used [0x00000000d6380000,0x00000000d63d8000,0x00000000d6600000)
  to   space 1024K, 0% used [0x00000000d6700000,0x00000000d6700000,0x00000000d6800000)
 ParOldGen       total 162304K, used 162040K [0x0000000080000000, 0x0000000089e80000, 0x00000000d5580000)
  object space 162304K, 99% used [0x0000000080000000,0x0000000089e3e140,0x0000000089e80000)
 Metaspace       used 82175K, committed 83968K, reserved 1179648K
  class space    used 8721K, committed 9472K, reserved 1048576K
}
Event: 7892.500 GC heap after
{Heap after GC invocations=183 (full 3):
 PSYoungGen      total 13312K, used 416K [0x00000000d5580000, 0x00000000d6780000, 0x0000000100000000)
  eden space 12800K, 0% used [0x00000000d5580000,0x00000000d5580000,0x00000000d6200000)
  from space 512K, 81% used [0x00000000d6700000,0x00000000d6768000,0x00000000d6780000)
  to   space 512K, 0% used [0x00000000d6680000,0x00000000d6680000,0x00000000d6700000)
 ParOldGen       total 162304K, used 162120K [0x0000000080000000, 0x0000000089e80000, 0x00000000d5580000)
  object space 162304K, 99% used [0x0000000080000000,0x0000000089e52140,0x0000000089e80000)
 Metaspace       used 82175K, committed 83968K, reserved 1179648K
  class space    used 8721K, committed 9472K, reserved 1048576K
}
Event: 7892.580 GC heap before
{Heap before GC invocations=184 (full 3):
 PSYoungGen      total 13312K, used 13216K [0x00000000d5580000, 0x00000000d6780000, 0x0000000100000000)
  eden space 12800K, 100% used [0x00000000d5580000,0x00000000d6200000,0x00000000d6200000)
  from space 512K, 81% used [0x00000000d6700000,0x00000000d6768000,0x00000000d6780000)
  to   space 512K, 0% used [0x00000000d6680000,0x00000000d6680000,0x00000000d6700000)
 ParOldGen       total 162304K, used 162120K [0x0000000080000000, 0x0000000089e80000, 0x00000000d5580000)
  object space 162304K, 99% used [0x0000000080000000,0x0000000089e52140,0x0000000089e80000)
 Metaspace       used 82414K, committed 84224K, reserved 1179648K
  class space    used 8721K, committed 9472K, reserved 1048576K
}
Event: 7892.582 GC heap after
{Heap after GC invocations=184 (full 3):
 PSYoungGen      total 13312K, used 256K [0x00000000d5580000, 0x00000000d6780000, 0x0000000100000000)
  eden space 12800K, 0% used [0x00000000d5580000,0x00000000d5580000,0x00000000d6200000)
  from space 512K, 50% used [0x00000000d6680000,0x00000000d66c0000,0x00000000d6700000)
  to   space 512K, 0% used [0x00000000d6700000,0x00000000d6700000,0x00000000d6780000)
 ParOldGen       total 162304K, used 162269K [0x0000000080000000, 0x0000000089e80000, 0x00000000d5580000)
  object space 162304K, 99% used [0x0000000080000000,0x0000000089e77548,0x0000000089e80000)
 Metaspace       used 82414K, committed 84224K, reserved 1179648K
  class space    used 8721K, committed 9472K, reserved 1048576K
}
Event: 7892.938 GC heap before
{Heap before GC invocations=185 (full 3):
 PSYoungGen      total 13312K, used 13056K [0x00000000d5580000, 0x00000000d6780000, 0x0000000100000000)
  eden space 12800K, 100% used [0x00000000d5580000,0x00000000d6200000,0x00000000d6200000)
  from space 512K, 50% used [0x00000000d6680000,0x00000000d66c0000,0x00000000d6700000)
  to   space 512K, 0% used [0x00000000d6700000,0x00000000d6700000,0x00000000d6780000)
 ParOldGen       total 162304K, used 162269K [0x0000000080000000, 0x0000000089e80000, 0x00000000d5580000)
  object space 162304K, 99% used [0x0000000080000000,0x0000000089e77548,0x0000000089e80000)
 Metaspace       used 82461K, committed 84288K, reserved 1179648K
  class space    used 8726K, committed 9472K, reserved 1048576K
}
Event: 7892.942 GC heap after
{Heap after GC invocations=185 (full 3):
 PSYoungGen      total 9728K, used 511K [0x00000000d5580000, 0x00000000d7300000, 0x0000000100000000)
  eden space 9216K, 0% used [0x00000000d5580000,0x00000000d5580000,0x00000000d5e80000)
  from space 512K, 99% used [0x00000000d6700000,0x00000000d677fe38,0x00000000d6780000)
  to   space 8704K, 0% used [0x00000000d5e80000,0x00000000d5e80000,0x00000000d6700000)
 ParOldGen       total 169472K, used 169040K [0x0000000080000000, 0x000000008a580000, 0x00000000d5580000)
  object space 169472K, 99% used [0x0000000080000000,0x000000008a514328,0x000000008a580000)
 Metaspace       used 82461K, committed 84288K, reserved 1179648K
  class space    used 8726K, committed 9472K, reserved 1048576K
}
Event: 7893.523 GC heap before
{Heap before GC invocations=186 (full 3):
 PSYoungGen      total 9728K, used 9727K [0x00000000d5580000, 0x00000000d7300000, 0x0000000100000000)
  eden space 9216K, 100% used [0x00000000d5580000,0x00000000d5e80000,0x00000000d5e80000)
  from space 512K, 99% used [0x00000000d6700000,0x00000000d677fe38,0x00000000d6780000)
  to   space 8704K, 0% used [0x00000000d5e80000,0x00000000d5e80000,0x00000000d6700000)
 ParOldGen       total 169472K, used 169040K [0x0000000080000000, 0x000000008a580000, 0x00000000d5580000)
  object space 169472K, 99% used [0x0000000080000000,0x000000008a514328,0x000000008a580000)
 Metaspace       used 82573K, committed 84352K, reserved 1179648K
  class space    used 8728K, committed 9472K, reserved 1048576K
}
Event: 7893.525 GC heap after
{Heap after GC invocations=186 (full 3):
 PSYoungGen      total 10752K, used 1152K [0x00000000d5580000, 0x00000000d6780000, 0x0000000100000000)
  eden space 9216K, 0% used [0x00000000d5580000,0x00000000d5580000,0x00000000d5e80000)
  from space 1536K, 75% used [0x00000000d5e80000,0x00000000d5fa0000,0x00000000d6000000)
  to   space 3584K, 0% used [0x00000000d6400000,0x00000000d6400000,0x00000000d6780000)
 ParOldGen       total 169472K, used 169128K [0x0000000080000000, 0x000000008a580000, 0x00000000d5580000)
  object space 169472K, 99% used [0x0000000080000000,0x000000008a52a328,0x000000008a580000)
 Metaspace       used 82573K, committed 84352K, reserved 1179648K
  class space    used 8728K, committed 9472K, reserved 1048576K
}
Event: 7893.536 GC heap before
{Heap before GC invocations=187 (full 3):
 PSYoungGen      total 10752K, used 4326K [0x00000000d5580000, 0x00000000d6780000, 0x0000000100000000)
  eden space 9216K, 34% used [0x00000000d5580000,0x00000000d5899950,0x00000000d5e80000)
  from space 1536K, 75% used [0x00000000d5e80000,0x00000000d5fa0000,0x00000000d6000000)
  to   space 3584K, 0% used [0x00000000d6400000,0x00000000d6400000,0x00000000d6780000)
 ParOldGen       total 169472K, used 169128K [0x0000000080000000, 0x000000008a580000, 0x00000000d5580000)
  object space 169472K, 99% used [0x0000000080000000,0x000000008a52a328,0x000000008a580000)
 Metaspace       used 82574K, committed 84352K, reserved 1179648K
  class space    used 8728K, committed 9472K, reserved 1048576K
}
Event: 7893.538 GC heap after
{Heap after GC invocations=187 (full 3):
 PSYoungGen      total 9728K, used 160K [0x00000000d5580000, 0x00000000d6480000, 0x0000000100000000)
  eden space 9216K, 0% used [0x00000000d5580000,0x00000000d5580000,0x00000000d5e80000)
  from space 512K, 31% used [0x00000000d6400000,0x00000000d6428000,0x00000000d6480000)
  to   space 1024K, 0% used [0x00000000d6280000,0x00000000d6280000,0x00000000d6380000)
 ParOldGen       total 170496K, used 170099K [0x0000000080000000, 0x000000008a680000, 0x00000000d5580000)
  object space 170496K, 99% used [0x0000000080000000,0x000000008a61cdb8,0x000000008a680000)
 Metaspace       used 82574K, committed 84352K, reserved 1179648K
  class space    used 8728K, committed 9472K, reserved 1048576K
}
Event: 7893.538 GC heap before
{Heap before GC invocations=188 (full 4):
 PSYoungGen      total 9728K, used 160K [0x00000000d5580000, 0x00000000d6480000, 0x0000000100000000)
  eden space 9216K, 0% used [0x00000000d5580000,0x00000000d5580000,0x00000000d5e80000)
  from space 512K, 31% used [0x00000000d6400000,0x00000000d6428000,0x00000000d6480000)
  to   space 1024K, 0% used [0x00000000d6280000,0x00000000d6280000,0x00000000d6380000)
 ParOldGen       total 170496K, used 170099K [0x0000000080000000, 0x000000008a680000, 0x00000000d5580000)
  object space 170496K, 99% used [0x0000000080000000,0x000000008a61cdb8,0x000000008a680000)
 Metaspace       used 82574K, committed 84352K, reserved 1179648K
  class space    used 8728K, committed 9472K, reserved 1048576K
}
Event: 7894.610 GC heap after
{Heap after GC invocations=188 (full 4):
 PSYoungGen      total 9728K, used 0K [0x00000000d5580000, 0x00000000d6480000, 0x0000000100000000)
  eden space 9216K, 0% used [0x00000000d5580000,0x00000000d5580000,0x00000000d5e80000)
  from space 512K, 0% used [0x00000000d6400000,0x00000000d6400000,0x00000000d6480000)
  to   space 1024K, 0% used [0x00000000d6280000,0x00000000d6280000,0x00000000d6380000)
 ParOldGen       total 170496K, used 78591K [0x0000000080000000, 0x000000008a680000, 0x00000000d5580000)
  object space 170496K, 46% used [0x0000000080000000,0x0000000084cbfe28,0x000000008a680000)
 Metaspace       used 82089K, committed 84352K, reserved 1179648K
  class space    used 8608K, committed 9472K, reserved 1048576K
}

