# JRE version: OpenJDK Runtime Environment Temurin-21.0.9+10 (21.0.9+10) (build 21.0.9+10-LTS)
# Java VM: OpenJDK 64-Bit Server VM Temurin-21.0.9+10 (21.0.9+10-LTS, mixed mode, sharing, tiered, compressed oops, compressed class ptrs, parallel gc, windows-amd64)
GC Precious Log:
 CardTable entry size: 512
 CPUs: 12 total, 12 available
 Memory: 7863M
 Large Page Support: Disabled
 NUMA Support: Disabled
 Compressed Oops: Enabled (32-bit)
 Alignments: Space 512K, Generation 512K, Heap 2M
 Heap Min Capacity: 100M
 Heap Initial Capacity: 100M
 Heap Max Capacity: 2G
 Pre-touch: Disabled
 Parallel Workers: 10
Heap:
 PSYoungGen      total 7168K, used 5835K [0x00000000d5580000, 0x00000000d6000000, 0x0000000100000000)
  eden space 6656K, 81% used [0x00000000d5580000,0x00000000d5ad2fb0,0x00000000d5c00000)
  from space 512K, 75% used [0x00000000d5f00000,0x00000000d5f60020,0x00000000d5f80000)
  to   space 512K, 0% used [0x00000000d5f80000,0x00000000d5f80000,0x00000000d6000000)
 ParOldGen       total 115712K, used 115468K [0x0000000080000000, 0x0000000087100000, 0x00000000d5580000)
  object space 115712K, 99% used [0x0000000080000000,0x00000000870c31a8,0x0000000087100000)
 Metaspace       used 68994K, committed 70528K, reserved 1114112K
  class space    used 7347K, committed 8000K, reserved 1048576K
GC Heap History (20 events):
Event: 80.990 GC heap before
{Heap before GC invocations=173 (full 3):
 PSYoungGen      total 8192K, used 7438K [0x00000000d5580000, 0x00000000d5f80000, 0x0000000100000000)
  eden space 6656K, 100% used [0x00000000d5580000,0x00000000d5c00000,0x00000000d5c00000)
  from space 1536K, 50% used [0x00000000d5c80000,0x00000000d5d43ae0,0x00000000d5e00000)
  to   space 1024K, 0% used [0x00000000d5e80000,0x00000000d5e80000,0x00000000d5f80000)
 ParOldGen       total 111104K, used 110764K [0x0000000080000000, 0x0000000086c80000, 0x00000000d5580000)
  object space 111104K, 99% used [0x0000000080000000,0x0000000086c2b1f8,0x0000000086c80000)
 Metaspace       used 68017K, committed 69504K, reserved 1114112K
  class space    used 7265K, committed 7872K, reserved 1048576K
}
Event: 80.993 GC heap after
{Heap after GC invocations=173 (full 3):
 PSYoungGen      total 7680K, used 909K [0x00000000d5580000, 0x00000000d5f80000, 0x0000000100000000)
  eden space 6656K, 0% used [0x00000000d5580000,0x00000000d5580000,0x00000000d5c00000)
  from space 1024K, 88% used [0x00000000d5e80000,0x00000000d5f636b0,0x00000000d5f80000)
  to   space 1024K, 0% used [0x00000000d5d80000,0x00000000d5d80000,0x00000000d5e80000)
 ParOldGen       total 112128K, used 111826K [0x0000000080000000, 0x0000000086d80000, 0x00000000d5580000)
  object space 112128K, 99% used [0x0000000080000000,0x0000000086d34848,0x0000000086d80000)
 Metaspace       used 68017K, committed 69504K, reserved 1114112K
  class space    used 7265K, committed 7872K, reserved 1048576K
}
Event: 81.062 GC heap before
{Heap before GC invocations=174 (full 3):
 PSYoungGen      total 7680K, used 7440K [0x00000000d5580000, 0x00000000d5f80000, 0x0000000100000000)
  eden space 6656K, 98% used [0x00000000d5580000,0x00000000d5be0bb8,0x00000000d5c00000)
  from space 1024K, 88% used [0x00000000d5e80000,0x00000000d5f636b0,0x00000000d5f80000)
  to   space 1024K, 0% used [0x00000000d5d80000,0x00000000d5d80000,0x00000000d5e80000)
 ParOldGen       total 112128K, used 111826K [0x0000000080000000, 0x0000000086d80000, 0x00000000d5580000)
  object space 112128K, 99% used [0x0000000080000000,0x0000000086d34848,0x0000000086d80000)
 Metaspace       used 68019K, committed 69504K, reserved 1114112K
  class space    used 7265K, committed 7872K, reserved 1048576K
}
Event: 81.067 GC heap after
{Heap after GC invocations=174 (full 3):
 PSYoungGen      total 7680K, used 1021K [0x00000000d5580000, 0x00000000d6400000, 0x0000000100000000)
  eden space 6656K, 0% used [0x00000000d5580000,0x00000000d5580000,0x00000000d5c00000)
  from space 1024K, 99% used [0x00000000d5d80000,0x00000000d5e7f730,0x00000000d5e80000)
  to   space 4096K, 0% used [0x00000000d6000000,0x00000000d6000000,0x00000000d6400000)
 ParOldGen       total 114688K, used 114314K [0x0000000080000000, 0x0000000087000000, 0x00000000d5580000)
  object space 114688K, 99% used [0x0000000080000000,0x0000000086fa2a58,0x0000000087000000)
 Metaspace       used 68019K, committed 69504K, reserved 1114112K
  class space    used 7265K, committed 7872K, reserved 1048576K
}
Event: 81.332 GC heap before
{Heap before GC invocations=175 (full 3):
 PSYoungGen      total 7680K, used 7633K [0x00000000d5580000, 0x00000000d6400000, 0x0000000100000000)
  eden space 6656K, 99% used [0x00000000d5580000,0x00000000d5bf4f90,0x00000000d5c00000)
  from space 1024K, 99% used [0x00000000d5d80000,0x00000000d5e7f730,0x00000000d5e80000)
  to   space 4096K, 0% used [0x00000000d6000000,0x00000000d6000000,0x00000000d6400000)
 ParOldGen       total 114688K, used 114314K [0x0000000080000000, 0x0000000087000000, 0x00000000d5580000)
  object space 114688K, 99% used [0x0000000080000000,0x0000000086fa2a58,0x0000000087000000)
 Metaspace       used 68031K, committed 69504K, reserved 1114112K
  class space    used 7265K, committed 7872K, reserved 1048576K
}
Event: 81.333 GC heap after
{Heap after GC invocations=175 (full 3):
 PSYoungGen      total 7168K, used 308K [0x00000000d5580000, 0x00000000d6080000, 0x0000000100000000)
  eden space 6656K, 0% used [0x00000000d5580000,0x00000000d5580000,0x00000000d5c00000)
  from space 512K, 60% used [0x00000000d6000000,0x00000000d604d200,0x00000000d6080000)
  to   space 1536K, 0% used [0x00000000d5d80000,0x00000000d5d80000,0x00000000d5f00000)
 ParOldGen       total 114688K, used 114370K [0x0000000080000000, 0x0000000087000000, 0x00000000d5580000)
  object space 114688K, 99% used [0x0000000080000000,0x0000000086fb0a58,0x0000000087000000)
 Metaspace       used 68031K, committed 69504K, reserved 1114112K
  class space    used 7265K, committed 7872K, reserved 1048576K
}
Event: 81.502 GC heap before
{Heap before GC invocations=176 (full 3):
 PSYoungGen      total 7168K, used 6937K [0x00000000d5580000, 0x00000000d6080000, 0x0000000100000000)
  eden space 6656K, 99% used [0x00000000d5580000,0x00000000d5bf92c0,0x00000000d5c00000)
  from space 512K, 60% used [0x00000000d6000000,0x00000000d604d200,0x00000000d6080000)
  to   space 1536K, 0% used [0x00000000d5d80000,0x00000000d5d80000,0x00000000d5f00000)
 ParOldGen       total 114688K, used 114370K [0x0000000080000000, 0x0000000087000000, 0x00000000d5580000)
  object space 114688K, 99% used [0x0000000080000000,0x0000000086fb0a58,0x0000000087000000)
 Metaspace       used 68057K, committed 69568K, reserved 1114112K
  class space    used 7265K, committed 7872K, reserved 1048576K
}
Event: 81.504 GC heap after
{Heap after GC invocations=176 (full 3):
 PSYoungGen      total 8192K, used 308K [0x00000000d5580000, 0x00000000d6080000, 0x0000000100000000)
  eden space 6656K, 0% used [0x00000000d5580000,0x00000000d5580000,0x00000000d5c00000)
  from space 1536K, 20% used [0x00000000d5d80000,0x00000000d5dcd200,0x00000000d5f00000)
  to   space 512K, 0% used [0x00000000d6000000,0x00000000d6000000,0x00000000d6080000)
 ParOldGen       total 114688K, used 114511K [0x0000000080000000, 0x0000000087000000, 0x00000000d5580000)
  object space 114688K, 99% used [0x0000000080000000,0x0000000086fd3c58,0x0000000087000000)
 Metaspace       used 68057K, committed 69568K, reserved 1114112K
  class space    used 7265K, committed 7872K, reserved 1048576K
}
Event: 84.861 GC heap before
{Heap before GC invocations=177 (full 3):
 PSYoungGen      total 8192K, used 6957K [0x00000000d5580000, 0x00000000d6080000, 0x0000000100000000)
  eden space 6656K, 99% used [0x00000000d5580000,0x00000000d5bfe2a0,0x00000000d5c00000)
  from space 1536K, 20% used [0x00000000d5d80000,0x00000000d5dcd200,0x00000000d5f00000)
  to   space 512K, 0% used [0x00000000d6000000,0x00000000d6000000,0x00000000d6080000)
 ParOldGen       total 114688K, used 114511K [0x0000000080000000, 0x0000000087000000, 0x00000000d5580000)
  object space 114688K, 99% used [0x0000000080000000,0x0000000086fd3c58,0x0000000087000000)
 Metaspace       used 68123K, committed 69632K, reserved 1114112K
  class space    used 7267K, committed 7872K, reserved 1048576K
}
Event: 84.864 GC heap after
{Heap after GC invocations=177 (full 3):
 PSYoungGen      total 7168K, used 497K [0x00000000d5580000, 0x00000000d6080000, 0x0000000100000000)
  eden space 6656K, 0% used [0x00000000d5580000,0x00000000d5580000,0x00000000d5c00000)
  from space 512K, 97% used [0x00000000d6000000,0x00000000d607c5b8,0x00000000d6080000)
  to   space 1024K, 0% used [0x00000000d5e80000,0x00000000d5e80000,0x00000000d5f80000)
 ParOldGen       total 115200K, used 114723K [0x0000000080000000, 0x0000000087080000, 0x00000000d5580000)
  object space 115200K, 99% used [0x0000000080000000,0x0000000087008e78,0x0000000087080000)
 Metaspace       used 68123K, committed 69632K, reserved 1114112K
  class space    used 7267K, committed 7872K, reserved 1048576K
}
Event: 85.219 GC heap before
{Heap before GC invocations=178 (full 3):
 PSYoungGen      total 7168K, used 7153K [0x00000000d5580000, 0x00000000d6080000, 0x0000000100000000)
  eden space 6656K, 99% used [0x00000000d5580000,0x00000000d5bfffc8,0x00000000d5c00000)
  from space 512K, 97% used [0x00000000d6000000,0x00000000d607c5b8,0x00000000d6080000)
  to   space 1024K, 0% used [0x00000000d5e80000,0x00000000d5e80000,0x00000000d5f80000)
 ParOldGen       total 115200K, used 114723K [0x0000000080000000, 0x0000000087080000, 0x00000000d5580000)
  object space 115200K, 99% used [0x0000000080000000,0x0000000087008e78,0x0000000087080000)
 Metaspace       used 68127K, committed 69632K, reserved 1114112K
  class space    used 7267K, committed 7872K, reserved 1048576K
}
Event: 85.221 GC heap after
{Heap after GC invocations=178 (full 3):
 PSYoungGen      total 7680K, used 877K [0x00000000d5580000, 0x00000000d6080000, 0x0000000100000000)
  eden space 6656K, 0% used [0x00000000d5580000,0x00000000d5580000,0x00000000d5c00000)
  from space 1024K, 85% used [0x00000000d5e80000,0x00000000d5f5b6b0,0x00000000d5f80000)
  to   space 1024K, 0% used [0x00000000d5f80000,0x00000000d5f80000,0x00000000d6080000)
 ParOldGen       total 115200K, used 115012K [0x0000000080000000, 0x0000000087080000, 0x00000000d5580000)
  object space 115200K, 99% used [0x0000000080000000,0x00000000870511a8,0x0000000087080000)
 Metaspace       used 68127K, committed 69632K, reserved 1114112K
  class space    used 7267K, committed 7872K, reserved 1048576K
}
Event: 85.327 GC heap before
{Heap before GC invocations=179 (full 3):
 PSYoungGen      total 7680K, used 7525K [0x00000000d5580000, 0x00000000d6080000, 0x0000000100000000)
  eden space 6656K, 99% used [0x00000000d5580000,0x00000000d5bfe100,0x00000000d5c00000)
  from space 1024K, 85% used [0x00000000d5e80000,0x00000000d5f5b6b0,0x00000000d5f80000)
  to   space 1024K, 0% used [0x00000000d5f80000,0x00000000d5f80000,0x00000000d6080000)
 ParOldGen       total 115200K, used 115012K [0x0000000080000000, 0x0000000087080000, 0x00000000d5580000)
  object space 115200K, 99% used [0x0000000080000000,0x00000000870511a8,0x0000000087080000)
 Metaspace       used 68127K, committed 69632K, reserved 1114112K
  class space    used 7267K, committed 7872K, reserved 1048576K
}
Event: 85.328 GC heap after
{Heap after GC invocations=179 (full 3):
 PSYoungGen      total 7168K, used 256K [0x00000000d5580000, 0x00000000d6000000, 0x0000000100000000)
  eden space 6656K, 0% used [0x00000000d5580000,0x00000000d5580000,0x00000000d5c00000)
  from space 512K, 50% used [0x00000000d5f80000,0x00000000d5fc0000,0x00000000d6000000)
  to   space 512K, 0% used [0x00000000d5f00000,0x00000000d5f00000,0x00000000d5f80000)
 ParOldGen       total 115200K, used 115084K [0x0000000080000000, 0x0000000087080000, 0x00000000d5580000)
  object space 115200K, 99% used [0x0000000080000000,0x00000000870631a8,0x0000000087080000)
 Metaspace       used 68127K, committed 69632K, reserved 1114112K
  class space    used 7267K, committed 7872K, reserved 1048576K
}
Event: 87.997 GC heap before
{Heap before GC invocations=180 (full 3):
 PSYoungGen      total 7168K, used 6911K [0x00000000d5580000, 0x00000000d6000000, 0x0000000100000000)
  eden space 6656K, 99% used [0x00000000d5580000,0x00000000d5bffed0,0x00000000d5c00000)
  from space 512K, 50% used [0x00000000d5f80000,0x00000000d5fc0000,0x00000000d6000000)
  to   space 512K, 0% used [0x00000000d5f00000,0x00000000d5f00000,0x00000000d5f80000)
 ParOldGen       total 115200K, used 115084K [0x0000000080000000, 0x0000000087080000, 0x00000000d5580000)
  object space 115200K, 99% used [0x0000000080000000,0x00000000870631a8,0x0000000087080000)
 Metaspace       used 68152K, committed 69632K, reserved 1114112K
  class space    used 7267K, committed 7872K, reserved 1048576K
}
Event: 87.999 GC heap after
{Heap after GC invocations=180 (full 3):
 PSYoungGen      total 7168K, used 288K [0x00000000d5580000, 0x00000000d6000000, 0x0000000100000000)
  eden space 6656K, 0% used [0x00000000d5580000,0x00000000d5580000,0x00000000d5c00000)
  from space 512K, 56% used [0x00000000d5f00000,0x00000000d5f48000,0x00000000d5f80000)
  to   space 512K, 0% used [0x00000000d5f80000,0x00000000d5f80000,0x00000000d6000000)
 ParOldGen       total 115200K, used 115116K [0x0000000080000000, 0x0000000087080000, 0x00000000d5580000)
  object space 115200K, 99% used [0x0000000080000000,0x000000008706b1a8,0x0000000087080000)
 Metaspace       used 68152K, committed 69632K, reserved 1114112K
  class space    used 7267K, committed 7872K, reserved 1048576K
}
Event: 101.630 GC heap before
{Heap before GC invocations=181 (full 3):
 PSYoungGen      total 7168K, used 6940K [0x00000000d5580000, 0x00000000d6000000, 0x0000000100000000)
  eden space 6656K, 99% used [0x00000000d5580000,0x00000000d5bff260,0x00000000d5c00000)
  from space 512K, 56% used [0x00000000d5f00000,0x00000000d5f48000,0x00000000d5f80000)
  to   space 512K, 0% used [0x00000000d5f80000,0x00000000d5f80000,0x00000000d6000000)
 ParOldGen       total 115200K, used 115116K [0x0000000080000000, 0x0000000087080000, 0x00000000d5580000)
  object space 115200K, 99% used [0x0000000080000000,0x000000008706b1a8,0x0000000087080000)
 Metaspace       used 68609K, committed 70144K, reserved 1114112K
  class space    used 7324K, committed 7936K, reserved 1048576K
}
Event: 101.637 GC heap after
{Heap after GC invocations=181 (full 3):
 PSYoungGen      total 7168K, used 416K [0x00000000d5580000, 0x00000000d6000000, 0x0000000100000000)
  eden space 6656K, 0% used [0x00000000d5580000,0x00000000d5580000,0x00000000d5c00000)
  from space 512K, 81% used [0x00000000d5f80000,0x00000000d5fe8000,0x00000000d6000000)
  to   space 512K, 0% used [0x00000000d5f00000,0x00000000d5f00000,0x00000000d5f80000)
 ParOldGen       total 115712K, used 115236K [0x0000000080000000, 0x0000000087100000, 0x00000000d5580000)
  object space 115712K, 99% used [0x0000000080000000,0x00000000870891a8,0x0000000087100000)
 Metaspace       used 68609K, committed 70144K, reserved 1114112K
  class space    used 7324K, committed 7936K, reserved 1048576K
}
Event: 200.899 GC heap before
{Heap before GC invocations=182 (full 3):
 PSYoungGen      total 7168K, used 7072K [0x00000000d5580000, 0x00000000d6000000, 0x0000000100000000)
  eden space 6656K, 100% used [0x00000000d5580000,0x00000000d5c00000,0x00000000d5c00000)
  from space 512K, 81% used [0x00000000d5f80000,0x00000000d5fe8000,0x00000000d6000000)
  to   space 512K, 0% used [0x00000000d5f00000,0x00000000d5f00000,0x00000000d5f80000)
 ParOldGen       total 115712K, used 115236K [0x0000000080000000, 0x0000000087100000, 0x00000000d5580000)
  object space 115712K, 99% used [0x0000000080000000,0x00000000870891a8,0x0000000087100000)
 Metaspace       used 68901K, committed 70400K, reserved 1114112K
  class space    used 7342K, committed 7936K, reserved 1048576K
}
Event: 201.002 GC heap after
{Heap after GC invocations=182 (full 3):
 PSYoungGen      total 7168K, used 384K [0x00000000d5580000, 0x00000000d6000000, 0x0000000100000000)
  eden space 6656K, 0% used [0x00000000d5580000,0x00000000d5580000,0x00000000d5c00000)
  from space 512K, 75% used [0x00000000d5f00000,0x00000000d5f60020,0x00000000d5f80000)
  to   space 512K, 0% used [0x00000000d5f80000,0x00000000d5f80000,0x00000000d6000000)
 ParOldGen       total 115712K, used 115468K [0x0000000080000000, 0x0000000087100000, 0x00000000d5580000)
  object space 115712K, 99% used [0x0000000080000000,0x00000000870c31a8,0x0000000087100000)
 Metaspace       used 68901K, committed 70400K, reserved 1114112K
  class space    used 7342K, committed 7936K, reserved 1048576K
}

