# JRE version: OpenJDK Runtime Environment Temurin-21.0.9+10 (21.0.9+10) (build 21.0.9+10-LTS)
# Java VM: OpenJDK 64-Bit Server VM Temurin-21.0.9+10 (21.0.9+10-LTS, mixed mode, sharing, tiered, compressed oops, compressed class ptrs, parallel gc, windows-amd64)
GC Precious Log:
 CardTable entry size: 512
 CPUs: 12 total, 12 available
 Memory: 7863M
 Large Page Support: Disabled
 NUMA Support: Disabled
 Compressed Oops: Enabled (32-bit)
 Alignments: Space 512K, Generation 512K, Heap 2M
 Heap Min Capacity: 100M
 Heap Initial Capacity: 100M
 Heap Max Capacity: 2G
 Pre-touch: Disabled
 Parallel Workers: 10
Heap:
 PSYoungGen      total 10240K, used 5308K [0x00000000d5580000, 0x00000000d6400000, 0x0000000100000000)
  eden space 9728K, 51% used [0x00000000d5580000,0x00000000d5a672f0,0x00000000d5f00000)
  from space 512K, 56% used [0x00000000d6380000,0x00000000d63c8000,0x00000000d6400000)
  to   space 1536K, 0% used [0x00000000d6100000,0x00000000d6100000,0x00000000d6280000)
 ParOldGen       total 96768K, used 96617K [0x0000000080000000, 0x0000000085e80000, 0x00000000d5580000)
  object space 96768K, 99% used [0x0000000080000000,0x0000000085e5a4f0,0x0000000085e80000)
 Metaspace       used 63821K, committed 65280K, reserved 1114112K
  class space    used 6692K, committed 7296K, reserved 1048576K
GC Heap History (20 events):
Event: 72.687 GC heap before
{Heap before GC invocations=130 (full 3):
 PSYoungGen      total 12288K, used 12000K [0x00000000d5580000, 0x00000000d6380000, 0x0000000100000000)
  eden space 11264K, 100% used [0x00000000d5580000,0x00000000d6080000,0x00000000d6080000)
  from space 1024K, 71% used [0x00000000d6280000,0x00000000d6338000,0x00000000d6380000)
  to   space 1024K, 0% used [0x00000000d6180000,0x00000000d6180000,0x00000000d6280000)
 ParOldGen       total 88576K, used 88262K [0x0000000080000000, 0x0000000085680000, 0x00000000d5580000)
  object space 88576K, 99% used [0x0000000080000000,0x0000000085631b68,0x0000000085680000)
 Metaspace       used 62938K, committed 64384K, reserved 1114112K
  class space    used 6641K, committed 7232K, reserved 1048576K
}
Event: 72.691 GC heap after
{Heap after GC invocations=130 (full 3):
 PSYoungGen      total 12288K, used 768K [0x00000000d5580000, 0x00000000d6300000, 0x0000000100000000)
  eden space 11264K, 0% used [0x00000000d5580000,0x00000000d5580000,0x00000000d6080000)
  from space 1024K, 75% used [0x00000000d6180000,0x00000000d6240000,0x00000000d6280000)
  to   space 512K, 0% used [0x00000000d6280000,0x00000000d6280000,0x00000000d6300000)
 ParOldGen       total 89088K, used 88598K [0x0000000080000000, 0x0000000085700000, 0x00000000d5580000)
  object space 89088K, 99% used [0x0000000080000000,0x0000000085685b68,0x0000000085700000)
 Metaspace       used 62938K, committed 64384K, reserved 1114112K
  class space    used 6641K, committed 7232K, reserved 1048576K
}
Event: 72.908 GC heap before
{Heap before GC invocations=131 (full 3):
 PSYoungGen      total 12288K, used 12032K [0x00000000d5580000, 0x00000000d6300000, 0x0000000100000000)
  eden space 11264K, 100% used [0x00000000d5580000,0x00000000d6080000,0x00000000d6080000)
  from space 1024K, 75% used [0x00000000d6180000,0x00000000d6240000,0x00000000d6280000)
  to   space 512K, 0% used [0x00000000d6280000,0x00000000d6280000,0x00000000d6300000)
 ParOldGen       total 89088K, used 88598K [0x0000000080000000, 0x0000000085700000, 0x00000000d5580000)
  object space 89088K, 99% used [0x0000000080000000,0x0000000085685b68,0x0000000085700000)
 Metaspace       used 63009K, committed 64448K, reserved 1114112K
  class space    used 6641K, committed 7232K, reserved 1048576K
}
Event: 72.911 GC heap after
{Heap after GC invocations=131 (full 3):
 PSYoungGen      total 11776K, used 496K [0x00000000d5580000, 0x00000000d6380000, 0x0000000100000000)
  eden space 11264K, 0% used [0x00000000d5580000,0x00000000d5580000,0x00000000d6080000)
  from space 512K, 96% used [0x00000000d6280000,0x00000000d62fc010,0x00000000d6300000)
  to   space 1536K, 0% used [0x00000000d6080000,0x00000000d6080000,0x00000000d6200000)
 ParOldGen       total 89600K, used 89454K [0x0000000080000000, 0x0000000085780000, 0x00000000d5580000)
  object space 89600K, 99% used [0x0000000080000000,0x000000008575bb68,0x0000000085780000)
 Metaspace       used 63009K, committed 64448K, reserved 1114112K
  class space    used 6641K, committed 7232K, reserved 1048576K
}
Event: 73.314 GC heap before
{Heap before GC invocations=132 (full 3):
 PSYoungGen      total 11776K, used 11760K [0x00000000d5580000, 0x00000000d6380000, 0x0000000100000000)
  eden space 11264K, 100% used [0x00000000d5580000,0x00000000d6080000,0x00000000d6080000)
  from space 512K, 96% used [0x00000000d6280000,0x00000000d62fc010,0x00000000d6300000)
  to   space 1536K, 0% used [0x00000000d6080000,0x00000000d6080000,0x00000000d6200000)
 ParOldGen       total 89600K, used 89454K [0x0000000080000000, 0x0000000085780000, 0x00000000d5580000)
  object space 89600K, 99% used [0x0000000080000000,0x000000008575bb68,0x0000000085780000)
 Metaspace       used 63036K, committed 64512K, reserved 1114112K
  class space    used 6641K, committed 7232K, reserved 1048576K
}
Event: 73.316 GC heap after
{Heap after GC invocations=132 (full 3):
 PSYoungGen      total 12800K, used 896K [0x00000000d5580000, 0x00000000d6380000, 0x0000000100000000)
  eden space 11264K, 0% used [0x00000000d5580000,0x00000000d5580000,0x00000000d6080000)
  from space 1536K, 58% used [0x00000000d6080000,0x00000000d6160000,0x00000000d6200000)
  to   space 1536K, 0% used [0x00000000d6200000,0x00000000d6200000,0x00000000d6380000)
 ParOldGen       total 90112K, used 89734K [0x0000000080000000, 0x0000000085800000, 0x00000000d5580000)
  object space 90112K, 99% used [0x0000000080000000,0x00000000857a1b68,0x0000000085800000)
 Metaspace       used 63036K, committed 64512K, reserved 1114112K
  class space    used 6641K, committed 7232K, reserved 1048576K
}
Event: 73.676 GC heap before
{Heap before GC invocations=133 (full 3):
 PSYoungGen      total 12800K, used 12149K [0x00000000d5580000, 0x00000000d6380000, 0x0000000100000000)
  eden space 11264K, 99% used [0x00000000d5580000,0x00000000d607d658,0x00000000d6080000)
  from space 1536K, 58% used [0x00000000d6080000,0x00000000d6160000,0x00000000d6200000)
  to   space 1536K, 0% used [0x00000000d6200000,0x00000000d6200000,0x00000000d6380000)
 ParOldGen       total 90112K, used 89734K [0x0000000080000000, 0x0000000085800000, 0x00000000d5580000)
  object space 90112K, 99% used [0x0000000080000000,0x00000000857a1b68,0x0000000085800000)
 Metaspace       used 63114K, committed 64576K, reserved 1114112K
  class space    used 6641K, committed 7232K, reserved 1048576K
}
Event: 73.679 GC heap after
{Heap after GC invocations=133 (full 3):
 PSYoungGen      total 12288K, used 928K [0x00000000d5580000, 0x00000000d6300000, 0x0000000100000000)
  eden space 11264K, 0% used [0x00000000d5580000,0x00000000d5580000,0x00000000d6080000)
  from space 1024K, 90% used [0x00000000d6200000,0x00000000d62e8000,0x00000000d6300000)
  to   space 1024K, 0% used [0x00000000d6100000,0x00000000d6100000,0x00000000d6200000)
 ParOldGen       total 90624K, used 90230K [0x0000000080000000, 0x0000000085880000, 0x00000000d5580000)
  object space 90624K, 99% used [0x0000000080000000,0x000000008581db68,0x0000000085880000)
 Metaspace       used 63114K, committed 64576K, reserved 1114112K
  class space    used 6641K, committed 7232K, reserved 1048576K
}
Event: 75.113 GC heap before
{Heap before GC invocations=134 (full 3):
 PSYoungGen      total 12288K, used 12191K [0x00000000d5580000, 0x00000000d6300000, 0x0000000100000000)
  eden space 11264K, 99% used [0x00000000d5580000,0x00000000d607ffd8,0x00000000d6080000)
  from space 1024K, 90% used [0x00000000d6200000,0x00000000d62e8000,0x00000000d6300000)
  to   space 1024K, 0% used [0x00000000d6100000,0x00000000d6100000,0x00000000d6200000)
 ParOldGen       total 90624K, used 90230K [0x0000000080000000, 0x0000000085880000, 0x00000000d5580000)
  object space 90624K, 99% used [0x0000000080000000,0x000000008581db68,0x0000000085880000)
 Metaspace       used 63425K, committed 64960K, reserved 1114112K
  class space    used 6668K, committed 7296K, reserved 1048576K
}
Event: 75.118 GC heap after
{Heap after GC invocations=134 (full 3):
 PSYoungGen      total 12288K, used 672K [0x00000000d5580000, 0x00000000d6280000, 0x0000000100000000)
  eden space 11264K, 0% used [0x00000000d5580000,0x00000000d5580000,0x00000000d6080000)
  from space 1024K, 65% used [0x00000000d6100000,0x00000000d61a8000,0x00000000d6200000)
  to   space 512K, 0% used [0x00000000d6200000,0x00000000d6200000,0x00000000d6280000)
 ParOldGen       total 91136K, used 90958K [0x0000000080000000, 0x0000000085900000, 0x00000000d5580000)
  object space 91136K, 99% used [0x0000000080000000,0x00000000858d3b68,0x0000000085900000)
 Metaspace       used 63425K, committed 64960K, reserved 1114112K
  class space    used 6668K, committed 7296K, reserved 1048576K
}
Event: 75.515 GC heap before
{Heap before GC invocations=135 (full 3):
 PSYoungGen      total 12288K, used 11936K [0x00000000d5580000, 0x00000000d6280000, 0x0000000100000000)
  eden space 11264K, 100% used [0x00000000d5580000,0x00000000d6080000,0x00000000d6080000)
  from space 1024K, 65% used [0x00000000d6100000,0x00000000d61a8000,0x00000000d6200000)
  to   space 512K, 0% used [0x00000000d6200000,0x00000000d6200000,0x00000000d6280000)
 ParOldGen       total 91136K, used 90958K [0x0000000080000000, 0x0000000085900000, 0x00000000d5580000)
  object space 91136K, 99% used [0x0000000080000000,0x00000000858d3b68,0x0000000085900000)
 Metaspace       used 63581K, committed 65152K, reserved 1114112K
  class space    used 6680K, committed 7296K, reserved 1048576K
}
Event: 75.520 GC heap after
{Heap after GC invocations=135 (full 3):
 PSYoungGen      total 10240K, used 507K [0x00000000d5580000, 0x00000000d6680000, 0x0000000100000000)
  eden space 9728K, 0% used [0x00000000d5580000,0x00000000d5580000,0x00000000d5f00000)
  from space 512K, 99% used [0x00000000d6200000,0x00000000d627efa0,0x00000000d6280000)
  to   space 3072K, 0% used [0x00000000d5f00000,0x00000000d5f00000,0x00000000d6200000)
 ParOldGen       total 93184K, used 92855K [0x0000000080000000, 0x0000000085b00000, 0x00000000d5580000)
  object space 93184K, 99% used [0x0000000080000000,0x0000000085aadda8,0x0000000085b00000)
 Metaspace       used 63581K, committed 65152K, reserved 1114112K
  class space    used 6680K, committed 7296K, reserved 1048576K
}
Event: 77.607 GC heap before
{Heap before GC invocations=136 (full 3):
 PSYoungGen      total 10240K, used 10211K [0x00000000d5580000, 0x00000000d6680000, 0x0000000100000000)
  eden space 9728K, 99% used [0x00000000d5580000,0x00000000d5ef9d40,0x00000000d5f00000)
  from space 512K, 99% used [0x00000000d6200000,0x00000000d627efa0,0x00000000d6280000)
  to   space 3072K, 0% used [0x00000000d5f00000,0x00000000d5f00000,0x00000000d6200000)
 ParOldGen       total 93184K, used 92855K [0x0000000080000000, 0x0000000085b00000, 0x00000000d5580000)
  object space 93184K, 99% used [0x0000000080000000,0x0000000085aadda8,0x0000000085b00000)
 Metaspace       used 63668K, committed 65216K, reserved 1114112K
  class space    used 6684K, committed 7296K, reserved 1048576K
}
Event: 77.610 GC heap after
{Heap after GC invocations=136 (full 3):
 PSYoungGen      total 10240K, used 372K [0x00000000d5580000, 0x00000000d6280000, 0x0000000100000000)
  eden space 9728K, 0% used [0x00000000d5580000,0x00000000d5580000,0x00000000d5f00000)
  from space 512K, 72% used [0x00000000d5f00000,0x00000000d5f5d200,0x00000000d5f80000)
  to   space 1536K, 0% used [0x00000000d6100000,0x00000000d6100000,0x00000000d6280000)
 ParOldGen       total 93184K, used 93063K [0x0000000080000000, 0x0000000085b00000, 0x00000000d5580000)
  object space 93184K, 99% used [0x0000000080000000,0x0000000085ae1dc8,0x0000000085b00000)
 Metaspace       used 63668K, committed 65216K, reserved 1114112K
  class space    used 6684K, committed 7296K, reserved 1048576K
}
Event: 77.892 GC heap before
{Heap before GC invocations=137 (full 3):
 PSYoungGen      total 10240K, used 10091K [0x00000000d5580000, 0x00000000d6280000, 0x0000000100000000)
  eden space 9728K, 99% used [0x00000000d5580000,0x00000000d5efda20,0x00000000d5f00000)
  from space 512K, 72% used [0x00000000d5f00000,0x00000000d5f5d200,0x00000000d5f80000)
  to   space 1536K, 0% used [0x00000000d6100000,0x00000000d6100000,0x00000000d6280000)
 ParOldGen       total 93184K, used 93063K [0x0000000080000000, 0x0000000085b00000, 0x00000000d5580000)
  object space 93184K, 99% used [0x0000000080000000,0x0000000085ae1dc8,0x0000000085b00000)
 Metaspace       used 63677K, committed 65216K, reserved 1114112K
  class space    used 6684K, committed 7296K, reserved 1048576K
}
Event: 77.894 GC heap after
{Heap after GC invocations=137 (full 3):
 PSYoungGen      total 10240K, used 352K [0x00000000d5580000, 0x00000000d6180000, 0x0000000100000000)
  eden space 9728K, 0% used [0x00000000d5580000,0x00000000d5580000,0x00000000d5f00000)
  from space 512K, 68% used [0x00000000d6100000,0x00000000d6158000,0x00000000d6180000)
  to   space 512K, 0% used [0x00000000d5f00000,0x00000000d5f00000,0x00000000d5f80000)
 ParOldGen       total 93696K, used 93267K [0x0000000080000000, 0x0000000085b80000, 0x00000000d5580000)
  object space 93696K, 99% used [0x0000000080000000,0x0000000085b14fc8,0x0000000085b80000)
 Metaspace       used 63677K, committed 65216K, reserved 1114112K
  class space    used 6684K, committed 7296K, reserved 1048576K
}
Event: 78.041 GC heap before
{Heap before GC invocations=138 (full 3):
 PSYoungGen      total 10240K, used 10008K [0x00000000d5580000, 0x00000000d6180000, 0x0000000100000000)
  eden space 9728K, 99% used [0x00000000d5580000,0x00000000d5eee2a8,0x00000000d5f00000)
  from space 512K, 68% used [0x00000000d6100000,0x00000000d6158000,0x00000000d6180000)
  to   space 512K, 0% used [0x00000000d5f00000,0x00000000d5f00000,0x00000000d5f80000)
 ParOldGen       total 93696K, used 93367K [0x0000000080000000, 0x0000000085b80000, 0x00000000d5580000)
  object space 93696K, 99% used [0x0000000080000000,0x0000000085b2dd60,0x0000000085b80000)
 Metaspace       used 63685K, committed 65216K, reserved 1114112K
  class space    used 6684K, committed 7296K, reserved 1048576K
}
Event: 78.047 GC heap after
{Heap after GC invocations=138 (full 3):
 PSYoungGen      total 10240K, used 497K [0x00000000d5580000, 0x00000000d6800000, 0x0000000100000000)
  eden space 9728K, 0% used [0x00000000d5580000,0x00000000d5580000,0x00000000d5f00000)
  from space 512K, 97% used [0x00000000d5f00000,0x00000000d5f7c570,0x00000000d5f80000)
  to   space 4608K, 0% used [0x00000000d6380000,0x00000000d6380000,0x00000000d6800000)
 ParOldGen       total 96768K, used 96441K [0x0000000080000000, 0x0000000085e80000, 0x00000000d5580000)
  object space 96768K, 99% used [0x0000000080000000,0x0000000085e2e4a0,0x0000000085e80000)
 Metaspace       used 63685K, committed 65216K, reserved 1114112K
  class space    used 6684K, committed 7296K, reserved 1048576K
}
Event: 78.249 GC heap before
{Heap before GC invocations=139 (full 3):
 PSYoungGen      total 10240K, used 10225K [0x00000000d5580000, 0x00000000d6800000, 0x0000000100000000)
  eden space 9728K, 100% used [0x00000000d5580000,0x00000000d5f00000,0x00000000d5f00000)
  from space 512K, 97% used [0x00000000d5f00000,0x00000000d5f7c570,0x00000000d5f80000)
  to   space 4608K, 0% used [0x00000000d6380000,0x00000000d6380000,0x00000000d6800000)
 ParOldGen       total 96768K, used 96462K [0x0000000080000000, 0x0000000085e80000, 0x00000000d5580000)
  object space 96768K, 99% used [0x0000000080000000,0x0000000085e33bf0,0x0000000085e80000)
 Metaspace       used 63705K, committed 65216K, reserved 1114112K
  class space    used 6684K, committed 7296K, reserved 1048576K
}
Event: 78.251 GC heap after
{Heap after GC invocations=139 (full 3):
 PSYoungGen      total 10240K, used 288K [0x00000000d5580000, 0x00000000d6400000, 0x0000000100000000)
  eden space 9728K, 0% used [0x00000000d5580000,0x00000000d5580000,0x00000000d5f00000)
  from space 512K, 56% used [0x00000000d6380000,0x00000000d63c8000,0x00000000d6400000)
  to   space 1536K, 0% used [0x00000000d6100000,0x00000000d6100000,0x00000000d6280000)
 ParOldGen       total 96768K, used 96617K [0x0000000080000000, 0x0000000085e80000, 0x00000000d5580000)
  object space 96768K, 99% used [0x0000000080000000,0x0000000085e5a4f0,0x0000000085e80000)
 Metaspace       used 63705K, committed 65216K, reserved 1114112K
  class space    used 6684K, committed 7296K, reserved 1048576K
}

