# JRE version: OpenJDK Runtime Environment Temurin-21.0.9+10 (21.0.9+10) (build 21.0.9+10-LTS)
# Java VM: OpenJDK 64-Bit Server VM Temurin-21.0.9+10 (21.0.9+10-LTS, mixed mode, sharing, tiered, compressed oops, compressed class ptrs, parallel gc, windows-amd64)
GC Precious Log:
 CardTable entry size: 512
 CPUs: 12 total, 12 available
 Memory: 7863M
 Large Page Support: Disabled
 NUMA Support: Disabled
 Compressed Oops: Enabled (32-bit)
 Alignments: Space 512K, Generation 512K, Heap 2M
 Heap Min Capacity: 100M
 Heap Initial Capacity: 100M
 Heap Max Capacity: 2G
 Pre-touch: Disabled
 Parallel Workers: 10
Heap:
 PSYoungGen      total 10752K, used 9727K [0x00000000d5580000, 0x00000000d6400000, 0x0000000100000000)
  eden space 10240K, 92% used [0x00000000d5580000,0x00000000d5ec7d98,0x00000000d5f80000)
  from space 512K, 43% used [0x00000000d6380000,0x00000000d63b8000,0x00000000d6400000)
  to   space 512K, 0% used [0x00000000d6300000,0x00000000d6300000,0x00000000d6380000)
 ParOldGen       total 112640K, used 112138K [0x0000000080000000, 0x0000000086e00000, 0x00000000d5580000)
  object space 112640K, 99% used [0x0000000080000000,0x0000000086d828b0,0x0000000086e00000)
 Metaspace       used 68260K, committed 69760K, reserved 1114112K
  class space    used 7293K, committed 7936K, reserved 1048576K
GC Heap History (20 events):
Event: 49.090 GC heap before
{Heap before GC invocations=170 (full 3):
 PSYoungGen      total 11264K, used 11170K [0x00000000d5580000, 0x00000000d6400000, 0x0000000100000000)
  eden space 10240K, 99% used [0x00000000d5580000,0x00000000d5f68ba8,0x00000000d5f80000)
  from space 1024K, 99% used [0x00000000d6180000,0x00000000d627fc98,0x00000000d6280000)
  to   space 2048K, 0% used [0x00000000d5f80000,0x00000000d5f80000,0x00000000d6180000)
 ParOldGen       total 105472K, used 105133K [0x0000000080000000, 0x0000000086700000, 0x00000000d5580000)
  object space 105472K, 99% used [0x0000000080000000,0x00000000866ab4d0,0x0000000086700000)
 Metaspace       used 66912K, committed 68480K, reserved 1114112K
  class space    used 7198K, committed 7872K, reserved 1048576K
}
Event: 49.093 GC heap after
{Heap after GC invocations=170 (full 3):
 PSYoungGen      total 11776K, used 1168K [0x00000000d5580000, 0x00000000d6280000, 0x0000000100000000)
  eden space 10240K, 0% used [0x00000000d5580000,0x00000000d5580000,0x00000000d5f80000)
  from space 1536K, 76% used [0x00000000d5f80000,0x00000000d60a4010,0x00000000d6100000)
  to   space 1536K, 0% used [0x00000000d6100000,0x00000000d6100000,0x00000000d6280000)
 ParOldGen       total 105984K, used 105960K [0x0000000080000000, 0x0000000086780000, 0x00000000d5580000)
  object space 105984K, 99% used [0x0000000080000000,0x000000008677a178,0x0000000086780000)
 Metaspace       used 66912K, committed 68480K, reserved 1114112K
  class space    used 7198K, committed 7872K, reserved 1048576K
}
Event: 49.250 GC heap before
{Heap before GC invocations=171 (full 3):
 PSYoungGen      total 11776K, used 11407K [0x00000000d5580000, 0x00000000d6280000, 0x0000000100000000)
  eden space 10240K, 99% used [0x00000000d5580000,0x00000000d5f7fc30,0x00000000d5f80000)
  from space 1536K, 76% used [0x00000000d5f80000,0x00000000d60a4010,0x00000000d6100000)
  to   space 1536K, 0% used [0x00000000d6100000,0x00000000d6100000,0x00000000d6280000)
 ParOldGen       total 105984K, used 105960K [0x0000000080000000, 0x0000000086780000, 0x00000000d5580000)
  object space 105984K, 99% used [0x0000000080000000,0x000000008677a178,0x0000000086780000)
 Metaspace       used 67034K, committed 68608K, reserved 1114112K
  class space    used 7201K, committed 7872K, reserved 1048576K
}
Event: 49.253 GC heap after
{Heap after GC invocations=171 (full 3):
 PSYoungGen      total 11776K, used 1013K [0x00000000d5580000, 0x00000000d6280000, 0x0000000100000000)
  eden space 10240K, 0% used [0x00000000d5580000,0x00000000d5580000,0x00000000d5f80000)
  from space 1536K, 65% used [0x00000000d6100000,0x00000000d61fd428,0x00000000d6280000)
  to   space 1536K, 0% used [0x00000000d5f80000,0x00000000d5f80000,0x00000000d6100000)
 ParOldGen       total 107008K, used 106752K [0x0000000080000000, 0x0000000086880000, 0x00000000d5580000)
  object space 107008K, 99% used [0x0000000080000000,0x0000000086840178,0x0000000086880000)
 Metaspace       used 67034K, committed 68608K, reserved 1114112K
  class space    used 7201K, committed 7872K, reserved 1048576K
}
Event: 50.311 GC heap before
{Heap before GC invocations=172 (full 3):
 PSYoungGen      total 11776K, used 10861K [0x00000000d5580000, 0x00000000d6280000, 0x0000000100000000)
  eden space 10240K, 96% used [0x00000000d5580000,0x00000000d5f1e080,0x00000000d5f80000)
  from space 1536K, 65% used [0x00000000d6100000,0x00000000d61fd428,0x00000000d6280000)
  to   space 1536K, 0% used [0x00000000d5f80000,0x00000000d5f80000,0x00000000d6100000)
 ParOldGen       total 107008K, used 106752K [0x0000000080000000, 0x0000000086880000, 0x00000000d5580000)
  object space 107008K, 99% used [0x0000000080000000,0x0000000086840178,0x0000000086880000)
 Metaspace       used 67470K, committed 68992K, reserved 1114112K
  class space    used 7239K, committed 7872K, reserved 1048576K
}
Event: 50.314 GC heap after
{Heap after GC invocations=172 (full 3):
 PSYoungGen      total 11264K, used 608K [0x00000000d5580000, 0x00000000d6180000, 0x0000000100000000)
  eden space 10240K, 0% used [0x00000000d5580000,0x00000000d5580000,0x00000000d5f80000)
  from space 1024K, 59% used [0x00000000d5f80000,0x00000000d6018020,0x00000000d6080000)
  to   space 1024K, 0% used [0x00000000d6080000,0x00000000d6080000,0x00000000d6180000)
 ParOldGen       total 107520K, used 107467K [0x0000000080000000, 0x0000000086900000, 0x00000000d5580000)
  object space 107520K, 99% used [0x0000000080000000,0x00000000868f2d00,0x0000000086900000)
 Metaspace       used 67470K, committed 68992K, reserved 1114112K
  class space    used 7239K, committed 7872K, reserved 1048576K
}
Event: 50.427 GC heap before
{Heap before GC invocations=173 (full 3):
 PSYoungGen      total 11264K, used 10833K [0x00000000d5580000, 0x00000000d6180000, 0x0000000100000000)
  eden space 10240K, 99% used [0x00000000d5580000,0x00000000d5f7c428,0x00000000d5f80000)
  from space 1024K, 59% used [0x00000000d5f80000,0x00000000d6018020,0x00000000d6080000)
  to   space 1024K, 0% used [0x00000000d6080000,0x00000000d6080000,0x00000000d6180000)
 ParOldGen       total 107520K, used 107467K [0x0000000080000000, 0x0000000086900000, 0x00000000d5580000)
  object space 107520K, 99% used [0x0000000080000000,0x00000000868f2d00,0x0000000086900000)
 Metaspace       used 67470K, committed 68992K, reserved 1114112K
  class space    used 7239K, committed 7872K, reserved 1048576K
}
Event: 50.429 GC heap after
{Heap after GC invocations=173 (full 3):
 PSYoungGen      total 10752K, used 224K [0x00000000d5580000, 0x00000000d6100000, 0x0000000100000000)
  eden space 10240K, 0% used [0x00000000d5580000,0x00000000d5580000,0x00000000d5f80000)
  from space 512K, 43% used [0x00000000d6080000,0x00000000d60b8000,0x00000000d6100000)
  to   space 512K, 0% used [0x00000000d6000000,0x00000000d6000000,0x00000000d6080000)
 ParOldGen       total 108032K, used 107972K [0x0000000080000000, 0x0000000086980000, 0x00000000d5580000)
  object space 108032K, 99% used [0x0000000080000000,0x0000000086971220,0x0000000086980000)
 Metaspace       used 67470K, committed 68992K, reserved 1114112K
  class space    used 7239K, committed 7872K, reserved 1048576K
}
Event: 51.631 GC heap before
{Heap before GC invocations=174 (full 3):
 PSYoungGen      total 10752K, used 10459K [0x00000000d5580000, 0x00000000d6100000, 0x0000000100000000)
  eden space 10240K, 99% used [0x00000000d5580000,0x00000000d5f7ec70,0x00000000d5f80000)
  from space 512K, 43% used [0x00000000d6080000,0x00000000d60b8000,0x00000000d6100000)
  to   space 512K, 0% used [0x00000000d6000000,0x00000000d6000000,0x00000000d6080000)
 ParOldGen       total 108032K, used 107972K [0x0000000080000000, 0x0000000086980000, 0x00000000d5580000)
  object space 108032K, 99% used [0x0000000080000000,0x0000000086971220,0x0000000086980000)
 Metaspace       used 67560K, committed 69056K, reserved 1114112K
  class space    used 7244K, committed 7872K, reserved 1048576K
}
Event: 51.634 GC heap after
{Heap after GC invocations=174 (full 3):
 PSYoungGen      total 10752K, used 501K [0x00000000d5580000, 0x00000000d6280000, 0x0000000100000000)
  eden space 10240K, 0% used [0x00000000d5580000,0x00000000d5580000,0x00000000d5f80000)
  from space 512K, 97% used [0x00000000d6000000,0x00000000d607d6e8,0x00000000d6080000)
  to   space 1536K, 0% used [0x00000000d6100000,0x00000000d6100000,0x00000000d6280000)
 ParOldGen       total 109056K, used 108625K [0x0000000080000000, 0x0000000086a80000, 0x00000000d5580000)
  object space 109056K, 99% used [0x0000000080000000,0x0000000086a14450,0x0000000086a80000)
 Metaspace       used 67560K, committed 69056K, reserved 1114112K
  class space    used 7244K, committed 7872K, reserved 1048576K
}
Event: 51.747 GC heap before
{Heap before GC invocations=175 (full 3):
 PSYoungGen      total 10752K, used 10080K [0x00000000d5580000, 0x00000000d6280000, 0x0000000100000000)
  eden space 10240K, 93% used [0x00000000d5580000,0x00000000d5edacb0,0x00000000d5f80000)
  from space 512K, 97% used [0x00000000d6000000,0x00000000d607d6e8,0x00000000d6080000)
  to   space 1536K, 0% used [0x00000000d6100000,0x00000000d6100000,0x00000000d6280000)
 ParOldGen       total 109056K, used 108625K [0x0000000080000000, 0x0000000086a80000, 0x00000000d5580000)
  object space 109056K, 99% used [0x0000000080000000,0x0000000086a14450,0x0000000086a80000)
 Metaspace       used 67569K, committed 69056K, reserved 1114112K
  class space    used 7244K, committed 7872K, reserved 1048576K
}
Event: 51.750 GC heap after
{Heap after GC invocations=175 (full 3):
 PSYoungGen      total 10752K, used 436K [0x00000000d5580000, 0x00000000d6180000, 0x0000000100000000)
  eden space 10240K, 0% used [0x00000000d5580000,0x00000000d5580000,0x00000000d5f80000)
  from space 512K, 85% used [0x00000000d6100000,0x00000000d616d220,0x00000000d6180000)
  to   space 1024K, 0% used [0x00000000d5f80000,0x00000000d5f80000,0x00000000d6080000)
 ParOldGen       total 109056K, used 108937K [0x0000000080000000, 0x0000000086a80000, 0x00000000d5580000)
  object space 109056K, 99% used [0x0000000080000000,0x0000000086a62450,0x0000000086a80000)
 Metaspace       used 67569K, committed 69056K, reserved 1114112K
  class space    used 7244K, committed 7872K, reserved 1048576K
}
Event: 51.818 GC heap before
{Heap before GC invocations=176 (full 3):
 PSYoungGen      total 10752K, used 10466K [0x00000000d5580000, 0x00000000d6180000, 0x0000000100000000)
  eden space 10240K, 97% used [0x00000000d5580000,0x00000000d5f4b9a8,0x00000000d5f80000)
  from space 512K, 85% used [0x00000000d6100000,0x00000000d616d220,0x00000000d6180000)
  to   space 1024K, 0% used [0x00000000d5f80000,0x00000000d5f80000,0x00000000d6080000)
 ParOldGen       total 109056K, used 108937K [0x0000000080000000, 0x0000000086a80000, 0x00000000d5580000)
  object space 109056K, 99% used [0x0000000080000000,0x0000000086a62450,0x0000000086a80000)
 Metaspace       used 67575K, committed 69056K, reserved 1114112K
  class space    used 7244K, committed 7872K, reserved 1048576K
}
Event: 51.823 GC heap after
{Heap after GC invocations=176 (full 3):
 PSYoungGen      total 11264K, used 1020K [0x00000000d5580000, 0x00000000d6880000, 0x0000000100000000)
  eden space 10240K, 0% used [0x00000000d5580000,0x00000000d5580000,0x00000000d5f80000)
  from space 1024K, 99% used [0x00000000d5f80000,0x00000000d607f2b0,0x00000000d6080000)
  to   space 4608K, 0% used [0x00000000d6400000,0x00000000d6400000,0x00000000d6880000)
 ParOldGen       total 111616K, used 111578K [0x0000000080000000, 0x0000000086d00000, 0x00000000d5580000)
  object space 111616K, 99% used [0x0000000080000000,0x0000000086cf6890,0x0000000086d00000)
 Metaspace       used 67575K, committed 69056K, reserved 1114112K
  class space    used 7244K, committed 7872K, reserved 1048576K
}
Event: 52.824 GC heap before
{Heap before GC invocations=177 (full 3):
 PSYoungGen      total 11264K, used 11260K [0x00000000d5580000, 0x00000000d6880000, 0x0000000100000000)
  eden space 10240K, 100% used [0x00000000d5580000,0x00000000d5f80000,0x00000000d5f80000)
  from space 1024K, 99% used [0x00000000d5f80000,0x00000000d607f2b0,0x00000000d6080000)
  to   space 4608K, 0% used [0x00000000d6400000,0x00000000d6400000,0x00000000d6880000)
 ParOldGen       total 111616K, used 111578K [0x0000000080000000, 0x0000000086d00000, 0x00000000d5580000)
  object space 111616K, 99% used [0x0000000080000000,0x0000000086cf6890,0x0000000086d00000)
 Metaspace       used 67650K, committed 69184K, reserved 1114112K
  class space    used 7246K, committed 7872K, reserved 1048576K
}
Event: 52.827 GC heap after
{Heap after GC invocations=177 (full 3):
 PSYoungGen      total 10752K, used 320K [0x00000000d5580000, 0x00000000d6480000, 0x0000000100000000)
  eden space 10240K, 0% used [0x00000000d5580000,0x00000000d5580000,0x00000000d5f80000)
  from space 512K, 62% used [0x00000000d6400000,0x00000000d6450000,0x00000000d6480000)
  to   space 1536K, 0% used [0x00000000d6180000,0x00000000d6180000,0x00000000d6300000)
 ParOldGen       total 112128K, used 111650K [0x0000000080000000, 0x0000000086d80000, 0x00000000d5580000)
  object space 112128K, 99% used [0x0000000080000000,0x0000000086d08890,0x0000000086d80000)
 Metaspace       used 67650K, committed 69184K, reserved 1114112K
  class space    used 7246K, committed 7872K, reserved 1048576K
}
Event: 53.022 GC heap before
{Heap before GC invocations=178 (full 3):
 PSYoungGen      total 10752K, used 10490K [0x00000000d5580000, 0x00000000d6480000, 0x0000000100000000)
  eden space 10240K, 99% used [0x00000000d5580000,0x00000000d5f6e848,0x00000000d5f80000)
  from space 512K, 62% used [0x00000000d6400000,0x00000000d6450000,0x00000000d6480000)
  to   space 1536K, 0% used [0x00000000d6180000,0x00000000d6180000,0x00000000d6300000)
 ParOldGen       total 112128K, used 111650K [0x0000000080000000, 0x0000000086d80000, 0x00000000d5580000)
  object space 112128K, 99% used [0x0000000080000000,0x0000000086d08890,0x0000000086d80000)
 Metaspace       used 67793K, committed 69376K, reserved 1114112K
  class space    used 7259K, committed 7936K, reserved 1048576K
}
Event: 53.024 GC heap after
{Heap after GC invocations=178 (full 3):
 PSYoungGen      total 11776K, used 784K [0x00000000d5580000, 0x00000000d6480000, 0x0000000100000000)
  eden space 10240K, 0% used [0x00000000d5580000,0x00000000d5580000,0x00000000d5f80000)
  from space 1536K, 51% used [0x00000000d6180000,0x00000000d6244030,0x00000000d6300000)
  to   space 1024K, 0% used [0x00000000d6380000,0x00000000d6380000,0x00000000d6480000)
 ParOldGen       total 112128K, used 111778K [0x0000000080000000, 0x0000000086d80000, 0x00000000d5580000)
  object space 112128K, 99% used [0x0000000080000000,0x0000000086d28890,0x0000000086d80000)
 Metaspace       used 67793K, committed 69376K, reserved 1114112K
  class space    used 7259K, committed 7936K, reserved 1048576K
}
Event: 53.141 GC heap before
{Heap before GC invocations=179 (full 3):
 PSYoungGen      total 11776K, used 11024K [0x00000000d5580000, 0x00000000d6480000, 0x0000000100000000)
  eden space 10240K, 100% used [0x00000000d5580000,0x00000000d5f80000,0x00000000d5f80000)
  from space 1536K, 51% used [0x00000000d6180000,0x00000000d6244030,0x00000000d6300000)
  to   space 1024K, 0% used [0x00000000d6380000,0x00000000d6380000,0x00000000d6480000)
 ParOldGen       total 112128K, used 111778K [0x0000000080000000, 0x0000000086d80000, 0x00000000d5580000)
  object space 112128K, 99% used [0x0000000080000000,0x0000000086d28890,0x0000000086d80000)
 Metaspace       used 67808K, committed 69376K, reserved 1114112K
  class space    used 7260K, committed 7936K, reserved 1048576K
}
Event: 53.144 GC heap after
{Heap after GC invocations=179 (full 3):
 PSYoungGen      total 10752K, used 224K [0x00000000d5580000, 0x00000000d6400000, 0x0000000100000000)
  eden space 10240K, 0% used [0x00000000d5580000,0x00000000d5580000,0x00000000d5f80000)
  from space 512K, 43% used [0x00000000d6380000,0x00000000d63b8000,0x00000000d6400000)
  to   space 512K, 0% used [0x00000000d6300000,0x00000000d6300000,0x00000000d6380000)
 ParOldGen       total 112640K, used 112138K [0x0000000080000000, 0x0000000086e00000, 0x00000000d5580000)
  object space 112640K, 99% used [0x0000000080000000,0x0000000086d828b0,0x0000000086e00000)
 Metaspace       used 67808K, committed 69376K, reserved 1114112K
  class space    used 7260K, committed 7936K, reserved 1048576K
}

