# JRE version: OpenJDK Runtime Environment Temurin-21.0.9+10 (21.0.9+10) (build 21.0.9+10-LTS)
# Java VM: OpenJDK 64-Bit Server VM Temurin-21.0.9+10 (21.0.9+10-LTS, mixed mode, sharing, tiered, compressed oops, compressed class ptrs, parallel gc, windows-amd64)
GC Precious Log:
 CardTable entry size: 512
 CPUs: 12 total, 12 available
 Memory: 7863M
 Large Page Support: Disabled
 NUMA Support: Disabled
 Compressed Oops: Enabled (32-bit)
 Alignments: Space 512K, Generation 512K, Heap 2M
 Heap Min Capacity: 100M
 Heap Initial Capacity: 100M
 Heap Max Capacity: 2G
 Pre-touch: Disabled
 Parallel Workers: 10
Heap:
 PSYoungGen      total 15360K, used 11270K [0x00000000d5580000, 0x00000000d6880000, 0x0000000100000000)
  eden space 14336K, 71% used [0x00000000d5580000,0x00000000d5f893b8,0x00000000d6380000)
  from space 1024K, 97% used [0x00000000d6580000,0x00000000d6678820,0x00000000d6680000)
  to   space 2048K, 0% used [0x00000000d6380000,0x00000000d6380000,0x00000000d6580000)
 ParOldGen       total 98816K, used 98591K [0x0000000080000000, 0x0000000086080000, 0x00000000d5580000)
  object space 98816K, 99% used [0x0000000080000000,0x0000000086047d38,0x0000000086080000)
 Metaspace       used 69690K, committed 71168K, reserved 1114112K
  class space    used 7383K, committed 8064K, reserved 1048576K
GC Heap History (20 events):
Event: 93.262 GC heap before
{Heap before GC invocations=110 (full 3):
 PSYoungGen      total 17408K, used 17040K [0x00000000d5580000, 0x00000000d6780000, 0x0000000100000000)
  eden space 16384K, 100% used [0x00000000d5580000,0x00000000d6580000,0x00000000d6580000)
  from space 1024K, 64% used [0x00000000d6680000,0x00000000d6724210,0x00000000d6780000)
  to   space 1024K, 0% used [0x00000000d6580000,0x00000000d6580000,0x00000000d6680000)
 ParOldGen       total 90112K, used 89739K [0x0000000080000000, 0x0000000085800000, 0x00000000d5580000)
  object space 90112K, 99% used [0x0000000080000000,0x00000000857a2fe8,0x0000000085800000)
 Metaspace       used 65503K, committed 67008K, reserved 1114112K
  class space    used 6985K, committed 7616K, reserved 1048576K
}
Event: 93.268 GC heap after
{Heap after GC invocations=110 (full 3):
 PSYoungGen      total 17408K, used 480K [0x00000000d5580000, 0x00000000d6780000, 0x0000000100000000)
  eden space 16384K, 0% used [0x00000000d5580000,0x00000000d5580000,0x00000000d6580000)
  from space 1024K, 46% used [0x00000000d6580000,0x00000000d65f8000,0x00000000d6680000)
  to   space 1024K, 0% used [0x00000000d6680000,0x00000000d6680000,0x00000000d6780000)
 ParOldGen       total 90112K, used 90075K [0x0000000080000000, 0x0000000085800000, 0x00000000d5580000)
  object space 90112K, 99% used [0x0000000080000000,0x00000000857f6f18,0x0000000085800000)
 Metaspace       used 65503K, committed 67008K, reserved 1114112K
  class space    used 6985K, committed 7616K, reserved 1048576K
}
Event: 93.304 GC heap before
{Heap before GC invocations=111 (full 3):
 PSYoungGen      total 17408K, used 16864K [0x00000000d5580000, 0x00000000d6780000, 0x0000000100000000)
  eden space 16384K, 100% used [0x00000000d5580000,0x00000000d6580000,0x00000000d6580000)
  from space 1024K, 46% used [0x00000000d6580000,0x00000000d65f8000,0x00000000d6680000)
  to   space 1024K, 0% used [0x00000000d6680000,0x00000000d6680000,0x00000000d6780000)
 ParOldGen       total 90112K, used 90079K [0x0000000080000000, 0x0000000085800000, 0x00000000d5580000)
  object space 90112K, 99% used [0x0000000080000000,0x00000000857f7c28,0x0000000085800000)
 Metaspace       used 65503K, committed 67008K, reserved 1114112K
  class space    used 6985K, committed 7616K, reserved 1048576K
}
Event: 93.307 GC heap after
{Heap after GC invocations=111 (full 3):
 PSYoungGen      total 16896K, used 431K [0x00000000d5580000, 0x00000000d6700000, 0x0000000100000000)
  eden space 16384K, 0% used [0x00000000d5580000,0x00000000d5580000,0x00000000d6580000)
  from space 512K, 84% used [0x00000000d6680000,0x00000000d66ebf80,0x00000000d6700000)
  to   space 512K, 0% used [0x00000000d6600000,0x00000000d6600000,0x00000000d6680000)
 ParOldGen       total 90624K, used 90270K [0x0000000080000000, 0x0000000085880000, 0x00000000d5580000)
  object space 90624K, 99% used [0x0000000080000000,0x00000000858278d8,0x0000000085880000)
 Metaspace       used 65503K, committed 67008K, reserved 1114112K
  class space    used 6985K, committed 7616K, reserved 1048576K
}
Event: 93.426 GC heap before
{Heap before GC invocations=112 (full 3):
 PSYoungGen      total 16896K, used 16815K [0x00000000d5580000, 0x00000000d6700000, 0x0000000100000000)
  eden space 16384K, 100% used [0x00000000d5580000,0x00000000d6580000,0x00000000d6580000)
  from space 512K, 84% used [0x00000000d6680000,0x00000000d66ebf80,0x00000000d6700000)
  to   space 512K, 0% used [0x00000000d6600000,0x00000000d6600000,0x00000000d6680000)
 ParOldGen       total 90624K, used 90272K [0x0000000080000000, 0x0000000085880000, 0x00000000d5580000)
  object space 90624K, 99% used [0x0000000080000000,0x00000000858280a8,0x0000000085880000)
 Metaspace       used 65503K, committed 67008K, reserved 1114112K
  class space    used 6985K, committed 7616K, reserved 1048576K
}
Event: 93.429 GC heap after
{Heap after GC invocations=112 (full 3):
 PSYoungGen      total 16896K, used 452K [0x00000000d5580000, 0x00000000d6700000, 0x0000000100000000)
  eden space 16384K, 0% used [0x00000000d5580000,0x00000000d5580000,0x00000000d6580000)
  from space 512K, 88% used [0x00000000d6600000,0x00000000d6671210,0x00000000d6680000)
  to   space 512K, 0% used [0x00000000d6680000,0x00000000d6680000,0x00000000d6700000)
 ParOldGen       total 90624K, used 90472K [0x0000000080000000, 0x0000000085880000, 0x00000000d5580000)
  object space 90624K, 99% used [0x0000000080000000,0x000000008585a018,0x0000000085880000)
 Metaspace       used 65503K, committed 67008K, reserved 1114112K
  class space    used 6985K, committed 7616K, reserved 1048576K
}
Event: 94.288 GC heap before
{Heap before GC invocations=113 (full 3):
 PSYoungGen      total 16896K, used 16836K [0x00000000d5580000, 0x00000000d6700000, 0x0000000100000000)
  eden space 16384K, 100% used [0x00000000d5580000,0x00000000d6580000,0x00000000d6580000)
  from space 512K, 88% used [0x00000000d6600000,0x00000000d6671210,0x00000000d6680000)
  to   space 512K, 0% used [0x00000000d6680000,0x00000000d6680000,0x00000000d6700000)
 ParOldGen       total 90624K, used 90472K [0x0000000080000000, 0x0000000085880000, 0x00000000d5580000)
  object space 90624K, 99% used [0x0000000080000000,0x000000008585a018,0x0000000085880000)
 Metaspace       used 66029K, committed 67520K, reserved 1114112K
  class space    used 7030K, committed 7680K, reserved 1048576K
}
Event: 94.295 GC heap after
{Heap after GC invocations=113 (full 3):
 PSYoungGen      total 15872K, used 489K [0x00000000d5580000, 0x00000000d6980000, 0x0000000100000000)
  eden space 15360K, 0% used [0x00000000d5580000,0x00000000d5580000,0x00000000d6480000)
  from space 512K, 95% used [0x00000000d6680000,0x00000000d66fa400,0x00000000d6700000)
  to   space 2048K, 0% used [0x00000000d6480000,0x00000000d6480000,0x00000000d6680000)
 ParOldGen       total 91648K, used 91627K [0x0000000080000000, 0x0000000085980000, 0x00000000d5580000)
  object space 91648K, 99% used [0x0000000080000000,0x000000008597ae88,0x0000000085980000)
 Metaspace       used 66029K, committed 67520K, reserved 1114112K
  class space    used 7030K, committed 7680K, reserved 1048576K
}
Event: 95.048 GC heap before
{Heap before GC invocations=114 (full 3):
 PSYoungGen      total 15872K, used 15849K [0x00000000d5580000, 0x00000000d6980000, 0x0000000100000000)
  eden space 15360K, 100% used [0x00000000d5580000,0x00000000d6480000,0x00000000d6480000)
  from space 512K, 95% used [0x00000000d6680000,0x00000000d66fa400,0x00000000d6700000)
  to   space 2048K, 0% used [0x00000000d6480000,0x00000000d6480000,0x00000000d6680000)
 ParOldGen       total 91648K, used 91627K [0x0000000080000000, 0x0000000085980000, 0x00000000d5580000)
  object space 91648K, 99% used [0x0000000080000000,0x000000008597ae88,0x0000000085980000)
 Metaspace       used 66163K, committed 67648K, reserved 1114112K
  class space    used 7050K, committed 7680K, reserved 1048576K
}
Event: 95.054 GC heap after
{Heap after GC invocations=114 (full 3):
 PSYoungGen      total 16384K, used 960K [0x00000000d5580000, 0x00000000d6780000, 0x0000000100000000)
  eden space 15360K, 0% used [0x00000000d5580000,0x00000000d5580000,0x00000000d6480000)
  from space 1024K, 93% used [0x00000000d6480000,0x00000000d6570010,0x00000000d6580000)
  to   space 1536K, 0% used [0x00000000d6600000,0x00000000d6600000,0x00000000d6780000)
 ParOldGen       total 92160K, used 92106K [0x0000000080000000, 0x0000000085a00000, 0x00000000d5580000)
  object space 92160K, 99% used [0x0000000080000000,0x00000000859f2988,0x0000000085a00000)
 Metaspace       used 66163K, committed 67648K, reserved 1114112K
  class space    used 7050K, committed 7680K, reserved 1048576K
}
Event: 96.560 GC heap before
{Heap before GC invocations=115 (full 3):
 PSYoungGen      total 16384K, used 16320K [0x00000000d5580000, 0x00000000d6780000, 0x0000000100000000)
  eden space 15360K, 100% used [0x00000000d5580000,0x00000000d6480000,0x00000000d6480000)
  from space 1024K, 93% used [0x00000000d6480000,0x00000000d6570010,0x00000000d6580000)
  to   space 1536K, 0% used [0x00000000d6600000,0x00000000d6600000,0x00000000d6780000)
 ParOldGen       total 92160K, used 92106K [0x0000000080000000, 0x0000000085a00000, 0x00000000d5580000)
  object space 92160K, 99% used [0x0000000080000000,0x00000000859f2988,0x0000000085a00000)
 Metaspace       used 66765K, committed 68224K, reserved 1114112K
  class space    used 7131K, committed 7744K, reserved 1048576K
}
Event: 96.567 GC heap after
{Heap after GC invocations=115 (full 3):
 PSYoungGen      total 16896K, used 1390K [0x00000000d5580000, 0x00000000d6780000, 0x0000000100000000)
  eden space 15360K, 0% used [0x00000000d5580000,0x00000000d5580000,0x00000000d6480000)
  from space 1536K, 90% used [0x00000000d6600000,0x00000000d675ba40,0x00000000d6780000)
  to   space 1536K, 0% used [0x00000000d6480000,0x00000000d6480000,0x00000000d6600000)
 ParOldGen       total 93184K, used 92914K [0x0000000080000000, 0x0000000085b00000, 0x00000000d5580000)
  object space 93184K, 99% used [0x0000000080000000,0x0000000085abc998,0x0000000085b00000)
 Metaspace       used 66765K, committed 68224K, reserved 1114112K
  class space    used 7131K, committed 7744K, reserved 1048576K
}
Event: 97.587 GC heap before
{Heap before GC invocations=116 (full 3):
 PSYoungGen      total 16896K, used 16750K [0x00000000d5580000, 0x00000000d6780000, 0x0000000100000000)
  eden space 15360K, 100% used [0x00000000d5580000,0x00000000d6480000,0x00000000d6480000)
  from space 1536K, 90% used [0x00000000d6600000,0x00000000d675ba40,0x00000000d6780000)
  to   space 1536K, 0% used [0x00000000d6480000,0x00000000d6480000,0x00000000d6600000)
 ParOldGen       total 93184K, used 92914K [0x0000000080000000, 0x0000000085b00000, 0x00000000d5580000)
  object space 93184K, 99% used [0x0000000080000000,0x0000000085abc998,0x0000000085b00000)
 Metaspace       used 67601K, committed 69120K, reserved 1114112K
  class space    used 7200K, committed 7872K, reserved 1048576K
}
Event: 97.595 GC heap after
{Heap after GC invocations=116 (full 3):
 PSYoungGen      total 16896K, used 1461K [0x00000000d5580000, 0x00000000d6780000, 0x0000000100000000)
  eden space 15360K, 0% used [0x00000000d5580000,0x00000000d5580000,0x00000000d6480000)
  from space 1536K, 95% used [0x00000000d6480000,0x00000000d65ed418,0x00000000d6600000)
  to   space 1536K, 0% used [0x00000000d6600000,0x00000000d6600000,0x00000000d6780000)
 ParOldGen       total 94208K, used 94176K [0x0000000080000000, 0x0000000085c00000, 0x00000000d5580000)
  object space 94208K, 99% used [0x0000000080000000,0x0000000085bf83d8,0x0000000085c00000)
 Metaspace       used 67601K, committed 69120K, reserved 1114112K
  class space    used 7200K, committed 7872K, reserved 1048576K
}
Event: 98.456 GC heap before
{Heap before GC invocations=117 (full 3):
 PSYoungGen      total 16896K, used 16821K [0x00000000d5580000, 0x00000000d6780000, 0x0000000100000000)
  eden space 15360K, 100% used [0x00000000d5580000,0x00000000d6480000,0x00000000d6480000)
  from space 1536K, 95% used [0x00000000d6480000,0x00000000d65ed418,0x00000000d6600000)
  to   space 1536K, 0% used [0x00000000d6600000,0x00000000d6600000,0x00000000d6780000)
 ParOldGen       total 94208K, used 94176K [0x0000000080000000, 0x0000000085c00000, 0x00000000d5580000)
  object space 94208K, 99% used [0x0000000080000000,0x0000000085bf83d8,0x0000000085c00000)
 Metaspace       used 68090K, committed 69632K, reserved 1114112K
  class space    used 7262K, committed 7936K, reserved 1048576K
}
Event: 98.461 GC heap after
{Heap after GC invocations=117 (full 3):
 PSYoungGen      total 16896K, used 958K [0x00000000d5580000, 0x00000000d6780000, 0x0000000100000000)
  eden space 15360K, 0% used [0x00000000d5580000,0x00000000d5580000,0x00000000d6480000)
  from space 1536K, 62% used [0x00000000d6600000,0x00000000d66efad0,0x00000000d6780000)
  to   space 1536K, 0% used [0x00000000d6480000,0x00000000d6480000,0x00000000d6600000)
 ParOldGen       total 95744K, used 95568K [0x0000000080000000, 0x0000000085d80000, 0x00000000d5580000)
  object space 95744K, 99% used [0x0000000080000000,0x0000000085d54328,0x0000000085d80000)
 Metaspace       used 68090K, committed 69632K, reserved 1114112K
  class space    used 7262K, committed 7936K, reserved 1048576K
}
Event: 99.544 GC heap before
{Heap before GC invocations=118 (full 3):
 PSYoungGen      total 16896K, used 16305K [0x00000000d5580000, 0x00000000d6780000, 0x0000000100000000)
  eden space 15360K, 99% used [0x00000000d5580000,0x00000000d647c9e0,0x00000000d6480000)
  from space 1536K, 62% used [0x00000000d6600000,0x00000000d66efad0,0x00000000d6780000)
  to   space 1536K, 0% used [0x00000000d6480000,0x00000000d6480000,0x00000000d6600000)
 ParOldGen       total 95744K, used 95568K [0x0000000080000000, 0x0000000085d80000, 0x00000000d5580000)
  object space 95744K, 99% used [0x0000000080000000,0x0000000085d54328,0x0000000085d80000)
 Metaspace       used 68896K, committed 70400K, reserved 1114112K
  class space    used 7330K, committed 8000K, reserved 1048576K
}
Event: 99.549 GC heap after
{Heap after GC invocations=118 (full 3):
 PSYoungGen      total 16384K, used 763K [0x00000000d5580000, 0x00000000d6680000, 0x0000000100000000)
  eden space 15360K, 0% used [0x00000000d5580000,0x00000000d5580000,0x00000000d6480000)
  from space 1024K, 74% used [0x00000000d6480000,0x00000000d653ee18,0x00000000d6580000)
  to   space 1024K, 0% used [0x00000000d6580000,0x00000000d6580000,0x00000000d6680000)
 ParOldGen       total 98304K, used 98161K [0x0000000080000000, 0x0000000086000000, 0x00000000d5580000)
  object space 98304K, 99% used [0x0000000080000000,0x0000000085fdc608,0x0000000086000000)
 Metaspace       used 68896K, committed 70400K, reserved 1114112K
  class space    used 7330K, committed 8000K, reserved 1048576K
}
Event: 116.387 GC heap before
{Heap before GC invocations=119 (full 3):
 PSYoungGen      total 16384K, used 16111K [0x00000000d5580000, 0x00000000d6680000, 0x0000000100000000)
  eden space 15360K, 99% used [0x00000000d5580000,0x00000000d647ce60,0x00000000d6480000)
  from space 1024K, 74% used [0x00000000d6480000,0x00000000d653ee18,0x00000000d6580000)
  to   space 1024K, 0% used [0x00000000d6580000,0x00000000d6580000,0x00000000d6680000)
 ParOldGen       total 98304K, used 98161K [0x0000000080000000, 0x0000000086000000, 0x00000000d5580000)
  object space 98304K, 99% used [0x0000000080000000,0x0000000085fdc608,0x0000000086000000)
 Metaspace       used 69343K, committed 70784K, reserved 1114112K
  class space    used 7371K, committed 8000K, reserved 1048576K
}
Event: 116.394 GC heap after
{Heap after GC invocations=119 (full 3):
 PSYoungGen      total 15360K, used 994K [0x00000000d5580000, 0x00000000d6880000, 0x0000000100000000)
  eden space 14336K, 0% used [0x00000000d5580000,0x00000000d5580000,0x00000000d6380000)
  from space 1024K, 97% used [0x00000000d6580000,0x00000000d6678820,0x00000000d6680000)
  to   space 2048K, 0% used [0x00000000d6380000,0x00000000d6380000,0x00000000d6580000)
 ParOldGen       total 98816K, used 98591K [0x0000000080000000, 0x0000000086080000, 0x00000000d5580000)
  object space 98816K, 99% used [0x0000000080000000,0x0000000086047d38,0x0000000086080000)
 Metaspace       used 69343K, committed 70784K, reserved 1114112K
  class space    used 7371K, committed 8000K, reserved 1048576K
}

