# JRE version: OpenJDK Runtime Environment Temurin-21.0.9+10 (21.0.9+10) (build 21.0.9+10-LTS)
# Java VM: OpenJDK 64-Bit Server VM Temurin-21.0.9+10 (21.0.9+10-LTS, mixed mode, sharing, tiered, compressed oops, compressed class ptrs, parallel gc, windows-amd64)
GC Precious Log:
 CardTable entry size: 512
 CPUs: 12 total, 12 available
 Memory: 7863M
 Large Page Support: Disabled
 NUMA Support: Disabled
 Compressed Oops: Enabled (32-bit)
 Alignments: Space 512K, Generation 512K, Heap 2M
 Heap Min Capacity: 100M
 Heap Initial Capacity: 100M
 Heap Max Capacity: 2G
 Pre-touch: Disabled
 Parallel Workers: 10
Heap:
 PSYoungGen      total 16896K, used 4768K [0x00000000d5580000, 0x00000000d6a00000, 0x0000000100000000)
  eden space 15872K, 26% used [0x00000000d5580000,0x00000000d5998008,0x00000000d6500000)
  from space 1024K, 56% used [0x00000000d6900000,0x00000000d6990000,0x00000000d6a00000)
  to   space 1536K, 0% used [0x00000000d6700000,0x00000000d6700000,0x00000000d6880000)
 ParOldGen       total 97792K, used 97334K [0x0000000080000000, 0x0000000085f80000, 0x00000000d5580000)
  object space 97792K, 99% used [0x0000000080000000,0x0000000085f0dae0,0x0000000085f80000)
 Metaspace       used 64720K, committed 66240K, reserved 1114112K
  class space    used 6871K, committed 7552K, reserved 1048576K
GC Heap History (20 events):
Event: 28.957 GC heap before
{Heap before GC invocations=106 (full 3):
 PSYoungGen      total 17920K, used 17917K [0x00000000d5580000, 0x00000000d6f80000, 0x0000000100000000)
  eden space 15872K, 100% used [0x00000000d5580000,0x00000000d6500000,0x00000000d6500000)
  from space 2048K, 99% used [0x00000000d6980000,0x00000000d6b7f7e8,0x00000000d6b80000)
  to   space 4608K, 0% used [0x00000000d6500000,0x00000000d6500000,0x00000000d6980000)
 ParOldGen       total 90112K, used 90012K [0x0000000080000000, 0x0000000085800000, 0x00000000d5580000)
  object space 90112K, 99% used [0x0000000080000000,0x00000000857e7078,0x0000000085800000)
 Metaspace       used 63043K, committed 64640K, reserved 1114112K
  class space    used 6770K, committed 7488K, reserved 1048576K
}
Event: 28.961 GC heap after
{Heap after GC invocations=106 (full 3):
 PSYoungGen      total 17920K, used 1739K [0x00000000d5580000, 0x00000000d6a00000, 0x0000000100000000)
  eden space 15872K, 0% used [0x00000000d5580000,0x00000000d5580000,0x00000000d6500000)
  from space 2048K, 84% used [0x00000000d6500000,0x00000000d66b2d48,0x00000000d6700000)
  to   space 2560K, 0% used [0x00000000d6780000,0x00000000d6780000,0x00000000d6a00000)
 ParOldGen       total 90624K, used 90298K [0x0000000080000000, 0x0000000085880000, 0x00000000d5580000)
  object space 90624K, 99% used [0x0000000080000000,0x000000008582eaa0,0x0000000085880000)
 Metaspace       used 63043K, committed 64640K, reserved 1114112K
  class space    used 6770K, committed 7488K, reserved 1048576K
}
Event: 29.067 GC heap before
{Heap before GC invocations=107 (full 3):
 PSYoungGen      total 17920K, used 17611K [0x00000000d5580000, 0x00000000d6a00000, 0x0000000100000000)
  eden space 15872K, 100% used [0x00000000d5580000,0x00000000d6500000,0x00000000d6500000)
  from space 2048K, 84% used [0x00000000d6500000,0x00000000d66b2d48,0x00000000d6700000)
  to   space 2560K, 0% used [0x00000000d6780000,0x00000000d6780000,0x00000000d6a00000)
 ParOldGen       total 90624K, used 90298K [0x0000000080000000, 0x0000000085880000, 0x00000000d5580000)
  object space 90624K, 99% used [0x0000000080000000,0x000000008582eaa0,0x0000000085880000)
 Metaspace       used 63125K, committed 64768K, reserved 1114112K
  class space    used 6771K, committed 7488K, reserved 1048576K
}
Event: 29.071 GC heap after
{Heap after GC invocations=107 (full 3):
 PSYoungGen      total 16896K, used 992K [0x00000000d5580000, 0x00000000d6880000, 0x0000000100000000)
  eden space 15872K, 0% used [0x00000000d5580000,0x00000000d5580000,0x00000000d6500000)
  from space 1024K, 96% used [0x00000000d6780000,0x00000000d6878000,0x00000000d6880000)
  to   space 1536K, 0% used [0x00000000d6580000,0x00000000d6580000,0x00000000d6700000)
 ParOldGen       total 91648K, used 91293K [0x0000000080000000, 0x0000000085980000, 0x00000000d5580000)
  object space 91648K, 99% used [0x0000000080000000,0x0000000085927680,0x0000000085980000)
 Metaspace       used 63125K, committed 64768K, reserved 1114112K
  class space    used 6771K, committed 7488K, reserved 1048576K
}
Event: 29.173 GC heap before
{Heap before GC invocations=108 (full 3):
 PSYoungGen      total 16896K, used 16864K [0x00000000d5580000, 0x00000000d6880000, 0x0000000100000000)
  eden space 15872K, 100% used [0x00000000d5580000,0x00000000d6500000,0x00000000d6500000)
  from space 1024K, 96% used [0x00000000d6780000,0x00000000d6878000,0x00000000d6880000)
  to   space 1536K, 0% used [0x00000000d6580000,0x00000000d6580000,0x00000000d6700000)
 ParOldGen       total 91648K, used 91293K [0x0000000080000000, 0x0000000085980000, 0x00000000d5580000)
  object space 91648K, 99% used [0x0000000080000000,0x0000000085927680,0x0000000085980000)
 Metaspace       used 63210K, committed 64896K, reserved 1114112K
  class space    used 6772K, committed 7488K, reserved 1048576K
}
Event: 29.177 GC heap after
{Heap after GC invocations=108 (full 3):
 PSYoungGen      total 17408K, used 1408K [0x00000000d5580000, 0x00000000d6800000, 0x0000000100000000)
  eden space 15872K, 0% used [0x00000000d5580000,0x00000000d5580000,0x00000000d6500000)
  from space 1536K, 91% used [0x00000000d6580000,0x00000000d66e0000,0x00000000d6700000)
  to   space 1024K, 0% used [0x00000000d6700000,0x00000000d6700000,0x00000000d6800000)
 ParOldGen       total 92160K, used 91957K [0x0000000080000000, 0x0000000085a00000, 0x00000000d5580000)
  object space 92160K, 99% used [0x0000000080000000,0x00000000859cd680,0x0000000085a00000)
 Metaspace       used 63210K, committed 64896K, reserved 1114112K
  class space    used 6772K, committed 7488K, reserved 1048576K
}
Event: 29.360 GC heap before
{Heap before GC invocations=109 (full 3):
 PSYoungGen      total 17408K, used 17280K [0x00000000d5580000, 0x00000000d6800000, 0x0000000100000000)
  eden space 15872K, 100% used [0x00000000d5580000,0x00000000d6500000,0x00000000d6500000)
  from space 1536K, 91% used [0x00000000d6580000,0x00000000d66e0000,0x00000000d6700000)
  to   space 1024K, 0% used [0x00000000d6700000,0x00000000d6700000,0x00000000d6800000)
 ParOldGen       total 92160K, used 91957K [0x0000000080000000, 0x0000000085a00000, 0x00000000d5580000)
  object space 92160K, 99% used [0x0000000080000000,0x00000000859cd680,0x0000000085a00000)
 Metaspace       used 63320K, committed 64960K, reserved 1114112K
  class space    used 6773K, committed 7488K, reserved 1048576K
}
Event: 29.364 GC heap after
{Heap after GC invocations=109 (full 3):
 PSYoungGen      total 16896K, used 1024K [0x00000000d5580000, 0x00000000d6900000, 0x0000000100000000)
  eden space 15872K, 0% used [0x00000000d5580000,0x00000000d5580000,0x00000000d6500000)
  from space 1024K, 100% used [0x00000000d6700000,0x00000000d6800000,0x00000000d6800000)
  to   space 2048K, 0% used [0x00000000d6500000,0x00000000d6500000,0x00000000d6700000)
 ParOldGen       total 93184K, used 92701K [0x0000000080000000, 0x0000000085b00000, 0x00000000d5580000)
  object space 93184K, 99% used [0x0000000080000000,0x0000000085a87680,0x0000000085b00000)
 Metaspace       used 63320K, committed 64960K, reserved 1114112K
  class space    used 6773K, committed 7488K, reserved 1048576K
}
Event: 30.399 GC heap before
{Heap before GC invocations=110 (full 3):
 PSYoungGen      total 16896K, used 16826K [0x00000000d5580000, 0x00000000d6900000, 0x0000000100000000)
  eden space 15872K, 99% used [0x00000000d5580000,0x00000000d64eeb40,0x00000000d6500000)
  from space 1024K, 100% used [0x00000000d6700000,0x00000000d6800000,0x00000000d6800000)
  to   space 2048K, 0% used [0x00000000d6500000,0x00000000d6500000,0x00000000d6700000)
 ParOldGen       total 93184K, used 92701K [0x0000000080000000, 0x0000000085b00000, 0x00000000d5580000)
  object space 93184K, 99% used [0x0000000080000000,0x0000000085a87680,0x0000000085b00000)
 Metaspace       used 63781K, committed 65408K, reserved 1114112K
  class space    used 6812K, committed 7488K, reserved 1048576K
}
Event: 30.401 GC heap after
{Heap after GC invocations=110 (full 3):
 PSYoungGen      total 16896K, used 736K [0x00000000d5580000, 0x00000000d6800000, 0x0000000100000000)
  eden space 15872K, 0% used [0x00000000d5580000,0x00000000d5580000,0x00000000d6500000)
  from space 1024K, 71% used [0x00000000d6500000,0x00000000d65b8020,0x00000000d6600000)
  to   space 1536K, 0% used [0x00000000d6680000,0x00000000d6680000,0x00000000d6800000)
 ParOldGen       total 93696K, used 93581K [0x0000000080000000, 0x0000000085b80000, 0x00000000d5580000)
  object space 93696K, 99% used [0x0000000080000000,0x0000000085b63680,0x0000000085b80000)
 Metaspace       used 63781K, committed 65408K, reserved 1114112K
  class space    used 6812K, committed 7488K, reserved 1048576K
}
Event: 31.216 GC heap before
{Heap before GC invocations=111 (full 3):
 PSYoungGen      total 16896K, used 16604K [0x00000000d5580000, 0x00000000d6800000, 0x0000000100000000)
  eden space 15872K, 99% used [0x00000000d5580000,0x00000000d64ff1d8,0x00000000d6500000)
  from space 1024K, 71% used [0x00000000d6500000,0x00000000d65b8020,0x00000000d6600000)
  to   space 1536K, 0% used [0x00000000d6680000,0x00000000d6680000,0x00000000d6800000)
 ParOldGen       total 93696K, used 93581K [0x0000000080000000, 0x0000000085b80000, 0x00000000d5580000)
  object space 93696K, 99% used [0x0000000080000000,0x0000000085b63680,0x0000000085b80000)
 Metaspace       used 63878K, committed 65472K, reserved 1114112K
  class space    used 6816K, committed 7488K, reserved 1048576K
}
Event: 31.219 GC heap after
{Heap after GC invocations=111 (full 3):
 PSYoungGen      total 16896K, used 664K [0x00000000d5580000, 0x00000000d6780000, 0x0000000100000000)
  eden space 15872K, 0% used [0x00000000d5580000,0x00000000d5580000,0x00000000d6500000)
  from space 1024K, 64% used [0x00000000d6680000,0x00000000d6726350,0x00000000d6780000)
  to   space 1024K, 0% used [0x00000000d6500000,0x00000000d6500000,0x00000000d6600000)
 ParOldGen       total 94208K, used 93973K [0x0000000080000000, 0x0000000085c00000, 0x00000000d5580000)
  object space 94208K, 99% used [0x0000000080000000,0x0000000085bc56a0,0x0000000085c00000)
 Metaspace       used 63878K, committed 65472K, reserved 1114112K
  class space    used 6816K, committed 7488K, reserved 1048576K
}
Event: 31.351 GC heap before
{Heap before GC invocations=112 (full 3):
 PSYoungGen      total 16896K, used 16536K [0x00000000d5580000, 0x00000000d6780000, 0x0000000100000000)
  eden space 15872K, 100% used [0x00000000d5580000,0x00000000d6500000,0x00000000d6500000)
  from space 1024K, 64% used [0x00000000d6680000,0x00000000d6726350,0x00000000d6780000)
  to   space 1024K, 0% used [0x00000000d6500000,0x00000000d6500000,0x00000000d6600000)
 ParOldGen       total 94208K, used 93973K [0x0000000080000000, 0x0000000085c00000, 0x00000000d5580000)
  object space 94208K, 99% used [0x0000000080000000,0x0000000085bc56a0,0x0000000085c00000)
 Metaspace       used 63894K, committed 65472K, reserved 1114112K
  class space    used 6816K, committed 7488K, reserved 1048576K
}
Event: 31.353 GC heap after
{Heap after GC invocations=112 (full 3):
 PSYoungGen      total 16896K, used 1000K [0x00000000d5580000, 0x00000000d6a00000, 0x0000000100000000)
  eden space 15872K, 0% used [0x00000000d5580000,0x00000000d5580000,0x00000000d6500000)
  from space 1024K, 97% used [0x00000000d6500000,0x00000000d65fa1b0,0x00000000d6600000)
  to   space 2560K, 0% used [0x00000000d6780000,0x00000000d6780000,0x00000000d6a00000)
 ParOldGen       total 95232K, used 94870K [0x0000000080000000, 0x0000000085d00000, 0x00000000d5580000)
  object space 95232K, 99% used [0x0000000080000000,0x0000000085ca5ac0,0x0000000085d00000)
 Metaspace       used 63894K, committed 65472K, reserved 1114112K
  class space    used 6816K, committed 7488K, reserved 1048576K
}
Event: 32.305 GC heap before
{Heap before GC invocations=113 (full 3):
 PSYoungGen      total 16896K, used 16872K [0x00000000d5580000, 0x00000000d6a00000, 0x0000000100000000)
  eden space 15872K, 100% used [0x00000000d5580000,0x00000000d6500000,0x00000000d6500000)
  from space 1024K, 97% used [0x00000000d6500000,0x00000000d65fa1b0,0x00000000d6600000)
  to   space 2560K, 0% used [0x00000000d6780000,0x00000000d6780000,0x00000000d6a00000)
 ParOldGen       total 95232K, used 94870K [0x0000000080000000, 0x0000000085d00000, 0x00000000d5580000)
  object space 95232K, 99% used [0x0000000080000000,0x0000000085ca5ac0,0x0000000085d00000)
 Metaspace       used 63947K, committed 65536K, reserved 1114112K
  class space    used 6818K, committed 7488K, reserved 1048576K
}
Event: 32.307 GC heap after
{Heap after GC invocations=113 (full 3):
 PSYoungGen      total 16384K, used 288K [0x00000000d5580000, 0x00000000d6800000, 0x0000000100000000)
  eden space 15872K, 0% used [0x00000000d5580000,0x00000000d5580000,0x00000000d6500000)
  from space 512K, 56% used [0x00000000d6780000,0x00000000d67c8000,0x00000000d6800000)
  to   space 1024K, 0% used [0x00000000d6600000,0x00000000d6600000,0x00000000d6700000)
 ParOldGen       total 95232K, used 94950K [0x0000000080000000, 0x0000000085d00000, 0x00000000d5580000)
  object space 95232K, 99% used [0x0000000080000000,0x0000000085cb9ac0,0x0000000085d00000)
 Metaspace       used 63947K, committed 65536K, reserved 1114112K
  class space    used 6818K, committed 7488K, reserved 1048576K
}
Event: 32.556 GC heap before
{Heap before GC invocations=114 (full 3):
 PSYoungGen      total 16384K, used 16154K [0x00000000d5580000, 0x00000000d6800000, 0x0000000100000000)
  eden space 15872K, 99% used [0x00000000d5580000,0x00000000d64fea10,0x00000000d6500000)
  from space 512K, 56% used [0x00000000d6780000,0x00000000d67c8000,0x00000000d6800000)
  to   space 1024K, 0% used [0x00000000d6600000,0x00000000d6600000,0x00000000d6700000)
 ParOldGen       total 95232K, used 94950K [0x0000000080000000, 0x0000000085d00000, 0x00000000d5580000)
  object space 95232K, 99% used [0x0000000080000000,0x0000000085cb9ac0,0x0000000085d00000)
 Metaspace       used 64119K, committed 65792K, reserved 1114112K
  class space    used 6833K, committed 7552K, reserved 1048576K
}
Event: 32.559 GC heap after
{Heap after GC invocations=114 (full 3):
 PSYoungGen      total 16896K, used 1000K [0x00000000d5580000, 0x00000000d6d00000, 0x0000000100000000)
  eden space 15872K, 0% used [0x00000000d5580000,0x00000000d5580000,0x00000000d6500000)
  from space 1024K, 97% used [0x00000000d6600000,0x00000000d66fa1e0,0x00000000d6700000)
  to   space 4096K, 0% used [0x00000000d6900000,0x00000000d6900000,0x00000000d6d00000)
 ParOldGen       total 97280K, used 97078K [0x0000000080000000, 0x0000000085f00000, 0x00000000d5580000)
  object space 97280K, 99% used [0x0000000080000000,0x0000000085ecdac0,0x0000000085f00000)
 Metaspace       used 64119K, committed 65792K, reserved 1114112K
  class space    used 6833K, committed 7552K, reserved 1048576K
}
Event: 34.443 GC heap before
{Heap before GC invocations=115 (full 3):
 PSYoungGen      total 16896K, used 16872K [0x00000000d5580000, 0x00000000d6d00000, 0x0000000100000000)
  eden space 15872K, 100% used [0x00000000d5580000,0x00000000d6500000,0x00000000d6500000)
  from space 1024K, 97% used [0x00000000d6600000,0x00000000d66fa1e0,0x00000000d6700000)
  to   space 4096K, 0% used [0x00000000d6900000,0x00000000d6900000,0x00000000d6d00000)
 ParOldGen       total 97280K, used 97078K [0x0000000080000000, 0x0000000085f00000, 0x00000000d5580000)
  object space 97280K, 99% used [0x0000000080000000,0x0000000085ecdac0,0x0000000085f00000)
 Metaspace       used 64517K, committed 66112K, reserved 1114112K
  class space    used 6866K, committed 7552K, reserved 1048576K
}
Event: 34.446 GC heap after
{Heap after GC invocations=115 (full 3):
 PSYoungGen      total 16896K, used 576K [0x00000000d5580000, 0x00000000d6a00000, 0x0000000100000000)
  eden space 15872K, 0% used [0x00000000d5580000,0x00000000d5580000,0x00000000d6500000)
  from space 1024K, 56% used [0x00000000d6900000,0x00000000d6990000,0x00000000d6a00000)
  to   space 1536K, 0% used [0x00000000d6700000,0x00000000d6700000,0x00000000d6880000)
 ParOldGen       total 97792K, used 97334K [0x0000000080000000, 0x0000000085f80000, 0x00000000d5580000)
  object space 97792K, 99% used [0x0000000080000000,0x0000000085f0dae0,0x0000000085f80000)
 Metaspace       used 64517K, committed 66112K, reserved 1114112K
  class space    used 6866K, committed 7552K, reserved 1048576K
}

